14129.141 16380.869
13219.123 14822.857
14473.683 16099.436
7658.247 10202.847
12501.716 15206.282
15262.733 18219.790
13172.746 15596.687
14024.705 16385.759
14784.174 16910.461
10356.860 15097.052
9130.646 13640.047
10356.860 13279.613
11401.131 13907.715
13113.373 16510.766
14974.621 17233.186
14234.606 18498.721
12491.452 17184.026
14871.864 18219.790
13716.908 17184.026
7852.780 10457.792
14197.740 16099.436
14974.621 17191.753
14545.737 16510.766
12663.190 14822.857
11405.005 15097.052
14225.026 16099.436
12287.859 15206.282
14473.683 16099.436
10356.860 13499.829
13172.746 15526.024
13970.766 16165.820
10356.860 15097.052
12287.859 15206.282
13306.089 16510.766
15163.744 19434.473
14667.892 17005.329
13946.502 16113.932
11820.304 14578.980
15155.147 19434.473
12354.852 14708.705
14533.006 16798.348
11896.131 15738.172
15583.935 17491.780
10356.860 13110.311
12287.859 14624.747
13172.746 15596.687
7484.567 9512.851
9130.646 13640.047
13312.100 16294.835
14473.683 16099.436
14784.174 16910.461
8424.618 10202.847
12287.859 15206.282
15155.147 18737.737
7658.247 10202.847
13172.746 15526.024
14024.705 16385.759
12354.852 14421.293
12354.852 14906.817
11898.459 14712.986
15262.733 18219.790
14234.606 16343.547
11785.022 15165.747
11820.304 15139.545
12354.852 16460.759
12287.859 15206.282
7852.780 12381.350
13609.904 16510.766
8424.618 10202.847
12287.859 15206.282
10356.860 13954.892
14784.174 16910.461
13306.089 15883.364
12339.763 15206.282
14784.174 16910.461
14974.621 17414.175
12285.933 15114.036
14234.606 16421.778
10356.860 13954.892
11248.840 13640.047
12518.552 17332.059
10356.860 15097.052
14234.606 18498.721
14915.967 19434.473
12299.684 17184.026
13219.123 14822.857
14444.671 17184.026
13970.766 16165.820
11793.481 16040.873
15155.147 18737.737
11785.022 14389.573
12172.867 15752.544
14974.621 16954.540
10356.860 15097.052
7658.247 10202.847
12354.852 14357.031
13876.579 16099.436
13946.502 16165.820
7893.590 10202.847
10356.860 15097.052
7475.380 9512.851
14024.705 16385.759
15155.147 18651.946
14473.683 16099.436
13970.766 16165.820
14924.463 17491.780
7484.567 9512.851
13172.746 14913.621
12517.105 14708.705
14176.951 17491.780
12354.852 14711.518
14974.621 17414.175
7852.780 10457.792
7475.380 9512.851
13609.904 16510.766
14667.892 18219.790
12361.619 15114.036
13741.046 17184.026
10356.860 13693.932
11840.060 15795.224
7852.780 10096.231
12734.182 15947.632
11820.304 15795.224
14667.892 18219.790
12491.452 17184.026
7852.780 12381.350
13221.943 17491.780
11820.304 14426.574
14030.582 17491.780
11820.304 15795.224
11820.304 15795.224
13970.766 16165.820
15060.930 17858.528
15155.147 18739.496
12361.619 15155.245
14353.914 16510.766
10386.396 15097.052
14667.892 18219.790
7658.247 10202.847
13946.502 15858.598
14809.778 18219.790
12517.105 14708.705
11586.972 15097.052
7658.247 10202.847
12585.826 17184.026
10356.860 15097.052
12287.859 15206.282
12477.499 17332.059
14290.451 17184.026
14667.892 17005.329
13314.097 16510.766
14473.683 16099.436
15893.335 17491.780
13970.766 16165.820
13172.746 15526.024
14234.606 17245.457
14667.892 18219.790
11820.304 15795.224
11538.550 14054.914
11881.918 16040.873
14024.705 16385.759
11820.304 14578.980
14915.967 19434.473
15155.147 19434.473
12815.373 15778.488
10356.860 13954.892
14835.641 17184.026
13749.599 18139.885
15262.733 18219.790
10356.860 13954.892
10356.860 14849.503
12354.852 14708.705
14784.174 17005.329
14024.705 16385.759
7852.780 10127.143
13300.340 16099.436
15290.628 17491.780
7852.780 10457.792
12361.619 15155.245
12287.859 15206.282
13946.502 16165.820
7484.567 9512.851
13306.089 16510.766
15290.628 17491.780
14667.892 17411.721
15259.084 17184.026
14473.683 16385.759
12354.852 16313.093
7677.782 10202.847
7475.380 9512.851
13172.746 15526.024
13946.502 16113.932
7852.780 10457.792
10356.860 15097.052
13172.746 15596.687
13172.746 14913.621
14974.621 16640.163
11751.937 14296.639
11785.022 14296.639
7852.780 11445.042
15024.562 17184.026
11405.005 15097.052
13946.502 16113.932
13303.195 16099.436
11820.304 14322.797
13172.746 15526.024
13113.373 16510.766
12361.619 15126.839
11820.304 14205.663
7484.567 9512.851
14974.621 17233.186
13749.599 18219.790
13306.089 15949.707
14974.621 17414.175
14667.892 18219.790
14015.627 17491.780
8121.473 12381.350
15583.935 17491.780
14667.892 18219.790
13172.746 14822.857
7658.247 10202.847
7677.782 10202.847
13609.904 16510.766
14369.900 17491.780
15034.836 18219.790
15050.264 17184.026
10356.860 13279.613
13970.766 16165.820
13219.123 14822.857
15215.733 18219.790
14234.606 18706.979
15155.147 19434.473
11820.304 14205.663
14784.174 16910.461
14050.110 16385.759
13970.766 16165.820
13946.502 16113.932
14915.967 19434.473
14048.770 18219.790
11820.304 15065.840
13113.373 15992.294
12287.859 14632.939
7852.780 11831.049
12354.852 14731.752
10356.860 15097.052
13609.904 16510.766
11820.304 15795.224
12501.716 15206.282
14024.705 16385.759
15262.733 18219.790
13219.123 14822.857
12361.619 15155.245
15472.297 17491.780
14024.705 16385.759
10356.860 13693.932
13946.502 16165.820
12287.859 15524.768
14974.621 16967.109
12899.724 15793.397
7852.780 10457.792
14234.606 17245.457
7658.247 10202.847
13172.746 14913.621
7658.247 10202.847
11672.474 14479.298
13172.746 15526.024
12354.852 14708.705
7852.780 10457.792
15290.628 17491.780
13970.766 16165.820
15262.733 18219.790
12450.944 16958.984
14784.174 16910.461
11793.481 15840.345
10356.860 13499.829
14234.606 19434.473
13221.943 17491.780
11248.840 13640.047
13946.502 15858.598
15290.628 17491.780
15155.147 19434.473
14784.174 17005.329
14667.892 18219.790
13172.746 15596.687
12822.411 17184.026
12933.519 15778.488
14473.683 16385.759
13946.502 16113.932
13172.746 15526.024
14915.967 19434.473
11820.304 15795.224
7852.780 10457.792
13113.373 16406.448
7852.780 11611.819
11820.304 14511.606
15280.530 17491.780
14225.026 16099.436
13172.746 16193.947
14974.621 17414.175
13306.089 16510.766
10356.860 13494.044
15155.147 19434.473
7852.780 12358.923
13946.502 16113.932
14784.174 17005.329
13306.089 16510.766
14234.606 18498.721
7852.780 12381.350
14784.174 16910.461
12517.105 14708.705
13578.410 17184.026
15155.147 19434.473
12354.852 14711.518
15155.147 18384.272
13172.746 15596.687
13172.746 15596.687
15262.733 18219.790
12354.852 15788.968
13862.546 18219.790
12895.683 17695.990
13172.746 15905.706
14667.892 18219.790
7852.780 10457.792
15034.836 18219.790
12991.131 14822.857
14234.606 17389.150
13946.502 16113.932
7658.247 10202.847
7484.567 9512.851
12585.826 17184.026
11820.304 15139.545
14974.621 17414.175
8547.309 13187.583
12354.852 14357.031
11820.304 15795.224
14667.892 18219.790
14024.705 16385.759
15034.836 18219.790
14024.705 16385.759
13219.123 14822.857
14234.606 17245.457
12354.852 16299.954
14473.683 16385.759
12361.512 14708.705
12287.859 16937.287
15259.084 17184.026
12287.859 14624.747
13970.766 16165.820
13172.746 15526.024
12287.859 15206.282
13172.746 15012.894
14667.892 18219.790
13306.089 16510.766
7852.780 11611.819
13125.236 14822.857
13970.766 16165.820
10356.860 15097.052
11881.918 16040.873
13853.219 16385.759
13172.746 15596.687
11820.304 14205.663
12287.859 15697.749
13219.123 14822.857
15290.628 17491.780
11820.304 15795.224
14974.621 17414.175
11586.972 15097.052
14784.174 17005.329
13172.746 15647.588
10356.860 13874.145
13219.123 14822.857
12863.757 15206.282
14974.621 17414.175
13946.502 16113.932
13113.373 16484.491
12354.852 14299.807
11820.304 14866.681
7475.380 9512.851
7852.780 12358.923
12822.411 17184.026
13749.599 17850.636
8547.309 12381.350
15155.147 19434.473
15472.297 17491.780
14234.606 19430.756
11820.304 14322.797
13113.373 15878.223
14974.621 17191.753
13306.089 16510.766
13172.746 16193.947
12902.387 15947.632
13946.502 16113.932
13946.502 16256.261
11820.304 15795.224
7677.782 10202.847
8158.038 10202.847
11248.840 13640.047
14974.621 17414.175
7658.247 10202.847
14024.705 16385.759
13172.746 14822.857
14784.174 16910.461
15160.876 19434.473
13884.756 16099.436
12354.852 16313.093
11896.131 15614.807
13172.746 15596.687
10726.260 13954.892
14974.621 16640.163
13132.999 17695.990
14667.892 17005.329
13306.089 16510.766
12287.859 17184.026
15024.562 17184.026
10542.617 15097.052
12287.859 15211.879
14747.994 17491.780
10356.860 13954.892
13149.054 16510.766
10356.860 14064.168
12287.859 15206.282
7484.567 9512.851
14667.892 18219.790
14974.621 17191.753
13946.502 16113.932
11820.304 15160.943
13946.502 16113.932
12501.716 15206.282
9042.429 13640.047
14784.174 17005.329
14024.705 16385.759
11820.304 15180.449
13946.502 16113.932
12354.852 15132.307
13749.599 18219.790
13306.089 16510.766
14234.606 17245.457
12172.867 15752.544
14875.364 18219.790
15505.852 17491.780
13729.842 17850.636
13306.089 16510.766
15290.628 17491.780
14835.641 17184.026
10937.243 13640.047
12287.859 15206.282
13306.089 16510.766
13609.904 16510.766
14129.141 16349.357
12287.859 17184.026
13172.746 15526.024
12354.852 16313.093
14974.621 17491.780
14024.705 16385.759
14024.705 16385.759
14234.606 18679.229
14801.884 17184.026
8990.238 13640.047
15034.836 18219.790
14784.174 16910.461
14024.705 16385.759
7484.567 9747.640
11829.752 15281.083
15290.628 17491.780
12287.859 17184.026
12354.852 14357.031
13306.089 16510.766
13970.766 16165.820
14129.141 16380.869
13749.599 18219.790
13176.217 17695.990
14747.994 17491.780
12172.520 15795.224
14974.621 17414.175
13219.123 14822.857
7852.780 10457.792
14974.621 17414.175
13172.746 14913.621
13219.123 14822.857
14974.621 17191.753
12501.716 15206.282
8547.309 12625.549
13172.746 15596.687
12501.716 15206.282
7658.247 10202.847
14473.683 16099.436
11645.504 15097.052
12361.619 15155.245
13853.219 16385.759
14974.621 17414.175
13219.123 14822.857
7658.247 10202.847
13172.746 16191.697
7484.567 9512.851
11820.304 15795.224
14915.967 19434.473
14784.174 16910.461
11538.550 14104.467
12354.852 14708.705
15155.147 19434.473
13306.089 16510.766
12585.826 17184.026
12287.859 15206.282
13357.576 16315.621
11063.280 13979.574
13946.502 16113.932
14024.705 16385.759
7852.780 10096.231
13946.502 15858.598
14974.621 17414.175
12287.859 15178.592
15155.147 19434.473
13172.746 14913.621
8243.596 10202.847
13946.502 16165.820
14234.606 16421.778
11294.397 13776.027
7852.780 10457.792
12895.683 17695.990
14024.705 16385.759
14667.892 18219.790
7658.247 10202.847
12501.716 15206.282
8176.055 10202.847
7893.590 10202.847
14234.606 18679.229
13219.123 14822.857
7677.782 10202.847
13946.502 16113.932
14290.451 17184.026
12287.859 14998.090
13172.746 15596.687
13741.046 17184.026
13946.502 15858.598
15060.930 17984.174
14974.621 17414.175
14784.174 17005.329
13578.410 17184.026
7852.780 10457.792
13172.746 16193.947
13946.502 16113.932
10356.860 13693.932
14974.621 17414.175
14784.174 17004.905
7169.212 9512.851
12731.814 15752.544
7852.780 10457.792
10356.860 13064.226
15262.733 18219.790
13219.123 14822.857
11820.304 14111.549
7475.380 9512.851
14974.621 17191.753
14974.621 17414.175
15259.084 17184.026
10356.860 13954.892
12354.852 15854.125
15024.562 17184.026
12354.852 15513.503
14129.141 16552.366
14473.683 16385.759
11538.550 14218.087
14796.013 17184.026
12822.411 17184.026
12287.859 15331.725
11820.304 15795.224
13172.746 14913.621
15155.147 19434.473
12287.859 17051.928
11820.304 14661.052
7658.247 10202.847
13752.431 16099.436
12287.859 16762.714
12549.230 14708.705
10356.860 15097.052
11820.304 14205.663
15150.309 19434.473
15155.147 18434.962
11898.459 14712.986
15150.309 19434.473
13363.207 17491.780
15290.628 17491.780
13970.766 16165.820
13306.089 15778.488
15472.297 17491.780
12354.852 16313.093
14024.705 16385.759
15034.836 18219.790
9741.184 13640.047
12287.859 15206.282
12287.859 14950.955
13946.502 16165.820
14169.404 16798.348
13176.217 17695.990
13636.232 16099.436
13946.502 16256.261
14974.621 17191.753
14667.892 18219.790
8547.309 12381.350
15155.147 19434.473
11820.304 15795.224
14784.174 16910.461
13221.943 17491.780
14974.621 17414.175
7484.567 9512.851
7677.782 10202.847
12287.859 17184.026
13306.089 16065.676
10356.860 13954.892
11248.840 13640.047
15290.628 17491.780
10356.860 13881.211
13132.999 17695.990
15421.317 17491.780
13172.746 16193.947
14257.369 18219.790
11820.304 14111.549
14773.512 16510.766
14024.705 16385.759
15259.084 17184.026
12899.724 15878.223
14784.174 16910.461
14234.606 16421.778
13946.502 16165.820
14667.892 17005.329
13132.999 17695.990
7852.780 12381.350
11019.887 13640.047
7852.780 10457.792
7852.780 11613.767
11793.481 16040.873
7658.247 10202.847
12354.852 14711.518
14225.026 16099.436
11820.304 14458.583
14129.141 16462.991
12822.411 17184.026
11538.550 13907.715
11019.887 13640.047
7852.780 10096.231
14024.705 16385.759
12600.391 16958.984
14667.892 18219.790
13172.746 16193.947
11751.937 14296.639
13423.143 16510.766
7484.567 9512.851
13946.502 15858.598
13084.003 15947.632
14667.892 17679.400
7658.247 10202.847
12361.619 15155.245
7893.590 10202.847
7852.780 10457.792
14667.892 17005.329
15155.147 19434.473
13306.089 16323.265
13865.956 17491.780
14024.705 16385.759
15290.628 17491.780
7658.247 10202.847
13458.518 17184.026
14024.705 16385.759
8547.309 12625.549
13946.143 17184.026
14774.211 18219.790
12354.852 16958.984
13946.502 16113.932
13149.054 16510.766
7852.780 10096.231
12354.852 16313.093
13970.766 16165.820
11785.022 14389.573
14473.683 16385.759
15609.893 18219.790
15262.733 18219.790
14234.606 17401.692
9228.018 13640.047
7852.780 11613.767
12504.323 16958.984
7893.590 10202.847
13946.502 16113.932
11829.752 15281.083
14667.892 18219.790
10356.860 15097.052
14176.951 17491.780
13172.746 15596.687
10356.860 13954.892
14024.705 16385.759
7658.247 10202.847
12895.683 17695.990
13946.502 16113.932
7852.780 11611.819
12354.852 14708.705
14784.174 17136.126
10726.260 13954.892
12271.904 15778.488
13514.752 17184.026
8254.056 10202.847
14974.621 17414.175
14234.606 18706.979
15034.836 18219.790
14129.141 16380.869
13219.123 14822.857
15583.935 17491.780
12354.852 16313.093
11820.304 15795.224
14667.892 17005.329
12600.391 16958.984
12172.520 15795.224
11820.304 14372.478
14974.621 17414.175
12895.683 17695.990
11019.887 13640.047
12354.852 16313.093
15155.147 18739.496
11896.131 15738.172
14234.606 17245.457
14974.621 16967.109
14784.174 16910.461
12287.859 16739.570
13132.999 17695.990
12671.690 15752.544
14473.683 16385.759
13514.752 17184.026
10356.860 13693.932
11785.022 14844.346
13946.502 16113.932
10726.260 13954.892
15155.147 19434.473
10761.261 13954.892
13600.722 17695.990
12361.619 15114.036
15215.733 18219.790
13219.123 14822.857
13946.502 15858.598
12287.859 17162.971
13514.752 17184.026
10574.495 13954.892
14473.683 16385.759
14667.892 18219.790
15262.733 18219.790
13280.903 16099.436
14667.892 17005.329
13946.502 16256.261
12387.725 17184.026
14667.892 18219.790
11648.890 15109.625
12287.859 15206.282
13172.746 15526.024
15290.628 17491.780
15024.562 17184.026
15374.988 17491.780
14265.797 16385.759
12714.968 15206.282
13732.174 16510.766
7475.380 9512.851
13113.373 16406.448
14240.760 16510.766
13514.752 17184.026
13550.812 17491.780
7852.780 12381.350
14974.621 17414.175
11405.005 15097.052
13306.089 16510.766
11939.496 16040.873
13172.746 14913.621
11780.698 15281.083
14974.621 17414.175
13306.089 15778.488
13946.502 15937.978
15290.628 17491.780
11820.304 14408.039
13172.746 15596.687
11881.918 16040.873
7484.567 9512.851
7658.247 10202.847
13172.746 14913.621
14024.705 16385.759
14974.621 17414.175
11881.918 16040.873
14234.606 18679.229
15155.147 19091.303
7852.780 10457.792
15113.021 17184.026
12361.619 15155.245
7658.247 10202.847
10356.860 14849.503
12287.859 15206.282
15290.628 17491.780
11538.550 14067.496
12895.683 17695.990
7893.590 10202.847
15290.628 17491.780
14024.705 16385.759
15024.562 17184.026
11793.481 16040.873
12176.366 15114.036
11820.304 15795.224
14974.621 17191.753
13970.766 16165.820
7893.590 10202.847
13946.502 16113.932
11820.304 15776.385
11820.304 15795.224
13853.219 16385.759
12287.859 15233.714
7658.247 10202.847
15155.147 19434.473
13221.943 17491.780
7484.567 9512.851
12354.852 14357.031
11248.840 13640.047
11820.304 14145.899
15155.147 19434.473
13300.340 16099.436
13552.591 16510.766
12956.661 17184.026
6945.831 9512.851
11939.496 16040.873
11538.550 13907.715
15290.628 17491.780
10386.396 15097.052
14667.892 17005.329
14234.606 18679.229
13219.123 14822.857
13172.746 14822.857
12806.847 17491.780
12182.997 17178.143
10356.860 15097.052
11820.304 14124.196
14974.621 17414.175
13970.766 16165.820
13306.089 16352.112
12585.826 17184.026
13970.766 16165.820
15290.628 17491.780
14974.621 17414.175
12354.852 16254.532
13946.502 15858.598
12361.512 14708.705
14224.955 16385.759
14667.892 18219.790
7677.782 10202.847
14974.621 17414.175
15155.147 19434.473
14667.892 18219.790
8547.309 13037.788
13636.232 16099.436
14667.892 18219.790
12287.859 15206.282
15472.297 17491.780
15472.297 17491.780
13946.502 16113.932
14667.892 18219.790
12255.499 17182.633
13946.502 16113.932
12354.852 16460.759
14129.141 16416.236
7475.380 9512.851
14473.683 16385.759
10356.860 15097.052
7852.780 10096.231
15155.147 18651.946
14234.606 18782.484
15060.930 17808.249
14667.892 18219.790
14809.973 17491.780
14784.174 17005.329
13970.766 16165.820
14129.141 16798.348
7658.247 10202.847
10356.860 13874.145
13935.761 18219.790
10356.860 14849.503
12287.859 15206.282
13306.089 15778.488
15385.931 18219.790
14129.141 16754.905
14234.606 17245.457
14974.621 17414.175
14024.705 16385.759
12287.859 17051.928
10356.860 12746.739
15034.836 18219.790
14803.959 17184.026
11820.304 15795.224
13132.999 17695.990
15034.836 18219.790
7658.247 10202.847
13172.746 16193.947
15262.733 18219.790
14129.141 16798.348
7852.780 10457.792
9652.923 13640.047
13514.752 17184.026
14667.892 18219.790
14974.621 17491.780
13609.904 16510.766
14974.621 16874.159
13219.123 14822.857
15155.147 19434.473
7475.380 9512.851
12361.619 15155.245
12501.716 15206.282
13280.903 16080.696
15034.836 18219.790
13946.502 16165.820
13306.089 15778.488
12287.859 15206.282
14784.174 17005.329
13172.746 16193.947
12354.852 16313.093
13172.746 15596.687
13172.746 15526.024
14667.892 18219.790
14784.174 16910.461
13946.502 15858.598
14974.621 17414.175
7658.247 10202.847
14234.606 18679.229
7658.247 10202.847
11248.840 13640.047
14974.621 17414.175
11019.887 13640.047
7852.780 10666.631
14974.621 16640.163
13946.502 16113.932
14667.892 17149.570
12285.933 15114.036
14974.621 17414.175
12354.852 14446.453
11820.304 14145.992
13219.123 14822.857
7658.247 10202.847
7852.780 10096.231
13172.746 14913.621
14667.892 17005.329
7658.247 10202.847
7852.780 10457.792
12287.859 14632.939
7852.780 10096.231
11538.550 14104.467
14784.174 17005.329
14667.892 17338.199
14234.606 18679.229
13946.502 16256.261
13946.502 16113.932
13172.746 14822.857
14024.705 16385.759
14915.967 19434.473
12361.619 15155.245
15155.147 19434.473
12988.257 15947.632
13219.123 14822.857
13749.599 18045.150
14974.621 17233.186
12287.859 15206.282
11896.131 15738.172
14974.621 17414.175
13280.903 16099.436
14974.621 17414.175
12354.852 15132.307
10356.860 13874.145
11820.304 15795.224
15155.147 19434.473
15155.147 19434.473
12287.859 15040.115
7475.380 9512.851
14974.621 16640.163
7484.567 9512.851
14974.621 17491.780
12271.904 15449.458
13539.304 16510.766
12287.859 15331.725
14129.141 16380.869
12899.724 15868.869
11820.304 15139.545
10356.860 12746.739
14974.621 16654.040
11820.304 14288.036
14667.892 17005.329
12354.852 16313.093
14225.026 16099.436
13970.766 16165.820
7475.380 9512.851
7893.590 10202.847
14234.606 16538.006
13300.340 16099.436
14473.683 16099.436
11977.540 14766.044
12354.852 14708.705
15155.147 19254.758
11820.304 15795.224
14024.705 16385.759
11820.304 15478.706
13172.746 14822.857
14234.606 19434.473
12815.373 15778.488
14024.705 16385.759
