13946.502 15858.598
14974.621 17176.734
15290.628 17491.780
13970.766 16165.820
12287.859 17184.026
13219.123 14822.857
14473.683 16099.436
13306.089 16510.766
7658.247 10202.847
12354.852 14708.705
14974.621 17414.175
13306.089 16510.766
14974.621 17491.780
11793.481 15661.746
14234.606 17406.450
10356.860 13279.613
12354.852 16313.093
10726.260 13954.892
14667.892 17005.329
12354.852 14708.705
14974.621 17414.175
11248.840 13674.942
12287.859 15206.282
13946.502 16256.261
14667.892 17005.329
8196.089 10202.847
7852.780 10096.231
13946.502 16113.932
14667.892 18219.790
9741.184 13640.047
14667.892 17005.329
15341.659 19434.473
12354.852 14299.807
13884.756 16099.436
11785.022 14902.934
13559.965 16099.436
15290.628 17491.780
7658.247 10202.847
7484.567 9571.280
12095.788 16646.166
12361.619 15155.245
13172.746 15596.687
10356.860 14064.168
12501.716 15206.282
10356.860 13954.892
8260.876 10202.847
7852.780 10457.792
13306.089 16510.766
14667.892 17005.329
15212.258 17491.780
7658.247 10202.847
8990.238 13640.047
12361.619 15155.245
13172.746 15596.687
15155.147 19434.473
13946.502 15977.643
12822.411 17184.026
10356.860 15097.052
12468.207 15206.282
12287.859 15206.282
12354.852 16958.984
13306.089 15778.488
12895.683 17695.990
10356.860 13478.947
11820.304 15139.545
15155.147 19434.473
14176.951 17491.780
13946.502 16113.932
13172.746 16193.947
15152.631 19434.473
14234.606 19295.369
10356.860 15097.052
11820.304 14205.663
15290.628 17491.780
14667.892 17005.329
7658.247 10202.847
13172.746 15526.024
13946.502 16165.820
14129.141 16754.905
7852.780 11445.042
12354.852 16460.759
12354.852 16313.093
14024.705 16385.759
14974.621 17414.175
14667.892 17338.199
8675.657 13640.047
11019.887 13640.047
11820.304 15795.224
14024.705 16385.759
13946.143 17184.026
12287.859 15206.282
12895.683 17695.990
13946.502 15858.598
14667.892 18219.790
12287.859 15331.725
13306.089 16510.766
13946.502 16113.932
14803.959 17184.026
15290.628 17491.780
14667.892 18219.790
7658.247 10202.847
14473.683 16099.436
13749.599 18219.790
12354.852 15854.125
15155.147 19434.473
14473.683 16099.436
13306.089 15778.488
13219.123 14822.857
14974.621 17150.604
13609.904 16510.766
14129.141 16552.366
13306.089 15840.328
11829.752 15281.083
14024.705 16385.759
13609.904 16510.766
13172.746 14822.857
9741.184 13640.047
12477.499 17332.059
14784.174 16910.461
14784.174 17005.329
13172.746 15526.024
7484.567 9512.851
12287.859 15206.282
15290.628 17491.780
14784.174 17005.329
15155.147 18737.737
8039.980 12381.350
7852.780 10096.231
7658.247 10202.847
12354.852 14357.031
11820.304 15795.224
7234.140 9512.851
11793.481 15610.149
14803.959 17184.026
7484.567 9512.851
14369.900 17491.780
13306.089 16367.067
13113.373 16510.766
7658.247 10202.847
14024.705 16385.759
11538.550 14392.665
15078.218 17184.026
13946.502 16113.932
13578.410 17184.026
14784.174 16910.461
10726.260 13954.892
11793.481 15905.482
13125.236 14822.857
13219.123 14822.857
7658.247 10202.847
12501.716 15206.282
8547.309 12381.350
14784.174 16910.461
13172.746 14913.621
7475.380 9512.851
7852.780 10457.792
14024.705 16385.759
7852.780 10127.143
12354.852 14708.705
15290.628 17491.780
12779.794 15947.632
7484.567 9512.851
10934.075 13979.574
13729.842 17850.636
13946.502 16113.932
11820.304 15795.224
13306.089 16510.766
14225.026 16099.436
12895.683 17695.990
14803.959 17184.026
12491.452 17184.026
14667.892 18219.790
14024.705 16385.759
12501.716 15206.282
14024.705 16385.759
14545.737 16510.766
12361.619 15155.245
12354.852 15952.987
7852.780 10529.167
13149.054 16510.766
11820.304 15139.545
14974.621 17191.753
11820.304 15088.759
14915.967 19434.473
8547.309 12629.585
7852.780 10911.085
12354.852 14711.518
14667.892 18219.790
7677.782 10202.847
13853.219 16385.759
14974.621 17491.780
14803.959 17184.026
14667.892 17005.329
11820.304 14866.681
14667.892 17338.199
12967.981 15878.223
7484.567 9512.851
13172.746 15526.024
15155.147 19434.473
12895.683 17695.990
12287.859 15047.893
7852.780 10457.792
8260.876 10202.847
13132.999 17695.990
14667.892 17138.616
11538.550 14104.467
14024.705 16385.759
13172.746 14822.857
14974.621 16640.163
14129.141 16726.850
7475.380 9512.851
13946.502 16113.932
14915.967 19434.473
7484.567 9512.851
11820.304 15045.884
15155.147 19434.473
7852.780 12381.350
11939.496 16040.873
12501.716 15206.282
12287.859 14624.747
14129.141 16380.869
14024.705 16385.759
12489.297 17184.026
7484.567 9512.851
12865.432 17491.753
13219.123 14822.857
7852.780 10457.792
12287.859 14624.747
12287.859 15206.282
14234.606 16906.199
14784.174 17005.329
14129.141 16380.869
7677.782 10202.847
11896.131 15685.923
11820.304 15795.224
13172.746 14913.621
12361.619 15155.245
13172.746 15526.024
14974.621 16640.163
14024.705 16385.759
7484.567 9512.851
11538.550 13907.715
7484.567 9512.851
12354.852 14708.705
14915.967 19434.473
15155.147 19434.473
15155.147 19434.473
14473.683 16385.759
13749.599 18139.885
7484.567 9512.851
13749.599 18219.790
10356.860 13954.892
14667.892 17411.721
13609.904 16510.766
7475.380 9512.851
12468.207 15206.282
15290.628 17491.780
14667.892 17005.329
12806.847 17491.780
14974.621 17414.175
12354.852 14357.031
7852.780 12104.820
12354.852 15952.987
7658.247 10202.847
7658.247 10202.847
13946.502 16113.932
7852.780 10339.835
13219.123 14822.857
7658.247 10202.847
13552.591 16510.766
12731.814 15752.544
13219.123 14822.857
15155.147 19434.473
13172.746 14913.621
14024.705 16385.759
15259.084 17184.026
12731.814 15793.397
10356.860 15097.052
12287.859 15206.282
14234.606 17389.150
14803.959 17184.026
14129.141 16380.869
13818.868 16510.766
11751.937 14296.639
13946.502 16165.820
12287.859 15331.725
7658.247 10202.847
15155.147 19434.473
6945.831 9493.872
7852.780 11445.042
13741.046 17184.026
14129.141 16380.869
15024.562 17184.026
14974.621 16640.163
13970.766 16165.820
14369.900 17491.780
10882.119 13640.047
10356.860 14849.503
13113.373 16510.766
13172.746 15526.024
8547.309 13348.254
13946.502 16165.820
12815.373 15778.488
13172.746 15966.188
14974.621 17414.175
12527.121 15206.282
7893.590 10202.847
10356.860 15097.052
10356.860 14849.503
13306.089 16510.766
11793.481 15591.970
14473.683 16099.436
14974.621 17414.175
14024.705 16385.759
12354.852 14711.518
14369.900 17491.780
14784.174 17005.329
14974.621 17414.175
14667.892 18219.790
14974.621 16640.163
13970.766 16165.820
14473.683 16385.759
15155.147 19434.473
13609.904 16510.766
8547.309 12381.350
7893.590 10202.847
7852.780 12381.350
11785.022 15165.747
13306.089 15949.707
14974.621 17414.175
11793.481 15755.776
13970.766 16165.820
10356.860 13279.613
15060.930 17573.185
12895.683 17695.990
14974.621 17414.175
14024.705 16385.759
11405.005 15097.052
13172.746 14822.857
10356.860 15097.052
15262.733 18219.790
15155.147 19434.473
12354.852 16313.093
12287.859 15206.282
7658.247 10202.847
7852.780 12381.350
14473.683 16099.436
7503.572 10048.950
12361.619 15155.245
15155.147 18737.737
12361.619 15155.245
10356.860 12746.739
13132.999 17695.990
15155.147 18419.178
12287.859 15206.282
14667.892 17005.329
12361.619 15155.245
12354.852 14357.031
12354.852 16313.093
13360.798 17491.780
14024.705 16385.759
13221.943 17491.780
12815.373 15778.488
14667.892 18219.790
11820.304 14205.663
10464.144 15097.052
12610.559 15894.891
7658.247 10202.847
10640.037 13640.047
13946.502 16165.820
11820.304 15795.224
12271.904 15701.270
7852.780 12381.350
11820.304 14124.196
7658.247 10202.847
13946.502 16113.932
12635.897 15206.282
13946.502 16113.932
13172.746 15596.687
13970.766 16165.820
14784.174 17005.329
14024.705 16385.759
12354.852 14357.031
12287.859 15206.282
11820.304 14866.681
12287.859 15206.282
10451.122 13640.047
13219.123 14822.857
13219.123 14822.857
7484.567 9512.851
13749.599 18219.790
14076.208 16510.766
15262.733 18219.790
7699.067 10202.847
13306.089 16510.766
15155.147 18901.875
13946.502 16113.932
13113.373 16510.766
13306.089 16510.766
15290.628 17491.780
13306.089 16510.766
11538.550 14104.467
11896.131 15738.172
14225.026 16099.436
14974.621 16874.159
7677.782 10202.847
14784.174 16910.461
13306.089 16034.280
11538.550 14054.914
12287.859 15206.282
12354.852 16313.093
14473.683 16099.436
7475.380 9512.851
7852.780 12381.350
13176.217 17695.990
8173.104 10202.847
10790.845 13956.729
15262.733 18219.790
13172.746 14822.857
14667.892 18219.790
14915.967 19434.473
7852.780 10457.792
13306.089 16510.766
15034.836 18219.790
10356.860 12746.739
7852.780 12381.350
12731.814 15793.397
14473.683 16385.759
14667.892 18219.790
10356.860 14448.781
14667.892 18219.790
12361.619 15155.245
7658.247 10202.847
15290.628 17491.780
14473.683 16099.436
15341.659 19434.473
12354.852 15020.300
13766.698 17491.780
11820.304 14322.797
13514.752 17184.026
10356.860 15097.052
15341.659 19434.473
13219.123 14822.857
14915.967 19434.473
7677.782 10202.847
12861.861 15793.397
15034.836 18219.790
13946.502 16244.482
7852.780 10096.231
14369.900 17491.780
12361.512 14708.705
8176.055 10202.847
12600.391 16958.984
12008.862 16040.873
11820.304 15065.840
11538.550 13907.715
13172.746 15596.687
11820.304 14578.980
14667.892 17005.329
12287.859 17006.132
7484.567 9512.851
15280.529 18219.790
11898.459 14712.986
13172.746 14822.857
14974.621 17414.175
7658.247 10202.847
11751.937 14296.639
12287.859 15206.282
10386.396 15097.052
14974.621 16640.163
15289.670 19434.473
12899.724 15878.223
12354.852 16313.093
7484.567 9512.851
7475.380 9512.851
13970.766 16165.820
13172.746 15596.687
7484.567 9649.407
13306.089 15778.488
13172.746 15088.918
10356.860 13478.947
12354.852 15132.307
7893.590 10127.143
13306.089 16367.067
12354.852 16958.984
11820.304 15045.884
14974.621 16640.163
13946.502 16113.932
12287.859 15206.282
14915.967 19434.473
14545.737 16510.766
15024.562 17184.026
13962.201 17491.780
14667.892 18219.790
8054.939 10202.847
11820.304 15227.135
15341.659 19434.473
13360.798 17491.780
14974.621 16918.434
11820.304 14111.549
15259.084 17184.026
14974.621 17414.175
15155.147 19434.473
14784.174 16910.461
12491.452 17184.026
12501.716 15206.282
13946.502 16165.820
11820.304 14124.196
7852.780 10457.792
11820.304 14205.663
13221.943 17491.780
12354.852 16460.759
7484.567 9512.851
14024.705 16385.759
12287.859 15206.282
13280.903 16092.538
12354.852 16313.093
9228.018 13640.047
15341.659 19434.473
15341.659 19434.473
10356.860 13954.892
14667.892 17005.329
12517.105 14708.705
13946.502 15858.598
11881.918 16040.873
13146.340 14822.857
7893.590 10202.847
7677.782 10202.847
13172.746 15596.687
12600.391 17426.606
12468.207 15206.282
10356.860 13457.923
7658.247 10202.847
14784.174 17005.329
13970.766 16165.820
10356.860 15097.052
14369.900 17491.780
14234.606 16421.778
14473.683 16099.436
14667.892 17411.721
14473.683 16099.436
7475.380 9512.851
11648.890 15097.052
13946.502 16113.932
8547.309 13037.788
13716.908 17184.026
7475.380 9512.851
13149.054 16510.766
12354.852 16313.093
14024.705 16385.759
10356.860 13954.892
13600.722 17761.740
15341.659 19434.473
10356.860 13954.892
10356.860 14849.503
12645.414 17341.248
15472.297 17491.780
12095.788 16530.279
10356.860 13954.892
7658.247 10202.847
12287.859 14624.747
13970.766 16165.820
8239.288 10202.847
13172.746 14822.857
11820.304 15795.224
12354.852 14711.518
13172.746 15526.024
12095.788 16754.789
12354.852 15854.125
13306.089 16510.766
13853.219 16385.759
11785.022 14389.573
12354.852 16313.093
13946.502 16165.820
7852.780 10096.231
13219.123 14822.857
14234.606 18679.229
9781.838 13640.047
11881.918 16040.873
13172.746 15596.687
15262.733 18219.790
14915.967 19434.473
12501.716 15206.282
15413.225 18219.790
7893.590 10202.847
12600.391 17389.440
11248.840 13640.047
11820.304 14205.663
13306.089 16510.766
11939.496 16040.873
14667.892 18219.790
11820.304 15795.224
13946.502 16256.261
7484.567 9512.851
7658.247 10202.847
7658.247 10202.847
7658.247 10202.847
7484.567 9512.851
11820.304 15795.224
14667.892 17338.199
14024.705 16385.759
12287.859 15206.282
8942.362 13640.047
15851.022 17491.780
7852.780 10127.143
13172.746 15596.687
14234.606 18706.979
12895.683 17695.990
7475.380 9512.851
12287.859 15206.282
15208.272 17184.026
11820.304 14111.549
13300.340 16099.436
14974.621 17233.186
14404.982 18219.790
12815.373 15778.488
12822.411 17184.026
14974.621 16967.109
13113.373 16406.448
14029.631 16256.261
14129.141 16754.905
11820.304 15795.224
13741.046 17184.026
7658.247 10202.847
8547.309 12381.350
14129.141 16558.990
14506.416 17491.780
15155.147 19434.473
9224.393 13640.047
15884.970 17491.780
11820.304 14111.549
10356.860 13954.892
11820.304 14322.797
14667.892 17338.199
14784.174 17005.329
14667.892 17804.919
10356.860 15097.052
7852.780 10457.792
11751.937 14296.639
14974.621 17191.753
12517.105 14708.705
10356.860 12746.739
14108.036 16099.436
13306.089 16510.766
12899.724 15878.223
15155.147 19434.473
14024.705 16385.759
14369.900 17491.780
13376.848 17695.990
8547.309 13626.811
15155.147 19434.473
12354.852 14711.518
7484.567 9512.851
13970.766 16165.820
14667.892 18219.790
13172.746 14822.857
14974.621 17414.175
10356.860 15097.052
14667.892 18219.790
7852.780 10457.792
12354.852 16313.093
14353.914 16510.766
15155.147 19434.473
13352.814 16510.766
14024.705 16385.759
15163.744 19434.473
12354.852 16313.093
12517.105 14708.705
8243.716 10202.847
7484.567 9512.851
7658.247 10202.847
13970.766 16165.820
11946.984 16040.873
7677.782 10202.847
13306.089 16510.766
13884.756 16099.436
11820.304 15093.814
14667.892 18219.790
7484.567 9512.851
12501.716 15206.282
11405.005 15097.052
13172.746 14822.857
12806.847 17491.780
12895.683 17695.990
14784.174 17005.329
14974.621 17414.175
8547.309 13037.788
11793.481 16040.873
10356.860 13693.932
14353.914 16510.766
11793.481 15661.746
7658.247 10202.847
12895.683 17695.990
12501.716 15206.282
7852.780 10722.706
12865.432 17422.939
14129.141 16462.991
11820.304 14578.980
14784.174 16910.461
14225.026 16099.436
7852.780 10457.792
14024.705 16385.759
14234.606 19227.008
15262.733 18219.790
13946.502 15858.598
7852.780 12381.350
10356.860 15097.052
14473.683 16099.436
8547.309 13640.047
14056.366 16510.766
15155.147 19434.473
11019.887 13640.047
14974.621 16874.159
12271.904 15634.300
11820.304 15139.545
13306.089 16510.766
14030.582 17491.780
15155.147 18708.181
12361.619 15155.245
14667.892 17810.942
14129.141 16552.366
14784.174 16910.461
7023.001 9512.851
14974.621 16954.540
8547.309 12381.350
13306.089 15778.488
7852.780 10096.231
10356.860 12746.739
14974.621 17191.753
12991.131 14822.857
10356.860 13693.932
12287.859 15206.282
13946.502 16113.932
12354.852 16313.093
7658.247 10202.847
10356.860 14792.186
11820.304 15795.224
11820.304 15795.224
14482.182 16385.759
13946.502 16113.932
11820.304 14205.663
14129.141 16380.869
12489.297 17184.026
11820.304 15795.224
12501.716 15206.282
13306.089 16510.766
14974.621 17491.780
8547.309 12381.350
12899.724 15855.919
8158.038 10202.847
14234.606 19096.818
12899.724 15878.223
13219.123 14822.857
13946.502 16113.932
13609.904 16510.766
7484.567 9592.617
7658.247 10202.847
14974.621 17233.186
14974.621 17414.175
10356.860 12746.739
7484.567 9512.851
13946.502 16113.932
14974.621 16640.163
11785.022 14389.573
12354.852 14357.031
12610.559 15947.632
14225.026 16099.436
12616.247 15206.282
14473.683 16099.436
14784.174 16910.461
13970.766 16165.820
15290.628 17491.780
13946.502 16165.820
13113.373 15878.223
11751.937 14296.639
7475.380 9512.851
12287.859 15206.282
12501.716 15206.282
14505.885 16385.759
14234.606 19352.831
15290.628 17491.780
13219.123 14822.857
15155.147 19434.473
15262.733 18219.790
11820.304 14205.663
14784.174 17005.329
13219.123 14822.857
13149.054 16510.766
7852.780 10096.231
7658.247 10202.847
13946.502 15858.598
11820.304 15227.135
12287.859 15331.725
14024.705 16385.759
11104.716 15097.052
14353.914 16510.766
11820.304 15795.224
7658.247 10202.847
12354.852 14357.031
14769.969 16510.766
14667.892 17005.329
11785.022 14296.639
10356.860 13457.923
7658.247 10202.847
13970.766 16165.820
14234.606 18679.229
13946.502 16113.932
11405.005 15097.052
14915.967 19434.473
13306.089 16510.766
7852.780 11611.819
12863.757 15206.282
14667.892 18219.790
14129.141 16754.905
14667.892 17005.329
12354.852 14563.322
12287.859 15206.282
15150.309 19434.473
15242.806 18219.790
14473.683 16385.759
7852.780 10096.231
12354.852 14446.453
11820.304 14511.606
14473.683 16385.759
10356.860 15097.052
14784.174 16910.461
12287.859 15206.282
12361.619 15155.245
14974.621 17209.430
15155.147 18913.819
11820.304 15776.385
7852.780 10457.792
13306.089 15949.707
14784.174 16910.461
14234.606 17607.848
13172.746 14913.621
11820.304 15795.224
10356.860 13693.932
7484.567 9512.851
12468.207 15177.075
7893.590 10127.143
14784.174 17005.329
14234.606 18782.484
12354.852 14357.031
14974.621 17414.175
11820.304 15795.224
13609.904 16510.766
14667.892 18219.790
13219.123 14822.857
12287.859 15206.282
10356.860 12746.739
13946.502 16113.932
14784.174 17005.329
13306.089 16510.766
12282.589 15795.224
11946.984 16040.873
14024.705 16385.759
13946.502 16113.932
13306.089 16510.766
11820.304 15795.224
12287.859 15206.282
10356.860 15097.052
15155.147 19434.473
12927.198 17184.026
14234.606 18679.229
15155.147 19434.473
13884.756 16099.436
12354.852 15020.300
13172.746 15526.024
15483.771 18219.790
15034.836 18219.790
11019.887 13640.047
13946.502 16113.932
14129.141 16380.869
11820.304 14267.007
12361.619 15155.245
7677.782 10202.847
11019.887 13640.047
13946.502 16113.932
13306.089 16510.766
12501.716 15206.282
10902.651 13979.574
12501.716 15206.282
13975.237 18219.790
14744.459 18219.790
14667.892 17740.381
14234.606 19434.473
14473.683 16099.436
14835.641 17184.026
12863.757 15206.282
12287.859 17162.971
14784.174 16910.461
13946.502 16113.932
13172.746 14822.857
14974.621 17414.175
12287.859 17184.026
13172.746 15596.687
14784.174 17005.329
13946.502 16113.932
12967.981 15878.223
12527.121 15206.282
14667.892 18219.790
15290.628 17491.780
12600.391 17216.842
15583.935 17491.780
15024.562 17184.026
15155.147 19434.473
12899.724 15878.223
15155.147 19434.473
14473.683 16385.759
11820.304 14205.663
11047.158 13640.047
14667.892 17005.329
12585.826 17184.026
15155.147 18739.496
12501.716 15206.282
15262.733 18219.790
12640.746 15947.632
12287.859 15206.282
13970.766 16165.820
12501.716 15206.282
15472.297 17491.780
11820.304 14205.663
15262.733 18219.790
15155.147 18913.819
11977.540 14763.884
14129.141 16380.869
14129.141 16726.850
11538.550 14054.914
13125.236 14822.857
14473.683 16099.436
15215.733 18219.790
14974.621 17414.175
14024.705 16385.759
13946.502 16165.820
12287.859 16782.232
14667.892 18219.790
11820.304 15045.884
11898.459 14712.986
11820.304 15795.224
14129.141 16380.869
14667.892 17149.570
13172.746 15596.687
10934.075 13979.574
14974.621 17233.186
14234.606 18498.721
14667.892 17005.329
14048.770 18219.790
7677.782 10202.847
12899.724 15878.223
15155.147 19434.473
15290.628 17491.780
14784.174 16910.461
13306.089 16510.766
14225.026 16099.436
13306.089 15778.488
14667.892 17898.889
11820.304 14578.980
12287.859 15206.282
12172.520 15795.224
14974.621 17233.186
12600.391 17491.780
13962.201 17491.780
14024.705 16385.759
7484.567 9512.851
14974.621 17414.175
7484.567 9512.851
7475.380 9512.851
13480.766 16510.766
15341.659 19434.473
12354.852 15020.300
12606.253 15752.544
13306.089 16510.766
13306.089 16510.766
11785.022 14389.573
7852.780 12381.350
8547.309 12625.549
15472.297 17491.780
14234.606 18679.229
7852.780 10457.792
14234.606 16906.199
11820.304 15795.224
11402.785 14081.117
7852.780 12381.350
14974.621 16640.163
12287.859 17184.026
7852.780 10457.792
14667.892 18219.790
12354.852 14708.705
14974.621 16640.163
11538.550 14048.438
11019.887 13640.047
14024.705 16385.759
15533.942 17491.780
12088.335 15299.836
13946.502 16113.932
12361.619 15155.245
14784.174 16910.461
7893.590 10127.143
7893.590 10202.847
13149.054 16510.766
13081.999 17695.990
13323.154 16099.436
8158.038 10202.847
14667.892 17005.329
14024.705 16385.759
7852.780 10457.792
15215.733 18219.790
12287.859 17184.026
14667.892 18219.790
14784.174 16910.461
14667.892 17338.199
13219.123 14822.857
12354.852 16958.984
13306.089 16510.766
11820.304 14145.992
12361.619 15155.245
11785.022 15056.194
14545.737 16510.766
14974.621 16640.163
13306.089 16510.766
12361.619 15155.245
13946.502 15915.418
14784.174 16910.461
7484.567 9512.851
14915.967 19434.473
14234.606 16421.778
13853.219 16385.759
11019.887 13640.047
12354.852 16313.093
13946.502 15858.598
14473.683 16385.759
14234.606 16353.957
14473.683 16385.759
10761.261 13954.892
9824.463 13640.047
14234.606 16894.185
11793.481 16040.873
8547.309 12381.350
13172.746 15526.024
13132.999 17695.990
11019.887 13640.047
13172.746 15526.024
13221.943 17491.780
14974.621 17414.175
11248.840 13640.047
14974.621 17414.175
12287.859 15206.282
14505.885 16385.759
11820.304 15795.224
11840.060 15795.224
14506.416 17491.780
14290.451 17184.026
12282.589 15795.224
13132.999 17695.990
14667.892 18059.262
12287.859 15206.282
14974.621 17266.395
13970.766 16165.820
12361.619 15155.245
14129.141 16726.850
7852.780 11445.042
13946.502 16113.932
7852.780 10457.792
12172.520 15795.224
15215.733 18219.790
14784.174 17005.329
14784.174 17005.329
13600.722 17695.990
14974.621 17414.175
7852.780 10457.792
7484.567 9649.407
13113.373 16109.377
14234.606 19434.473
13946.502 16113.932
12287.859 15206.282
15155.147 19434.473
15155.147 19434.473
7658.247 10202.847
13306.089 16510.766
13970.766 16165.820
12613.607 15778.488
7484.567 9512.851
13172.746 16193.947
15256.209 17491.780
13946.502 16165.820
15155.147 18737.737
15155.147 19434.473
14784.174 16910.461
14024.705 16385.759
11248.840 13640.047
12527.121 15206.282
7852.780 10457.792
13971.798 16256.261
12616.247 15206.282
13609.904 16510.766
12489.297 17184.026
14667.892 18219.790
14915.967 19434.473
14974.621 17414.175
11820.304 15795.224
13172.746 15596.687
14667.892 17024.996
13219.123 14822.857
11962.940 15299.836
12527.121 15206.282
14915.967 19434.473
14234.606 16256.261
12822.411 17184.026
12287.859 15206.282
15341.659 19434.473
14784.174 17005.329
13132.999 17695.990
11820.304 15795.224
14129.141 16726.850
12287.859 15178.592
10356.860 15097.052
7658.247 10202.847
13172.746 15526.024
12941.998 17695.990
7852.780 11719.323
14024.705 16385.759
7484.567 9512.851
15155.147 19434.473
13818.868 16510.766
14473.683 16385.759
14353.914 16510.766
14667.892 18219.790
15170.695 19434.473
14473.683 16099.436
15290.628 17491.780
8158.038 10202.847
13172.746 15526.024
12785.241 15793.397
12501.716 15206.282
12731.814 15752.544
13132.999 17695.990
13446.875 17184.026
11648.890 15097.052
10356.860 15097.052
10726.260 13954.892
14232.846 18219.790
11857.276 15795.224
13749.599 18219.790
14803.959 17184.026
13172.746 15526.024
14667.892 17005.329
13946.502 16165.820
14234.606 18498.721
14784.174 17005.329
13609.904 16510.766
13970.766 16165.820
12361.619 15155.245
11820.304 15795.224
7852.780 10377.081
10356.860 13457.923
10356.860 15097.052
7475.380 9512.851
14784.174 17005.329
14545.737 16510.766
10356.860 14849.503
12361.619 15155.245
13113.373 16510.766
15259.084 17184.026
7475.380 9512.851
13306.089 16510.766
13970.766 16165.820
14667.892 17740.381
13741.046 17184.026
13636.232 16099.436
11019.887 13640.047
13946.502 16165.820
13884.756 16099.436
13946.502 16165.820
15155.147 19434.473
14974.621 17414.175
14129.141 16545.060
13946.502 16113.932
11785.022 14389.573
14784.174 16910.461
14667.892 18219.790
11780.698 15281.083
10356.860 15097.052
11820.304 15795.224
12731.814 15793.397
14234.606 19257.483
13172.746 15526.024
14784.174 16910.461
14974.621 17233.186
14234.606 16906.199
13609.904 16510.766
12863.757 15206.282
7852.780 10127.143
8547.309 13037.788
13946.502 15858.598
12287.859 15206.282
12354.852 16313.093
13946.502 15858.598
13946.502 16113.932
14667.892 17411.721
12863.757 15206.282
7852.780 10096.231
15259.084 17184.026
14473.683 16385.759
14915.967 19434.473
15259.084 17184.026
15290.628 17491.780
12287.859 15206.282
12501.716 15206.282
14974.621 17414.175
13172.746 14822.857
13946.502 16244.482
14545.737 16510.766
13749.599 18219.790
12361.619 15114.036
12468.207 15206.282
13172.746 15526.024
11248.840 13640.047
12287.859 16571.420
7658.247 10202.847
12354.852 14357.031
12287.859 15206.282
14667.892 18219.790
13609.904 16510.766
10990.015 15097.052
7852.780 10457.792
13306.089 16510.766
13970.766 16165.820
14024.705 16385.759
12287.859 15206.282
14784.174 16910.461
7484.567 10048.950
13818.868 16510.766
11019.887 13640.047
15472.297 17491.780
13946.502 16113.932
13946.502 16113.932
13485.638 17695.990
7852.780 12381.350
13946.502 16256.261
12287.859 14624.747
13946.502 16256.261
14024.705 16385.759
12999.361 15947.632
12354.852 14906.817
12287.859 17184.026
13946.502 16113.932
12095.788 16796.427
13946.502 16113.932
14974.621 16640.163
14784.174 17005.329
13484.110 16510.766
12287.859 15206.282
14667.892 18219.790
11248.840 13640.047
14024.705 16385.759
14667.892 17005.329
13172.746 15596.687
10356.860 13623.872
7484.567 9512.851
15155.147 19434.473
13156.676 17184.026
12126.669 15299.836
15155.147 19359.365
13172.746 14913.621
11538.550 13907.715
13716.908 17184.026
14784.174 17005.329
7475.380 9512.851
14473.683 16099.436
13668.512 16385.759
14545.737 16510.766
10356.860 15097.052
14974.621 16640.163
15262.733 18219.790
12287.859 17184.026
14667.892 18219.790
14473.683 16099.436
7658.247 10202.847
14473.683 16385.759
14974.621 16946.549
12517.105 14708.705
7852.780 12381.350
11405.005 15097.052
13853.219 16385.759
14803.959 17184.026
13306.089 16510.766
13172.746 14913.621
12517.105 14708.705
10356.860 15097.052
14473.683 16385.759
15060.930 18214.237
13374.203 16099.436
13172.746 15526.024
15155.147 19434.473
14743.210 17491.780
14497.916 18219.790
13306.089 16034.280
7658.247 10202.847
7475.380 9512.851
14974.621 17414.175
7852.780 10457.792
13172.746 15596.687
14667.892 17338.199
12956.661 17184.026
12354.852 15020.300
14234.606 18679.229
13306.089 16510.766
13306.089 16367.067
11820.304 15795.224
15290.628 17491.780
14667.892 18219.790
13219.123 14822.857
14974.621 16640.163
15155.147 18737.737
14545.737 16510.766
12361.619 15155.245
14505.885 16385.759
14234.606 17245.457
14974.621 17233.186
10356.860 13954.892
12600.391 17491.780
14234.606 16923.236
15155.147 19434.473
12287.859 15206.282
11820.304 15139.545
12361.619 15155.245
11896.131 15738.172
13219.123 14822.857
14974.621 16640.163
14784.174 17005.329
12501.716 15206.282
11820.304 14511.606
15024.562 17184.026
11820.304 15139.545
13172.746 15596.687
14234.606 18679.229
12001.859 15299.836
14974.621 17414.175
7484.567 9512.851
12899.724 15878.223
14234.606 19193.278
13306.089 15949.707
12354.852 16313.093
11538.550 14104.467
14234.606 16353.957
14784.174 16910.461
13306.089 15949.707
13306.089 15778.488
8173.104 10202.847
14667.892 17005.329
15472.297 17491.780
11248.840 13640.047
14974.621 17414.175
10356.860 14849.503
14974.621 16654.040
11248.840 13640.047
14784.174 17005.329
10356.860 13954.892
10356.860 15097.052
12354.852 16313.093
10356.860 13457.923
13729.842 17850.636
14974.621 17266.395
13219.123 14822.857
12613.607 15778.488
14473.683 16385.759
13600.722 17761.740
11785.022 14540.811
13792.585 18219.790
13514.752 17184.026
12287.859 15206.282
14404.982 18219.790
12354.852 15513.503
7451.026 9512.851
14394.685 18219.790
11820.304 14863.524
12899.724 15878.223
13219.123 14822.857
12096.887 17096.216
12287.859 15206.282
14784.174 17005.329
13306.089 16510.766
12731.814 15793.397
12354.852 15961.710
12501.716 15206.282
13357.576 16316.612
12287.859 15997.564
8173.104 10202.847
15228.371 19434.473
12287.859 15206.282
13125.236 14822.857
14974.621 17414.175
10556.416 13640.047
7677.782 10202.847
8547.309 12383.860
15341.659 19434.473
9781.838 13640.047
12506.942 15206.282
15155.147 18419.178
11820.304 15795.224
7658.247 10202.847
13221.943 17491.780
14667.892 17005.329
12501.716 15206.282
7658.247 10202.847
14369.900 17491.780
9228.018 13640.047
10632.076 13640.047
13306.089 16510.766
14974.621 17414.175
14024.705 16385.759
12354.852 16313.093
12287.859 15206.282
13741.046 17184.026
13946.502 16113.932
14784.174 17005.329
7484.567 9512.851
15155.147 19434.473
13975.237 18219.790
7658.247 10202.847
14915.967 19434.473
7677.782 10202.847
14667.892 17338.199
14667.892 18219.790
11820.304 15795.224
15893.335 17491.780
13172.746 14822.857
12361.619 15114.036
12600.391 17216.842
8158.038 10202.847
11820.304 15795.224
13219.123 14822.857
12354.852 16460.759
15583.935 17491.780
12501.716 15206.282
7677.782 10202.847
7658.247 10202.847
11820.304 15045.884
12956.661 17184.026
7852.780 12381.350
13946.502 16113.932
15163.744 19434.473
10356.860 14849.503
14369.900 17491.780
11751.937 14296.639
10356.860 13168.569
13514.752 17184.026
14667.892 17411.721
7484.567 9512.851
10356.860 12746.739
13946.502 16113.932
14667.892 18219.790
13132.999 17695.990
13306.089 16034.280
13946.502 16113.932
12731.814 15752.544
12731.814 15752.544
15227.949 17491.780
11820.304 15795.224
14974.621 16640.163
12354.852 16460.759
12287.859 15206.282
11405.005 15097.052
15155.147 18419.178
13113.373 16466.107
14473.683 16099.436
12501.716 15206.282
13172.746 14822.857
7852.780 10457.792
11820.304 15795.224
13818.868 16510.766
12501.716 15206.282
12361.619 15155.245
13172.746 15526.024
9652.923 13640.047
12354.852 16620.817
15034.836 18219.790
15024.562 17184.026
14129.141 16380.869
10640.037 13640.047
14473.683 16099.436
14129.141 16726.850
13219.123 14822.857
15472.297 17491.780
7852.780 10096.231
11019.887 13640.047
14974.621 17414.175
12287.859 15331.725
14974.621 17414.175
14974.621 17414.175
12616.247 15206.282
13946.502 16256.261
14667.892 17005.329
13558.212 17695.990
13306.089 15778.488
14784.174 17005.329
9652.923 13640.047
11785.022 14389.573
14024.705 16385.759
7484.567 9512.851
14974.621 17414.175
10356.860 14849.503
7852.780 12381.350
13172.746 14822.857
12182.997 17178.143
11538.550 14392.665
13219.123 14822.857
13221.943 17491.780
11820.304 14111.549
12731.814 15793.397
12354.852 14357.031
12287.859 15206.282
12988.257 15947.632
7658.247 10202.847
7484.567 9512.851
12217.225 15299.836
7893.590 10202.847
14974.621 17414.175
11538.550 13907.715
12527.121 15206.282
12172.520 15795.224
13219.123 14822.857
13552.591 16510.766
14234.606 17245.457
10356.860 15097.052
14024.705 16385.759
13306.089 16400.996
13219.123 14822.857
13306.089 16510.766
7484.567 9512.851
13219.123 14822.857
11538.550 14392.665
15155.147 19388.259
11405.005 15097.052
13219.123 14822.857
13172.746 15596.687
13306.089 15778.488
13306.089 16510.766
14234.606 17245.457
12967.981 15878.223
10356.860 13168.569
12731.814 15793.397
14348.577 17491.780
7852.780 12381.350
13113.373 16029.035
13172.746 14977.939
11820.304 15795.224
11820.304 15795.224
10356.860 14849.503
14667.892 18219.790
14784.174 16910.461
13970.766 16165.820
7658.247 10202.847
14129.141 16754.905
7658.247 10202.847
12517.105 14708.705
14974.621 17233.186
14974.621 17414.175
7852.780 11500.892
12517.105 14708.705
10356.860 15097.052
14915.967 19434.473
7852.780 10457.792
14803.959 17184.026
12491.452 17184.026
14024.705 16385.759
12361.619 15155.245
12354.852 14357.031
15472.297 17491.780
13946.502 16165.820
13172.746 14913.621
7484.567 9512.851
11538.550 14054.914
12287.859 15588.206
7475.380 9512.851
12354.852 14708.705
10356.860 14849.503
13172.746 15526.024
13741.046 17184.026
11896.131 15738.172
14545.737 16510.766
7658.247 10202.847
11820.304 14205.663
13172.746 15883.497
9228.018 13640.047
14915.967 19434.473
14481.391 16385.759
13970.766 16165.820
14974.621 16918.434
8547.309 13037.788
15155.147 19434.473
14667.892 17411.721
14024.705 16385.759
12895.683 17695.990
13221.943 17491.780
13306.089 15883.364
10356.860 12760.683
14558.391 17184.026
13172.746 15596.687
13553.709 16510.766
13946.502 16113.932
7852.780 10457.792
14129.141 16380.869
13946.502 16256.261
12287.859 14865.302
14974.621 17191.753
13172.746 16193.947
13946.502 15858.598
12354.852 14821.032
12354.852 14854.840
12899.724 15878.223
11820.304 15795.224
12354.852 14396.289
12354.852 14357.031
10356.860 13648.692
13946.502 16113.932
13113.373 16510.766
14667.892 17338.199
14234.606 18679.229
7852.780 10127.143
13729.842 17850.636
12517.105 14708.705
14784.174 17005.329
11248.840 13640.047
14803.959 17184.026
14974.621 17491.780
11785.022 14296.639
7658.247 10202.847
12517.105 14708.705
15155.147 19434.473
12895.683 17695.990
10160.172 13640.047
11820.304 15795.224
14974.621 16640.163
13946.502 16113.932
9620.770 13640.047
13219.123 14822.857
13946.502 16165.820
10761.261 13954.892
8547.309 12381.350
14129.141 16380.869
14667.892 17833.115
13609.904 16510.766
10356.860 15097.052
13818.868 16510.766
14667.892 17740.381
12354.852 15952.987
13862.546 18219.790
13306.089 16510.766
13181.588 17491.780
13306.089 16510.766
13172.746 14913.621
8547.309 13303.180
14667.892 18219.790
13749.599 18139.885
11248.840 13640.047
12354.852 16313.093
13306.089 16510.766
13306.089 16510.766
9741.184 13640.047
11248.840 13640.047
14974.621 16640.163
12354.852 16313.093
14129.141 16380.869
12549.230 14822.857
14784.174 17005.329
13946.502 16165.820
7852.780 10096.231
14024.705 16385.759
15262.733 18219.790
11751.937 14296.639
13306.089 15778.488
7484.567 9512.851
12899.724 15855.919
14234.606 19295.369
14974.621 17414.175
11820.304 15795.224
12895.683 17695.990
12606.253 15752.544
12501.716 15206.282
13219.123 14822.857
14974.621 16640.163
14974.621 17414.175
12354.852 14711.518
15155.147 19434.473
12287.859 15331.725
12895.683 17695.990
12731.814 15793.397
14974.621 17414.175
13172.746 15596.687
7658.247 10202.847
13514.752 17184.026
8547.309 13037.788
7677.782 10202.847
13514.752 17184.026
7658.247 10202.847
7852.780 12381.350
8547.309 13640.047
14545.737 16510.766
7852.780 10457.792
15290.628 17491.780
14024.705 16385.759
12354.852 16313.093
11820.304 15045.884
14667.892 17005.329
13306.089 16510.766
13172.746 15596.687
12600.391 17009.532
11881.918 16040.873
14024.705 16385.759
12895.683 17695.990
15290.628 17491.780
11793.481 15661.746
14784.174 17005.329
10356.860 12750.680
14784.174 16910.461
14234.606 18679.229
14667.892 17994.001
14667.892 17338.199
14974.621 17414.175
12287.859 15684.078
12287.859 14893.736
15150.309 19434.473
9741.184 13640.047
11820.304 15795.224
12899.724 15793.397
14290.451 17184.026
11248.840 13640.047
14974.621 17414.175
14473.683 16099.436
12287.859 15206.282
10356.860 14762.182
12287.859 15331.725
10356.860 13954.892
12287.859 15206.282
13172.746 15596.687
13357.576 16312.983
14667.892 17005.329
11820.304 15795.224
12287.859 15206.282
14224.955 16385.759
14024.705 16385.759
7658.247 10202.847
13970.766 16165.820
15262.733 18219.790
7852.780 10096.231
7658.247 10202.847
14129.141 16798.348
13172.746 14822.857
7658.247 10202.847
13172.746 15596.687
13609.904 16510.766
7852.780 12358.923
11019.887 13640.047
14974.621 16640.163
14667.892 17005.329
13306.089 15949.707
10356.860 13954.892
14447.753 19434.473
13609.904 16510.766
13741.046 17184.026
11538.550 13907.715
14784.174 17005.329
14667.892 18219.790
13125.236 14822.857
11785.022 14296.639
9741.184 13640.047
9228.018 13640.047
8260.876 10202.847
7475.380 9512.851
13172.746 15596.687
11820.304 15795.224
7658.247 10202.847
12354.852 16313.093
11793.481 16040.873
14667.892 18219.790
12287.859 15206.282
12501.716 15206.282
7852.780 10457.792
11820.304 14111.549
11820.304 15795.224
13172.746 15526.024
14784.174 17005.329
7484.567 9512.851
14234.606 16894.185
15155.147 19434.473
13219.123 14822.857
11820.304 15795.224
7852.780 11613.767
11793.481 15661.746
12991.131 14822.857
7484.567 10048.950
10356.860 15097.052
11248.840 13640.047
14234.606 18706.979
12468.207 15155.245
14234.606 18498.721
7852.780 10457.792
14784.174 16910.461
10356.860 15097.052
14974.621 17414.175
7658.247 10202.847
12287.859 16873.975
7852.780 11445.042
14353.914 16510.766
15395.999 18219.790
14473.683 16099.436
10356.860 14849.503
13946.502 16165.820
14667.892 17989.321
12287.859 15206.282
12815.373 15778.488
15472.297 17491.780
11793.481 15961.796
10356.860 14668.277
13219.123 14822.857
12354.852 16313.093
12491.452 17184.026
14290.451 17184.026
10416.769 13954.892
7684.063 10202.847
14024.705 16385.759
13172.746 15596.687
14667.892 18219.790
12468.207 15155.245
13946.502 16113.932
8243.716 10202.847
13600.722 17695.990
10356.860 12746.739
14667.892 17411.721
13172.746 15596.687
14667.892 18219.790
12517.105 14708.705
12354.852 14708.705
11504.443 15097.052
15155.147 19434.473
13176.217 17695.990
7852.780 10858.842
12285.933 15114.036
13578.410 17184.026
12361.619 15114.036
14024.705 16385.759
13172.746 14913.621
14974.621 17491.780
13219.123 14822.857
15155.147 19434.473
12683.242 15778.488
13360.798 17491.780
14974.621 17491.780
10356.860 12939.790
11820.304 15795.224
9741.184 13640.047
14225.026 16099.436
14974.621 17414.175
13172.746 14822.857
14667.892 18219.790
14129.141 16380.869
13172.746 15596.687
13946.502 15858.598
11820.304 15795.224
14129.141 16726.850
13172.746 15596.687
13970.766 16165.820
11104.716 15097.052
14024.705 16385.759
13749.599 18167.369
14974.621 17414.175
12287.859 15206.282
13884.756 16099.436
13578.410 17184.026
10356.860 15097.052
13970.766 16165.820
12287.859 15206.282
10356.860 14849.503
12354.852 16313.093
13172.746 15526.024
15259.084 17184.026
10356.860 15097.052
15150.309 19434.473
12287.859 15206.282
15155.147 19434.473
7475.380 9512.851
12287.859 15331.725
12781.259 15793.397
13306.089 16034.280
14473.683 16385.759
14473.683 16385.759
12354.852 16313.093
12806.847 17491.780
9741.184 13640.047
11405.005 15097.052
9042.429 13640.047
14353.914 16510.766
14462.857 16099.436
13600.722 17695.990
13172.746 14913.621
12354.852 16137.803
7677.782 10202.847
13172.746 15526.024
11248.840 13640.047
11820.304 15311.955
15060.930 17573.185
11820.304 15795.224
7852.780 10127.143
10356.860 15097.052
12361.619 15155.245
14024.705 16385.759
12517.105 14708.705
7852.780 10457.792
11881.918 16040.873
11793.481 15961.796
13219.123 14822.857
7484.567 9512.851
13946.502 16256.261
14915.967 19434.473
15155.147 19434.473
13172.746 14913.621
7658.247 10202.847
10356.860 15097.052
14974.621 17414.175
12501.716 15206.282
13818.868 16510.766
13970.766 16165.820
7658.247 10202.847
7852.780 11445.042
11248.840 13640.047
13970.766 16165.820
15155.147 19434.473
10356.860 13954.892
13280.903 16099.436
7852.780 10457.792
13172.746 16193.947
12899.724 15878.223
14129.141 16798.348
14369.900 17491.780
8158.038 10202.847
13306.089 16510.766
14473.683 16099.436
11820.304 15317.890
12354.852 14711.518
11793.481 15668.309
11019.887 13640.047
12287.859 17092.806
12354.852 14357.031
12354.852 16578.652
12501.716 15206.282
13946.502 16165.820
14974.621 17191.753
14974.621 17414.175
11820.304 15795.224
15155.147 19434.473
13172.746 15526.024
8158.038 10202.847
12287.859 15206.282
12517.105 14708.705
8547.309 13037.788
12354.852 16313.093
12361.619 15155.245
13946.502 16113.932
14667.892 17005.329
12882.816 15206.282
11785.022 15228.325
12038.186 16040.873
14784.174 17005.329
13219.123 14822.857
12354.852 16313.093
11840.060 15795.224
15269.279 17491.780
7484.567 9512.851
13219.123 14822.857
13853.219 16385.759
11820.304 15139.545
9741.184 13640.047
14974.621 17414.175
11840.060 15795.224
11820.304 15795.224
12287.859 15206.282
13749.599 17889.420
12354.852 15020.300
7852.780 10457.792
7893.590 10202.847
12815.373 15778.488
7484.567 9512.851
12895.683 17695.990
14024.705 16385.759
14129.141 16726.850
15024.562 17184.026
13172.746 15526.024
13946.502 16256.261
13172.746 15526.024
8158.038 10202.847
12865.432 17422.939
12287.859 15931.202
11820.304 15795.224
14974.621 17414.175
7852.780 11611.819
15262.733 18219.790
13172.746 15596.687
14667.892 18219.790
