14129.141 16380.869
13853.219 16385.759
14667.892 17411.721
14915.967 19434.473
15024.562 17184.026
15050.264 17184.026
10416.769 13954.892
13300.340 16099.436
14369.900 17491.780
12361.619 15155.245
13946.502 16113.932
7484.567 9512.851
13970.766 16165.820
10356.860 15097.052
12361.619 15114.036
13636.232 16099.436
7852.780 10457.792
15262.733 18219.790
13946.502 16113.932
8547.309 13640.047
10386.396 15097.052
11248.840 13640.047
7852.780 12381.350
11820.304 14892.953
14667.892 18219.790
13172.746 15766.208
15436.400 17491.780
14129.141 16754.905
11820.304 15795.224
15290.628 17491.780
14667.892 18219.790
13970.766 16165.820
7658.247 10202.847
13946.502 16113.932
13306.089 16367.067
10356.860 13954.892
10356.860 12746.739
7852.780 10096.231
13172.746 16193.947
14667.892 18219.790
14473.683 16385.759
11248.840 13704.200
14667.892 17411.721
13172.746 15596.687
14473.683 16099.436
13219.123 14822.857
13578.410 17184.026
14667.892 18219.790
12714.968 15206.282
7658.247 10202.847
14234.606 18679.229
11820.304 14982.301
13946.502 16113.932
13125.236 14822.857
13962.201 17491.780
10356.860 14849.503
13818.868 16510.766
14024.705 16385.759
13125.236 14822.857
10356.860 13954.892
12287.859 14632.939
14796.013 17184.026
7852.780 10457.792
12616.247 15206.282
15472.297 17491.780
15290.628 17491.780
14408.873 16385.759
7852.780 10457.792
11881.918 16040.873
13946.502 16113.932
15262.733 18219.790
12287.859 15697.749
13306.089 16510.766
14545.737 16510.766
11820.304 15795.224
12287.859 15206.282
14784.174 16910.461
13946.502 16165.820
14784.174 17005.329
13946.502 15858.598
13946.502 16165.820
11785.022 14540.811
14369.900 17491.780
13219.123 14822.857
14667.892 18219.790
12731.814 15752.544
12287.859 15206.282
7475.380 9512.851
14225.026 16099.436
8678.141 13640.047
7484.567 10048.950
12172.520 15795.224
7852.780 10457.792
12354.852 15020.300
14667.892 17005.329
12287.859 15206.282
7484.567 9512.851
13946.502 16113.932
14234.606 19434.473
14974.621 16874.159
14667.892 17994.001
15019.410 18219.790
13306.089 16367.067
8547.309 13037.788
14129.141 16380.869
15592.629 17491.780
14290.451 17184.026
11820.304 15795.224
13946.502 16113.932
7475.380 9512.851
8039.980 12381.350
13306.089 16510.766
14974.621 17233.186
7658.247 10202.847
11820.304 15160.943
15060.930 17465.844
12101.294 17096.216
10356.860 13954.892
7475.380 9512.851
13172.746 15596.687
12361.619 15155.245
14784.174 16910.461
14234.606 16666.376
7475.380 9512.851
14353.914 16510.766
8039.980 12381.350
11019.887 13640.047
7484.567 9512.851
13172.746 14913.621
7677.782 10202.847
12354.852 14708.705
12287.859 15206.282
13172.746 15526.024
13946.502 15858.598
7852.780 11611.819
11538.550 14104.467
13219.123 14822.857
12477.499 17332.059
13219.123 14822.857
12517.105 14708.705
13458.518 17184.026
15163.744 19434.473
15155.147 19434.473
14974.621 16640.163
13749.599 17958.694
12287.859 15206.282
12501.716 15206.282
13970.766 16165.820
8547.309 13640.047
13514.752 17184.026
9741.184 13640.047
15290.628 17491.780
15155.147 19434.473
11793.481 15961.796
14784.174 17136.126
13429.163 17184.026
8547.309 13037.788
11556.886 14163.485
13484.110 16510.766
11793.481 15661.746
13514.752 17184.026
13946.502 16113.932
15073.205 19434.473
12354.852 14446.453
12354.852 16460.759
12361.619 15155.245
13853.219 16385.759
15155.147 18737.737
10356.860 13279.613
13749.599 18139.885
13306.089 16510.766
14974.621 17176.734
11820.304 14408.039
13149.054 16510.766
7852.780 10457.792
14784.174 16910.461
12354.852 14357.031
10356.860 14849.503
14667.892 17005.329
14024.705 16385.759
12361.619 15155.245
14784.174 16910.461
10726.260 13954.892
15289.670 19434.473
13306.089 15778.488
13132.999 17695.990
7677.782 10202.847
11248.840 13640.047
13970.766 16165.820
12354.852 14906.817
11820.304 15795.224
11793.481 16040.873
12287.859 16128.416
13514.752 17184.026
14915.967 19434.473
13946.143 17184.026
7234.140 9512.851
13092.701 14822.857
14784.174 17005.329
11793.481 16040.873
14974.621 17491.780
12501.716 15206.282
13946.502 16113.932
14974.621 16640.163
15155.147 19434.473
7658.247 10202.847
15155.147 19434.473
13113.373 16510.766
14234.606 19434.473
11820.304 15795.224
14974.621 17491.780
12361.619 15114.036
13219.123 14822.857
12354.852 16031.767
13338.745 16510.766
13219.123 14822.857
8243.716 10202.847
12354.852 16460.759
14234.606 18679.229
13219.123 14822.857
13219.123 14822.857
13172.746 14913.621
13172.746 14913.621
13946.502 16113.932
7658.247 10202.847
14129.141 16754.905
7484.567 9512.851
12585.826 17184.026
15290.628 17491.780
14784.174 17005.329
14974.621 17414.175
10356.860 15097.052
12287.859 15206.282
15290.628 17491.780
12287.859 17184.026
10356.860 15097.052
13853.219 16385.759
7658.247 10202.847
11248.840 13640.047
11793.481 15629.780
14951.546 19434.473
14667.892 17898.889
13946.502 16050.655
12287.859 17184.026
14784.174 16910.461
13306.089 16510.766
13306.089 16510.766
12600.391 17370.706
13219.123 14822.857
14667.892 17005.329
12895.683 17695.990
13946.502 16113.932
12585.826 17184.026
15341.659 19434.473
12874.516 15206.282
14915.967 19434.473
15155.147 19434.473
13172.746 15596.687
14024.705 16385.759
12287.859 15206.282
13946.502 16113.932
13172.746 15596.687
12361.619 15155.245
13280.903 16080.696
8243.716 10202.847
7658.247 10202.847
15150.309 19434.473
10356.860 13323.154
10356.860 13168.569
11248.840 13640.047
9781.838 13640.047
14667.892 18219.790
14129.141 16380.869
7852.780 12381.350
13172.746 15596.687
13946.502 16113.932
14784.174 17005.329
11785.022 15536.124
12354.852 16738.050
13172.746 15596.687
8039.980 12381.350
11248.840 13640.047
10356.860 14849.503
13749.599 18139.885
12585.826 17184.026
11751.937 14296.639
14667.892 17338.199
13306.089 15778.488
10356.860 13693.932
15155.147 18434.962
10356.860 12760.683
12287.859 15206.282
13306.089 16323.265
12569.654 14822.857
14473.683 16385.759
13306.089 15778.488
11820.304 14267.007
15155.147 19434.473
7484.567 9512.851
13749.599 18139.885
13376.848 17695.990
14784.174 17005.329
11820.304 15795.224
15155.147 19434.473
13149.054 16510.766
14667.892 17005.329
7658.247 10202.847
9781.838 13640.047
14024.705 16385.759
15259.084 17184.026
11820.304 15795.224
14784.174 17005.329
12354.852 14417.996
15050.264 17184.026
13766.698 17491.780
12287.859 15206.282
7852.780 10096.231
14369.900 17491.780
7484.567 9512.851
13946.502 16113.932
14667.892 18219.790
14024.705 16385.759
14234.606 19434.473
11820.304 15795.224
13514.752 17184.026
12361.619 15155.245
14974.621 17266.395
12658.144 15778.488
14234.606 19054.577
12287.859 15206.282
11896.131 15607.243
11820.304 15795.224
7658.247 10202.847
14784.174 16910.461
13132.999 17695.990
14129.141 16416.236
13306.089 16510.766
14974.621 17414.175
10356.860 13457.923
12287.859 15206.282
15060.930 17880.102
12287.859 17051.928
14974.621 17233.186
14024.705 16385.759
11820.304 15795.224
12501.716 15206.282
13219.123 14822.857
13853.219 16385.759
13946.502 16113.932
15078.218 17184.026
13609.904 16510.766
14719.732 16510.766
14667.892 17005.329
10356.860 14056.181
14974.621 17414.175
13970.766 16165.820
13172.746 16182.303
15155.147 19434.473
13113.373 16333.475
13172.746 15596.687
7658.247 10202.847
10356.860 13954.892
13609.904 16510.766
14018.116 16339.938
12361.619 15155.245
13172.746 14913.621
13970.766 16165.820
7852.780 10457.792
12287.859 15206.282
13176.217 17695.990
15155.147 19434.473
14024.705 16385.759
12501.716 15206.282
7658.247 10202.847
7852.780 10096.231
13946.502 16113.932
14974.621 17491.780
12967.981 15878.223
13172.746 15596.687
11405.005 15097.052
13946.502 16113.932
14784.174 17005.329
14473.683 16099.436
13219.123 14822.857
9781.838 13640.047
14974.621 16640.163
15436.400 17491.780
13172.746 14913.621
11820.304 15795.224
12354.852 16313.093
14667.892 18219.790
9228.018 13640.047
13219.123 14822.857
14667.892 18219.790
12517.105 14708.705
13176.217 17695.990
7484.567 9512.851
14974.621 16640.163
11820.304 15795.224
13280.903 16032.329
14667.892 18219.790
14784.174 17005.329
15472.297 17491.780
12899.724 15878.223
10356.860 15097.052
13946.502 16165.820
12287.859 16782.232
14667.892 18219.790
11405.005 15097.052
7658.247 10202.847
14667.892 18219.790
13853.219 16385.759
10575.181 15097.052
14974.621 17191.753
12895.683 17695.990
12477.499 17320.763
13946.502 16113.932
14024.705 16385.759
15024.562 17184.026
10356.860 14689.380
14784.174 16910.461
11019.887 13640.047
14129.141 16726.850
8260.876 10202.847
13609.904 16510.766
11820.304 15045.884
11820.304 15795.224
7658.247 10202.847
12354.852 14357.031
12491.452 17184.026
10356.860 15097.052
13172.746 15596.687
13306.089 16510.766
15060.930 17735.410
13970.766 16165.820
11820.304 15795.224
13132.999 17695.990
14473.683 16385.759
10464.144 15097.052
8547.309 12769.121
15155.147 19434.473
13946.502 15858.598
14369.900 17491.780
10761.261 13956.729
12271.904 15448.307
15155.147 19434.473
12354.852 14711.518
13149.054 16510.766
11538.550 13907.715
13306.089 15949.707
12815.373 15778.488
14667.892 17338.199
13946.502 16113.932
13172.746 15596.687
11820.304 15795.224
14667.892 17445.244
7677.782 10202.847
7484.567 9512.851
12287.859 15331.725
7852.780 10096.231
11820.304 15795.224
14394.678 16510.766
8547.309 13640.047
7484.567 9512.851
13946.502 16256.261
14784.174 17005.329
15150.309 19434.473
12354.852 14357.031
15034.836 18219.790
15155.147 19434.473
12354.852 16313.093
13149.054 16510.766
7658.247 10202.847
14974.621 17414.175
14974.621 17414.175
12354.852 14711.518
13172.746 14822.857
14784.174 16910.461
15290.628 17491.780
7852.780 10096.231
10356.860 13349.783
13946.502 16113.932
10640.037 13640.047
14974.621 17414.175
14694.853 18219.790
13172.746 14913.621
14784.174 17005.329
11820.304 15795.224
11785.022 14296.639
7852.780 10457.792
7852.780 12381.350
13970.766 16165.820
10356.860 15097.052
15155.147 19434.473
15060.930 17880.102
14473.683 16099.436
14784.174 16910.461
11538.550 14076.570
7475.380 9512.851
13514.752 17184.026
12815.373 15778.488
7852.780 12381.350
13884.756 16099.436
15024.562 17184.026
13970.766 16165.820
12468.207 15206.282
14024.705 16385.759
12538.149 15206.282
13219.123 14822.857
7658.247 10202.847
12899.724 15878.223
12468.207 15155.245
11896.131 15738.172
7658.247 10202.847
14271.803 18219.790
13970.766 16165.820
12549.230 14708.705
14784.174 17005.329
12354.852 15533.970
15155.147 18737.737
13946.143 17184.026
13946.502 16113.932
8039.980 12381.350
14473.683 16385.759
14974.621 17414.175
13741.046 17184.026
7677.782 10202.847
10356.860 15097.052
11820.304 15795.224
12287.859 15206.282
12585.826 17184.026
7484.567 9649.407
11881.918 16040.873
12287.859 15206.282
13172.746 15526.024
11881.918 16040.873
7484.567 9512.851
13306.089 16510.766
14974.621 17414.175
13132.999 17695.990
11820.304 15795.224
8547.309 12852.485
7852.780 10457.792
14473.683 16385.759
12967.981 15878.223
14974.621 17414.175
11820.304 15795.224
12361.619 15155.245
11820.304 14578.980
9741.184 13640.047
12361.619 15155.245
7475.380 9512.851
12361.619 15155.245
7852.780 10457.792
7484.567 9512.851
14667.892 17005.329
15155.147 19434.473
15155.147 18419.178
13172.746 14822.857
13818.868 16510.766
11780.698 15281.083
13306.089 16510.766
7484.567 9512.851
13946.502 16113.932
14024.705 16385.759
7677.782 10202.847
7475.380 9512.851
14974.621 17414.175
14369.900 17491.780
14784.174 16910.461
14024.705 16385.759
14974.621 17414.175
10356.860 12746.739
13818.868 16510.766
13458.518 17184.026
15155.147 19434.473
12863.757 15206.282
13946.502 16256.261
13172.746 14822.857
11820.304 15795.224
12354.852 16313.093
8547.309 12693.993
12606.253 15752.544
13946.502 16113.932
12095.788 16202.763
7852.780 12381.350
13113.373 15878.223
12287.859 15206.282
7658.247 10202.847
12096.887 17047.935
14784.174 16910.461
11820.304 14578.980
12600.391 17241.332
12521.166 15778.488
7658.247 10202.847
14129.141 16380.869
14784.174 17005.329
14974.621 16640.163
12806.847 17491.780
7475.380 9512.851
11820.304 14111.549
15609.893 18219.790
12339.763 15206.282
14974.621 16874.159
14974.621 17414.175
8039.980 12381.350
7852.780 10457.792
14974.621 17414.175
14974.621 16640.163
13172.746 16193.947
13172.746 16193.947
15155.147 19434.473
10356.860 15097.052
7852.780 12381.350
8547.309 13640.047
11881.918 16040.873
12501.716 15206.282
12354.852 16313.093
12414.444 15155.245
10356.860 13954.892
11820.304 15795.224
11820.304 14408.039
12354.852 14299.807
15452.789 17491.780
14404.982 18219.790
14667.892 17005.329
14905.062 18219.790
13609.904 16510.766
14667.892 17740.381
12287.859 15206.282
12895.683 17695.990
14667.892 18219.790
13172.746 15596.687
13300.340 16099.436
13113.373 16510.766
12477.499 17332.059
7431.408 9512.851
15590.933 17491.780
14974.621 17414.175
14667.892 17005.329
12361.619 15155.245
11820.304 15795.224
14667.892 18219.790
15262.733 18219.790
14667.892 18135.105
10554.876 15097.052
14234.606 16906.199
13172.746 16193.947
7852.780 10457.792
14784.174 17005.329
12501.716 15206.282
12506.942 15206.282
10356.860 13881.211
11248.840 13640.047
9130.646 13640.047
7684.063 10202.847
14473.683 16385.759
13484.110 16510.766
7484.567 9512.851
12822.411 17184.026
13946.502 16113.932
14667.892 18219.790
7484.567 9512.851
8301.646 10202.847
14024.705 16385.759
14449.350 17491.780
12489.297 17184.026
14024.705 16385.759
8304.998 10202.847
7852.780 10096.231
11820.304 15139.545
13280.903 16080.696
13306.089 15778.488
13149.054 16510.766
7484.567 9512.851
12895.683 17695.990
7484.567 9512.851
7484.567 9512.851
13946.502 16113.932
14667.892 17005.329
14784.174 17005.329
12361.619 15155.245
13818.868 16510.766
14974.621 16640.163
13306.089 16510.766
8547.309 13640.047
13280.903 16080.696
12287.859 15206.282
13219.123 14822.857
7658.247 10202.847
15341.659 19434.473
11405.005 15097.052
10356.860 13693.932
11820.304 15795.224
7658.247 10202.847
14234.606 17713.315
8671.945 13640.047
14974.621 17176.734
7475.380 9512.851
12354.852 14357.031
12354.852 14357.031
14974.621 17414.175
13219.123 14822.857
7852.780 10096.231
13962.201 17491.780
13946.502 16113.932
14667.892 17994.001
14974.621 17414.175
13946.502 16113.932
15155.147 19182.864
11820.304 15065.840
7852.780 10457.792
13172.746 16193.947
12731.814 15793.397
14784.174 17005.329
13172.746 14822.857
12287.859 16739.570
13306.089 15778.488
11019.887 13640.047
14024.705 16385.759
13172.746 16193.947
12287.859 16762.714
11248.840 13640.047
11248.840 13640.047
9228.018 13640.047
13609.904 16510.766
14667.892 18219.790
10356.860 14886.576
14234.606 18679.229
14499.795 19434.473
14974.621 17027.724
14024.705 16385.759
10356.860 15097.052
13149.054 16510.766
7852.780 10457.792
7658.247 10202.847
15197.806 19434.473
15106.037 17491.780
14667.892 17005.329
13219.123 14822.857
13306.089 16510.766
11820.304 15795.224
13219.123 14822.857
14667.892 17411.721
13514.752 17184.026
13306.089 16367.067
14343.738 16798.348
7852.780 10096.231
13113.373 16510.766
14784.174 17005.329
10356.860 14849.503
12354.852 14357.031
14784.174 16910.461
11820.304 15795.224
10356.860 13954.892
12287.859 15206.282
13609.904 16510.766
12865.432 17422.939
15341.659 19434.473
11793.481 15661.746
12287.859 15180.119
12287.859 17184.026
14024.705 16385.759
12354.852 16313.093
10356.860 13954.892
13946.502 16165.820
12287.859 14865.302
8547.309 12381.350
12354.852 14711.518
14974.621 17414.175
7658.247 10202.847
12287.859 14624.747
14667.892 17338.199
13172.746 14822.857
10356.860 15097.052
13946.502 16113.932
10356.860 15097.052
10356.860 13856.669
14784.174 17005.329
12361.619 15155.245
15290.628 17491.780
12287.859 15233.714
15436.400 17491.780
11829.752 15281.083
12287.859 15331.725
7484.567 9512.851
7484.567 9512.851
12895.683 17695.990
13172.746 15526.024
11785.022 14389.573
13946.502 16113.932
15731.869 17491.780
14024.705 16385.759
14353.914 16510.766
12517.105 14708.705
14234.606 17389.150
7852.780 10457.792
12287.859 17184.026
14974.621 17414.175
11248.840 13640.047
12285.933 15114.036
14129.141 16754.905
14234.606 16421.778
12354.852 14357.031
12895.683 17695.990
14024.705 16385.759
11405.005 15097.052
12354.852 14357.031
11820.304 15795.224
14234.606 18679.229
10356.860 13954.892
11248.840 13640.047
13946.502 16113.932
12287.859 15206.282
13946.502 16256.261
15024.562 17184.026
13970.766 16165.820
14473.683 16099.436
11019.887 13640.047
13514.752 17184.026
14752.345 17491.780
12287.859 15206.282
7852.780 10096.231
13176.217 17695.990
7852.780 10150.620
11386.145 13907.715
14343.738 16798.348
14928.524 18219.790
11019.887 13640.047
7893.590 10202.847
13946.502 15894.579
13219.123 14822.857
15215.733 18219.790
13219.123 14822.857
14667.892 17005.329
12287.859 15390.559
13172.746 14913.621
11898.459 14712.986
13970.766 16165.820
13946.502 16113.932
12517.105 14708.705
12287.859 15206.282
11785.022 14550.740
12287.859 15206.282
10356.860 13064.226
14974.621 17414.175
7658.247 10202.847
7484.567 9512.851
11793.481 15840.345
12287.859 15206.282
13458.518 17184.026
12956.661 17184.026
7484.567 9512.851
11785.022 14389.573
12354.852 15020.300
8234.883 12381.350
12287.859 15919.747
15155.147 18739.496
13946.502 16113.932
14667.892 18219.790
13484.110 16510.766
12899.724 15855.919
14234.606 19352.831
14784.174 16910.461
14667.892 17005.329
14473.683 16099.436
14784.174 17005.329
13946.502 16256.261
14024.705 16385.759
12287.859 16739.570
11405.005 15097.052
14974.621 17233.186
14369.900 17491.780
13946.502 16113.932
13172.746 15613.585
7658.247 10202.847
13970.766 16264.051
14024.705 16385.759
15155.147 19434.473
13113.373 16215.787
14234.606 18498.721
10356.860 13954.892
14803.959 17184.026
11898.459 14712.986
13741.046 17184.026
13306.089 16510.766
10640.037 13640.047
12895.683 17695.990
13172.746 14822.857
14369.900 17491.780
11820.304 15795.224
10356.860 14849.503
13306.089 16510.766
7484.567 9512.851
7484.567 9512.851
14784.174 17005.329
8260.876 10202.847
12354.852 16313.093
12489.297 17184.026
13113.373 16029.035
13219.123 14822.857
14234.606 18679.229
13125.236 14822.857
14974.621 17414.175
15155.147 19434.473
13970.766 16165.820
13946.502 16165.820
14024.705 16385.759
11820.304 15795.224
7484.567 9817.473
11785.022 15218.046
11946.984 16040.873
12361.619 15155.245
14784.174 16910.461
12361.619 15155.245
13172.746 15526.024
13221.943 17491.780
11793.481 15840.345
11820.304 15160.943
12287.859 15206.282
15155.147 19434.473
15259.084 17184.026
12517.105 14708.705
15155.147 19434.473
14974.621 17414.175
14974.621 17191.753
8547.309 12624.269
14499.795 19434.473
13132.999 17695.990
15436.400 17491.780
14974.621 17191.753
7852.780 10457.792
13172.746 14913.621
14784.174 17005.329
13172.746 15526.024
13219.123 14822.857
11248.840 13640.047
7475.380 9512.851
13946.502 16165.820
12287.859 17184.026
11248.840 13640.047
13970.766 16165.820
12585.826 17184.026
7852.780 10457.792
7852.780 12381.350
12287.859 17184.026
10934.075 13979.574
12517.105 14708.705
7475.380 9512.851
13172.746 15526.024
14784.174 16910.461
12354.852 16313.093
10356.860 13295.875
11820.304 15149.396
14915.967 19434.473
11405.005 15097.052
14024.705 16385.759
13219.123 14822.857
12354.852 16313.093
11405.005 15097.052
11405.005 15097.052
12923.265 15878.223
10726.260 13954.892
12277.721 17202.061
15472.297 17491.780
14667.892 17005.329
12339.763 15206.282
13113.373 15980.716
15155.147 19434.473
11820.304 15045.884
13970.766 16165.820
7658.247 10202.847
10356.860 14631.578
14667.892 17005.329
7852.780 12381.350
10356.860 15097.052
13970.766 16165.820
14784.174 17005.329
14545.737 16510.766
7677.782 10202.847
13172.746 15526.024
7475.380 9512.851
12354.852 16313.093
12287.859 14624.747
12501.716 15206.282
11820.304 15139.545
14234.606 18782.484
14784.174 16910.461
12626.172 15778.488
14784.174 17005.329
14667.892 17005.329
14024.705 16385.759
7475.380 9512.851
13221.943 17491.780
12501.716 15206.282
12354.852 16313.093
7484.567 9512.851
14974.621 16640.163
15289.670 19434.473
12354.852 16313.093
14482.182 16385.759
14784.174 16910.461
11820.304 14863.524
12361.619 15155.245
12361.512 14708.705
12287.859 15206.282
13970.766 16165.820
12549.230 14797.974
13946.502 16165.820
15155.147 19434.473
10934.075 13979.574
11820.304 15795.224
14024.705 16385.759
12895.683 17695.990
15034.836 18219.790
14473.683 16385.759
14369.900 17491.780
14473.683 16099.436
13306.089 16510.766
14129.141 16716.222
12287.859 17184.026
12287.859 15206.282
7699.067 10202.847
15472.297 17491.780
13172.746 15526.024
14267.857 17491.780
11248.840 13640.047
12585.826 17184.026
14667.892 18219.790
13132.999 17695.990
10356.860 14558.357
7852.780 10287.146
11820.304 15227.135
10356.860 14849.503
11785.022 15165.747
12354.852 16313.093
7067.675 9512.851
15034.836 18219.790
14667.892 18219.790
12354.852 14612.872
14747.994 17491.780
13172.746 15526.024
14176.951 17491.780
13219.123 14822.857
14974.621 17414.175
14234.606 17245.457
12501.716 15206.282
14803.959 17184.026
13946.502 16113.932
13946.502 16165.820
14667.892 18219.790
13946.502 16165.820
14129.141 16380.869
7852.780 11487.365
12287.859 16200.345
7852.780 10457.792
15181.125 19434.473
14473.683 16099.436
11248.840 13640.047
14667.892 18219.790
11785.022 14544.138
14974.621 17027.724
13132.999 17695.990
14784.174 17005.329
11829.752 15281.083
12361.619 15155.245
13970.766 16165.820
14915.967 19434.473
12339.763 15206.282
13946.502 16113.932
7852.780 10457.792
14801.884 17184.026
13176.217 17695.990
7852.780 10096.231
14129.141 16726.850
14473.683 16099.436
13946.502 16113.932
15007.601 17491.780
12354.852 14357.031
7658.247 10202.847
14784.174 17005.329
10356.860 15097.052
15155.147 19434.473
14473.683 16385.759
13306.089 16510.766
14473.683 16099.436
10356.860 13693.932
14974.621 16967.109
13219.123 14822.857
14353.914 16510.766
13970.766 16165.820
13172.746 15526.024
14234.606 18679.229
14974.621 17414.175
11820.304 15045.884
12491.452 17184.026
14784.174 17005.329
14234.606 17088.517
15791.543 17491.780
13970.766 16165.820
13219.123 14822.857
13514.752 17184.026
15034.836 18219.790
14915.967 19434.473
13172.746 14822.857
12585.826 17184.026
12354.852 14708.705
13970.766 16165.820
14667.892 18219.790
7852.780 10096.231
10356.860 13295.512
7658.247 10202.847
11820.304 15795.224
15472.297 17491.780
12899.724 15793.397
14974.621 17414.175
12285.933 15114.036
12287.859 15206.282
14545.737 16510.766
10356.860 14064.168
13946.502 16113.932
14667.892 18023.668
12354.852 14357.031
14974.621 16967.109
13172.746 15930.138
15024.562 17184.026
11820.304 15795.224
12354.852 16313.093
15290.628 17491.780
7484.567 9512.851
13946.502 16113.932
13305.904 16510.766
10356.860 13954.892
15262.733 18219.790
13360.798 17491.780
12354.852 16460.759
15228.371 19434.473
8547.309 12987.134
14380.795 18219.790
12806.847 17491.780
13946.502 16165.820
7852.780 10457.792
7658.247 10202.847
7658.247 10202.847
13172.746 15596.687
14784.174 17005.329
13306.089 16510.766
12585.826 17184.026
15261.141 19434.473
11743.364 14553.899
14667.892 18219.790
14784.174 16910.461
11896.131 15738.172
10761.261 13954.892
7475.380 9512.851
14784.174 16910.461
11820.304 15795.224
13219.123 14822.857
11248.840 13640.047
14784.174 17005.329
14667.892 17005.329
13306.089 16510.766
15155.147 18434.962
12354.852 14357.031
7966.246 12381.350
14024.705 16385.759
7475.380 9512.851
14974.621 17414.175
9652.923 13640.047
13609.904 16510.766
14667.892 17005.329
14667.892 17005.329
11538.550 14067.496
14234.606 16653.672
13946.502 16113.932
13946.502 16113.932
7484.567 9512.851
13172.746 14913.621
15155.147 18737.737
7852.780 10457.792
13946.502 16165.820
7852.780 10096.231
7658.247 10202.847
8547.309 12625.549
12287.859 14624.747
7658.247 10202.847
12899.724 15855.919
15155.147 19434.473
11820.304 15795.224
15024.562 17184.026
15155.147 19434.473
15262.733 18219.790
7658.247 10202.847
14784.174 17005.329
11538.550 14048.438
14667.892 18219.790
13946.502 16113.932
7978.046 10202.847
14473.683 16099.436
12354.852 16460.759
12287.859 15206.282
15155.147 19434.473
15290.628 17491.780
15155.147 19434.473
15339.401 18219.790
7852.780 10096.231
12899.724 15878.223
13946.502 16256.261
10356.860 15097.052
10356.860 13993.411
14974.621 17469.846
14784.174 17005.329
12815.373 15778.488
7484.567 9512.851
7658.247 10202.847
15155.147 19434.473
7658.247 10202.847
13741.046 17184.026
12354.852 16313.093
13219.123 14822.857
13172.746 14913.621
12287.859 15206.282
15583.935 17491.780
14667.892 18219.790
13221.943 17491.780
14784.174 16910.461
7484.567 9512.851
14667.892 18219.790
10356.860 15097.052
11785.022 14296.639
11939.496 16040.873
13172.746 15526.024
14915.967 19434.473
11896.131 15738.172
14024.705 16385.759
15290.628 17491.780
13946.502 16113.932
7852.780 12381.350
14234.606 17777.462
13306.089 16367.067
14024.705 16385.759
13534.969 16510.766
12354.852 14357.031
7658.247 10202.847
15262.733 18219.790
15341.659 19434.473
11793.481 15661.746
10356.860 15097.052
15472.297 17491.780
15155.147 18913.819
11785.022 14665.198
14784.174 17005.329
14545.737 16510.766
12287.859 15206.282
11820.304 15795.224
13946.502 16113.932
12865.432 17422.939
14667.892 17989.321
7931.379 10202.847
10356.860 13478.947
11538.550 14067.496
14974.621 16640.163
14339.099 18219.790
14473.683 16099.436
7658.247 10202.847
13172.746 15596.687
12822.411 17184.026
14667.892 18219.790
7658.247 10202.847
7852.780 10096.231
13172.746 14913.621
12506.942 15206.282
8547.309 13037.788
7852.780 10457.792
12354.852 15854.125
13946.502 16113.932
13221.943 17491.780
12287.859 16873.975
14024.705 16385.759
15280.530 17491.780
10356.860 14849.503
8254.056 10202.847
14024.705 16385.759
12895.683 17695.990
11881.918 16040.873
12895.683 17695.990
7484.567 9512.851
7852.780 12381.350
13946.502 16113.932
10356.860 15097.052
12287.859 15206.282
13946.502 16113.932
11820.304 14863.524
11896.131 15738.172
13149.054 16510.766
14915.967 19434.473
15262.733 18219.790
11820.304 15045.884
13818.868 16510.766
7658.247 10202.847
7677.782 10202.847
14530.528 17491.780
15155.147 18737.737
7852.780 10096.231
14784.174 17005.329
13946.502 16165.820
14225.026 16099.436
13946.502 15858.598
14473.683 16099.436
13970.766 16165.820
7852.780 10457.792
13946.502 16165.820
13172.746 16193.947
12354.852 14357.031
12815.373 15778.488
13306.089 15778.488
12806.847 17491.780
13514.752 17184.026
14784.174 17005.329
14234.606 18679.229
12354.852 14714.254
11820.304 15795.224
13749.599 17850.636
15024.562 17184.026
11820.304 15795.224
13946.143 17184.026
15060.930 17827.887
13578.410 17184.026
15609.893 18219.790
13219.123 14822.857
13149.054 16510.766
13306.089 16510.766
7484.567 9512.851
7658.247 10202.847
13749.599 18219.790
15472.297 17491.780
14667.892 17898.889
13176.217 17695.990
15024.562 17184.026
14974.621 16640.163
13219.123 14822.857
12361.619 15155.245
13306.089 16510.766
7852.780 10096.231
13149.054 16510.766
14234.606 16906.199
13113.373 15947.736
13172.746 14822.857
15155.147 18901.875
13741.046 17184.026
11820.304 14863.524
13609.904 16510.766
14974.621 16640.163
9741.184 13640.047
7658.247 10202.847
14024.705 16385.759
14784.174 17005.329
9228.018 13640.047
11820.304 15795.224
13280.903 16080.696
14784.174 17005.329
13946.502 16113.932
11019.887 13640.047
15290.628 17491.780
14974.621 16640.163
14129.141 16339.938
14353.914 16510.766
13132.999 17695.990
14667.892 17005.329
12477.499 17332.059
13946.502 16113.932
8547.309 13640.047
11785.022 14389.573
13853.219 16385.759
14667.892 17005.329
14676.369 16510.766
7658.247 10202.847
14024.705 16385.759
14024.705 16385.759
12287.859 15206.282
15155.147 18434.962
12287.859 15206.282
14974.621 17414.175
14473.683 16099.436
12489.297 17184.026
13946.502 16113.932
13946.502 16050.655
13306.089 16510.766
13749.599 18219.790
13880.326 16510.766
14915.967 19434.473
13113.373 16510.766
13132.999 17695.990
15211.332 19434.473
12895.683 17695.990
13172.746 14913.621
14667.892 18219.790
7658.247 10202.847
13172.746 14822.857
11820.304 15795.224
7852.780 12381.350
14784.174 16910.461
12359.125 15778.488
12774.186 15206.282
13172.746 15596.687
7658.247 10202.847
14784.174 17005.329
13306.089 15883.364
13063.693 15878.223
13946.502 16113.932
15150.309 19434.473
14784.174 17005.329
15341.659 19434.473
14234.606 19352.831
12583.657 17332.059
13514.752 17184.026
12287.859 14632.939
7658.247 10202.847
14505.885 16385.759
12822.411 17184.026
10356.860 13954.892
11879.217 15795.224
13219.123 14822.857
13946.502 15858.598
13306.089 15778.488
13946.502 16242.206
14129.141 16798.348
11795.343 16040.873
11881.918 16040.873
13946.502 16113.932
14734.491 18219.790
14974.621 16640.163
14059.830 16510.766
13306.089 16510.766
13660.361 17491.780
7852.780 10096.231
13600.827 17850.636
12354.852 15370.899
12361.619 15114.036
11538.550 14104.467
12606.253 15752.544
14129.141 16552.366
14974.621 17414.175
12527.121 15206.282
13818.868 16510.766
12521.166 15778.488
12501.716 15206.282
12517.105 14708.705
7658.247 10202.847
10356.860 12746.739
8547.309 13037.788
14545.737 16510.766
14784.174 17005.329
14784.174 16910.461
7852.780 10457.792
13946.502 16113.932
14276.645 16385.759
11820.304 15795.224
12287.859 15697.749
13306.089 16510.766
14667.892 17005.329
12899.724 15855.919
11820.304 15795.224
13172.746 14822.857
10356.860 13954.892
15472.297 17491.780
10356.860 15097.052
10356.860 14849.503
13609.904 16510.766
12491.452 17184.026
11820.304 15227.135
7677.782 10202.847
15155.147 18739.496
7484.567 9512.851
14667.892 17005.329
14448.931 16510.766
14974.621 16640.163
14129.141 16716.222
11405.005 15097.052
12354.852 15020.300
14473.683 16099.436
12354.852 15020.300
10934.075 13979.574
11785.022 14389.573
14667.892 17138.616
14784.174 16910.461
14050.110 16385.759
8039.980 12381.350
8254.056 10202.847
12354.852 14357.031
14784.174 16910.461
12501.716 15206.282
9741.184 13640.047
7658.247 10202.847
12731.814 15793.397
13716.908 17184.026
13306.089 16510.766
11820.304 15227.135
11248.840 13674.942
13946.502 15894.579
7484.567 9512.851
15259.084 17184.026
14234.606 18679.229
13853.219 16385.759
14473.683 16385.759
13514.752 17184.026
14473.683 16099.436
7677.782 10202.847
14545.737 16510.766
13132.999 17695.990
8547.309 12625.549
7852.780 10096.231
14484.763 16385.759
13749.599 18219.790
7658.247 10202.847
7677.782 10202.847
12354.852 14708.705
12287.859 15368.711
13172.746 15596.687
10298.109 13640.047
12501.716 15206.282
13172.746 14913.621
13899.574 16510.766
12095.788 16530.279
13172.746 14822.857
14667.892 17994.001
14974.621 17491.780
13306.089 16510.766
12491.452 17184.026
12501.716 15206.282
7852.780 10096.231
11751.937 14296.639
8547.309 13640.047
13219.123 14822.857
12616.247 15206.282
13946.502 16165.820
12361.619 15155.245
12287.859 17162.971
14667.892 18219.790
11248.840 13640.047
12287.859 15206.282
14784.174 17005.329
13306.089 16510.766
13946.502 15858.598
7475.380 9512.851
7658.247 10202.847
12287.859 17051.928
13113.373 16510.766
12287.859 15206.282
11820.304 15795.224
14667.892 17005.329
14667.892 17005.329
7658.247 10202.847
7658.247 10202.847
13514.752 17184.026
14405.274 16798.348
12822.411 17184.026
11751.937 14296.639
13741.046 17184.026
7852.780 12381.350
12361.619 15155.245
13219.123 14822.857
14234.606 18498.721
10356.860 13874.145
10063.084 13640.047
13172.746 15526.024
13172.746 15526.024
15341.659 19434.473
13113.373 15878.223
14024.705 16385.759
13609.904 16510.766
15155.147 19434.473
11820.304 14322.797
12441.654 15206.282
13946.502 16256.261
13970.766 16165.820
12287.859 15660.466
13970.766 16165.820
12491.452 17184.026
8547.309 13037.788
15472.297 17491.780
11405.005 15097.052
14225.026 16099.436
8942.362 13640.047
15034.836 18219.790
13306.089 15949.707
13946.502 16113.932
13946.502 15858.598
13946.502 16165.820
15472.297 17491.780
15155.147 18739.496
13946.502 16256.261
7852.780 10096.231
11820.304 15795.224
13946.502 16113.932
15259.084 17184.026
12501.716 15206.282
13172.746 14913.621
12287.859 15206.282
12895.683 17695.990
14473.683 16099.436
14129.141 16596.073
13172.746 15883.497
12527.121 15206.282
14974.621 17491.780
11820.304 15139.545
7852.780 11611.819
12585.826 17184.026
6913.613 9367.499
14803.959 17184.026
12287.859 15206.282
13946.502 16113.932
8547.309 12508.941
10356.860 13457.923
12517.105 14708.705
8254.056 10202.847
12287.859 15331.725
13149.054 16510.766
12287.859 15532.121
10761.261 13954.892
14473.683 16385.759
15215.733 18219.790
7658.247 10202.847
11820.304 15795.224
14024.705 16385.759
10416.769 13954.892
14050.110 16385.759
14545.737 16510.766
14024.705 16385.759
14784.174 16910.461
13970.766 16165.820
13306.089 16185.699
8039.980 12381.350
13970.766 16165.820
7852.780 12381.350
12468.207 15155.245
13172.746 15526.024
13218.696 15952.990
13946.502 16113.932
14024.705 16385.759
9228.018 13640.047
14129.141 16726.850
11820.304 15795.224
10356.860 14322.988
14024.705 16385.759
15155.147 18737.737
11248.840 13640.047
15259.084 17184.026
11533.847 14163.485
15155.147 19434.473
13946.502 16113.932
7658.247 10202.847
14473.683 16385.759
14667.892 18219.790
15034.836 18219.790
13172.746 15596.687
13172.746 15596.687
10356.860 15097.052
15155.147 19434.473
8547.309 12381.350
11248.840 13640.047
12354.852 15343.981
7658.247 10202.847
7852.780 10666.631
14997.682 17184.026
12354.852 16958.984
13219.123 14822.857
11820.304 15139.545
15259.084 17184.026
15215.733 18219.790
13219.123 14822.857
15259.084 17184.026
13172.746 14822.857
12354.852 16313.093
15290.628 17491.780
13172.746 15596.687
15155.147 19434.473
14369.900 17491.780
12731.814 15793.397
14784.174 17005.329
14473.683 16385.759
7484.567 9512.851
8039.980 12381.350
13167.813 15778.488
11538.550 13907.715
7852.780 12381.350
12527.121 15206.282
12354.852 16958.984
7484.567 9512.851
13132.999 17695.990
13946.502 16113.932
14024.705 16385.759
13219.123 14822.857
13172.746 14822.857
14129.141 16380.869
12501.716 15206.282
13172.746 15596.687
12527.121 15206.282
12287.859 15331.725
7484.567 9512.851
12501.716 15206.282
13609.904 16510.766
11820.304 14816.927
13149.054 16510.766
11405.005 15097.052
12967.981 15878.223
13132.999 17695.990
14784.174 17005.329
14473.683 16099.436
7484.567 9676.764
14915.967 19434.473
12287.859 15331.725
14040.365 16510.766
10356.860 13984.920
13946.502 16165.820
7852.780 10096.231
13172.746 15596.687
13172.746 15596.687
13113.373 16510.766
13600.722 17850.636
15155.147 19434.473
14784.174 16910.461
15259.084 17184.026
11820.304 15795.224
14225.026 16099.436
13219.123 14822.857
14784.174 17005.329
14784.174 16910.461
12585.826 17184.026
14667.892 18219.790
7658.247 10202.847
14290.451 17184.026
13172.746 14913.621
7852.780 10457.792
8547.309 13497.642
11820.304 15795.224
11538.550 14104.467
12287.859 17184.026
7893.590 10202.847
14225.026 16099.436
12731.814 15793.397
11820.304 15795.224
13172.746 14913.621
10356.860 14849.503
14473.683 16099.436
13946.502 16113.932
15024.562 17184.026
12895.683 17695.990
7852.780 10096.231
15034.836 18219.790
13172.746 15596.687
13172.746 15465.604
14974.621 17414.175
15155.147 19434.473
13172.746 15883.497
12354.852 14708.705
7852.780 10457.792
8547.309 12625.549
8260.876 10202.847
13884.756 16099.436
14974.621 17414.175
13946.502 16165.820
13172.746 15596.687
15155.147 19434.473
7475.380 9512.851
13172.746 15596.687
7658.247 10202.847
14473.683 16099.436
13172.746 15596.687
7658.247 10202.847
14234.606 16906.199
14784.174 17136.126
13172.746 15596.687
14473.683 16385.759
13853.219 16385.759
8942.362 13640.047
15155.147 19434.473
7475.380 9512.851
7658.247 10202.847
12815.373 15778.488
14343.738 16798.348
12501.716 15206.282
13280.903 16032.329
11898.459 14710.064
13948.123 16165.820
7852.780 10457.792
10356.860 13954.892
10356.860 13954.892
15155.147 19434.473
10467.004 13640.047
14667.892 18219.790
10356.860 14849.503
12354.852 15691.565
12287.859 15206.282
12501.716 15206.282
7658.247 10202.847
7852.780 12381.350
14473.683 16099.436
11896.131 15577.260
13946.502 16256.261
14024.705 16385.759
7658.247 10202.847
7852.780 10096.231
15155.147 19434.473
7484.567 9512.851
7658.247 10202.847
9781.838 13640.047
13946.502 16256.261
7658.247 10202.847
7852.780 10457.792
12345.747 15752.544
13749.599 18219.790
12271.904 15778.488
11248.840 13640.047
13305.904 16510.766
15155.147 18737.737
10995.528 13640.047
15155.147 18739.496
12287.859 15206.282
7658.247 10202.847
12956.661 17184.026
15289.670 19434.473
13172.746 14913.621
12354.852 16313.093
14915.967 19434.473
14915.967 19434.473
15290.628 17491.780
15155.147 19434.473
10416.769 13954.892
13970.766 16165.820
8547.309 13640.047
12361.619 15155.245
14974.621 17414.175
8547.309 12381.350
13853.219 16385.759
12600.391 17491.780
7852.780 10457.792
10356.860 13457.923
14024.705 16385.759
12287.859 15206.282
13172.746 14913.621
12361.619 15155.245
11820.304 15795.224
12339.763 15206.282
15155.147 19434.473
14234.606 18498.721
11820.304 15795.224
13946.502 16256.261
7852.780 10382.773
11820.304 15795.224
13219.123 14822.857
14473.683 16099.436
13172.746 15596.687
7658.247 10202.847
14667.892 18219.790
15155.147 18737.737
15060.930 17573.185
9741.184 13640.047
10356.860 13068.464
7658.247 10202.847
13172.746 16193.947
14667.892 17411.721
15155.147 19434.473
11829.752 15281.083
14784.174 17005.329
13219.123 14822.857
12287.859 15206.282
12649.141 17184.026
12354.852 14708.705
11785.022 15329.453
15155.147 19434.473
13458.518 17184.026
8039.980 12381.350
13219.123 14822.857
12527.121 15206.282
11785.022 15218.046
12354.852 14711.518
13221.943 17491.780
15893.335 17491.780
14208.760 17491.780
7484.567 9512.851
7658.247 10202.847
12610.559 15947.632
14473.683 16099.436
15155.147 19434.473
7658.247 10202.847
11405.005 15097.052
13219.123 14822.857
14667.892 18219.790
14024.705 16385.759
11248.840 13640.047
10356.860 13954.892
7677.782 10202.847
12501.716 15206.282
7475.380 9512.851
13946.502 15858.598
10356.860 13954.892
13451.848 17184.026
10432.399 15097.052
13172.746 14822.857
12895.683 17695.990
8547.309 12769.121
7484.567 9512.851
12527.121 15206.282
13172.746 15526.024
7484.567 9512.851
14915.967 19434.473
8770.061 13640.047
14129.141 16726.850
13946.502 16113.932
8547.309 13187.583
12731.814 15752.544
11405.005 15097.052
11820.304 15795.224
13219.123 14822.857
12361.619 15155.245
13300.340 16099.436
7852.780 10096.231
12967.981 15878.223
7484.567 9512.851
10356.860 13665.873
13306.089 15778.488
13219.123 14822.857
14234.606 19434.473
15259.084 17184.026
14667.892 17994.001
14024.705 16385.759
11820.304 15795.224
14024.705 16385.759
12354.852 16299.954
14803.959 17184.026
10356.860 14849.503
13609.904 16510.766
14974.621 17191.753
12287.859 15206.282
10356.860 13457.923
12354.852 14711.518
15583.935 17491.780
9781.838 13640.047
12354.852 14357.031
15155.147 19434.473
14784.174 16910.461
11820.304 15795.224
13514.752 17184.026
12517.105 14708.705
10356.860 13693.932
14234.606 19434.473
14974.621 17414.175
15259.084 17184.026
11785.022 14321.465
14353.914 16510.766
12287.859 15206.282
12468.207 15155.245
12354.852 16299.954
11820.304 14322.797
15034.836 18219.790
14974.621 17491.780
7677.782 10202.847
12354.852 15020.300
11248.840 13640.047
11790.918 14591.856
15290.628 17491.780
10356.860 13303.891
13219.123 14822.857
12354.852 15020.300
14208.760 17491.780
13219.123 14822.857
7658.247 10202.847
14234.606 17245.457
6945.831 9512.851
14234.606 17245.457
11820.304 14111.549
11538.550 14054.914
14234.606 18679.229
14545.737 16510.766
11793.481 15661.746
13219.123 14822.857
15884.970 17491.780
10726.260 13954.892
15155.147 19434.473
13946.502 16113.932
7852.780 10642.342
13818.868 16510.766
7658.247 10202.847
13946.143 17184.026
10356.860 15097.052
14473.683 16385.759
13749.599 17850.636
12287.859 17184.026
12361.619 15155.245
12354.852 16313.093
11820.304 15795.224
14677.944 17491.780
14974.621 16640.163
11820.304 15795.224
11820.304 15795.224
7484.567 9512.851
15108.585 18219.790
14667.892 17005.329
13946.502 16113.932
7658.247 10202.847
15290.628 17491.780
11405.005 15097.052
14974.621 17233.186
11248.840 13640.047
7677.782 10202.847
11820.304 15795.224
13172.746 15526.024
13306.089 16510.766
13946.502 16256.261
12287.859 15206.282
13609.904 16510.766
12287.859 15206.282
13219.123 14822.857
8243.716 10202.847
14784.174 17005.329
12822.411 17184.026
7658.247 10202.847
15289.670 19434.473
14974.621 17414.175
7677.782 10202.847
14199.420 16385.759
12991.131 14822.857
12549.230 14708.705
12517.105 14708.705
15155.147 19434.473
7484.567 9512.851
12731.814 15793.397
14667.892 18219.790
7852.780 11611.819
11248.840 13640.047
8547.309 13640.047
12606.253 15752.544
15155.147 18901.875
12354.852 16313.093
15155.147 19434.473
7677.782 10202.847
11820.304 15795.224
7658.247 10202.847
12354.852 16460.759
13172.746 14913.621
13484.110 16510.766
12606.253 15752.544
12815.373 15778.488
11820.304 15795.224
14803.959 17184.026
13172.746 14913.621
13219.123 14822.857
13306.089 16510.766
13821.817 17491.780
14353.914 16510.766
12287.859 15206.282
10356.860 13490.735
12911.443 15878.223
14234.606 17245.457
15155.147 18737.737
12354.852 16593.686
13113.373 16406.448
13458.518 17184.026
12354.852 15327.995
14667.892 18219.790
12611.724 17184.026
15290.628 17491.780
14224.955 16385.759
13946.502 16113.932
12287.859 14632.939
12354.852 16313.093
8158.038 10202.847
7852.780 11924.760
7931.379 10202.847
14974.621 16640.163
13172.746 15596.687
12501.716 15206.282
9228.018 13640.047
14473.683 16099.436
10356.860 13954.892
15078.218 17184.026
13749.599 17850.636
14667.892 18219.790
11820.304 14205.663
14797.531 18219.790
12919.089 15778.488
13300.340 16099.436
11793.481 15661.746
12287.859 16487.747
13212.738 15952.990
12731.814 15752.544
11820.304 15795.224
13172.746 15526.024
12287.859 15206.282
13172.746 15526.024
12287.859 15206.282
14024.705 16385.759
13219.123 14822.857
13306.089 15949.707
12731.814 15752.544
13429.163 17184.026
13132.999 17695.990
14473.683 16099.436
13526.651 17491.780
13172.746 14822.857
13219.123 14822.857
14974.621 17366.814
11939.496 16040.873
13306.089 16510.766
14024.705 16385.759
7852.780 10096.231
7852.780 11611.819
13172.746 15970.172
8301.646 10202.847
14974.621 17414.175
13970.766 16165.820
12361.619 15155.245
11538.550 14067.496
14024.705 16385.759
11891.701 16040.873
12287.859 15206.282
15262.733 18219.790
13514.752 17184.026
11820.304 14145.992
13749.599 17850.636
7852.780 10096.231
9228.018 13640.047
12635.897 15206.282
12361.619 15155.245
7658.247 10202.847
11820.304 15795.224
11248.840 13640.047
14667.892 18219.790
13172.746 15526.024
14234.606 16456.914
14667.892 17005.329
7658.247 10202.847
11820.304 14111.549
12354.852 16313.093
13306.089 15778.488
14300.583 19434.473
14667.892 17338.199
12501.716 15206.282
10356.860 13423.085
15024.562 17184.026
14784.174 17005.329
13946.502 16256.261
13306.089 16022.854
14784.174 17005.329
11820.304 14111.549
12287.859 15331.725
15215.733 18219.790
14473.683 16099.436
14974.621 16640.163
14784.174 17005.329
13219.123 14822.857
12501.716 15206.282
14694.853 18219.790
14667.892 17740.381
12895.683 17695.990
12361.619 15155.245
15262.733 18219.790
12287.859 14632.939
13219.123 14822.857
11820.304 14145.992
15155.147 18737.737
13946.502 16113.932
7484.567 9512.851
7475.380 9512.851
10356.860 15097.052
13741.046 17184.026
7852.780 10096.231
14667.892 17138.616
13113.373 16466.107
14974.621 17233.186
7852.780 10457.792
14024.705 16385.759
7852.780 11611.819
14667.892 18219.790
14667.892 18219.790
13219.123 14822.857
13550.812 17491.780
14154.152 18219.790
13946.502 16165.820
15155.147 18737.737
14974.621 16918.434
7658.247 10202.847
15108.585 18219.790
13306.089 16510.766
10356.860 13352.088
13149.054 16510.766
13306.089 16510.766
15256.209 17491.780
12967.981 15878.223
14803.959 17184.026
8061.854 12381.350
12517.105 14708.705
7484.567 9512.851
14974.621 17491.780
12941.943 15778.488
12865.432 17422.939
10356.860 15097.052
7677.782 10202.847
13306.089 16510.766
10356.860 14849.503
7893.590 10202.847
8547.309 13384.449
8547.309 12625.549
14024.705 16385.759
15290.628 17491.780
7852.780 10096.231
11820.304 14205.663
14803.959 17184.026
14024.705 16385.759
11820.304 15795.224
12731.814 15752.544
13970.766 16165.820
14974.621 16882.392
11785.022 14296.639
15155.147 18913.819
12501.716 15206.282
11820.304 15795.224
14667.892 17411.721
15155.147 19434.473
12605.666 15206.282
7658.247 10202.847
14667.892 17005.329
11793.481 15880.759
7484.567 9512.851
13970.766 16165.820
12517.105 14708.705
7852.780 10096.231
14234.606 19434.473
13167.813 15778.488
14129.141 16798.348
11820.304 14145.992
15290.628 17491.780
8243.716 10202.847
13172.746 14913.621
13172.746 15596.687
13172.746 14822.857
13514.752 17184.026
13749.599 18219.790
13306.089 15949.707
7484.567 9512.851
13132.999 17695.990
13853.219 16385.759
14506.416 17491.780
9741.184 13640.047
13621.100 17184.026
7484.567 10048.950
14225.026 16099.436
14974.621 16918.434
14667.892 18219.790
13219.123 14822.857
14667.892 17005.329
12287.859 17051.928
7475.380 9512.851
14473.683 16099.436
14024.705 16385.759
12806.847 17491.780
14784.174 17005.329
11820.304 15795.224
13306.089 16510.766
12354.852 16313.093
11248.840 13640.047
7893.590 10202.847
14835.641 17184.026
13306.089 15778.488
8547.309 13640.047
13172.746 14822.857
13741.046 17184.026
13609.904 16510.766
13514.752 17184.026
13360.798 17491.780
13946.502 15858.598
11939.496 16040.873
10356.860 13954.892
15539.452 17491.780
15290.628 17491.780
14667.892 17898.889
13970.766 16165.820
15385.931 18219.790
14784.174 16910.461
10169.114 13640.047
15290.628 17491.780
12477.499 17332.059
14024.705 16385.759
7484.567 9512.851
10934.075 13979.574
7475.380 9512.851
10356.860 14799.013
13306.089 15778.488
13946.502 16165.820
13970.766 16165.820
12501.716 15206.282
14784.174 16910.461
8254.056 10202.847
7658.247 10202.847
12527.121 15206.282
13149.054 16510.766
13946.502 16113.932
14915.967 19434.473
12339.763 15206.282
13149.054 16510.766
15155.147 18737.737
11785.022 15329.453
13172.746 15526.024
14974.621 16640.163
13946.502 16165.820
15290.628 17491.780
14506.416 17491.780
12354.852 14357.031
12287.859 15331.725
15436.400 17491.780
7484.567 9512.851
14353.914 16510.766
15155.147 18794.065
14343.738 16798.348
15155.147 19434.473
7852.780 12381.350
8547.309 12381.350
14129.141 16798.348
8032.024 12381.350
12815.373 15778.488
7852.780 10096.231
14024.705 16385.759
7658.247 10202.847
8547.309 12381.350
12354.852 15788.968
13946.502 16165.820
10356.860 15097.052
12354.852 16313.093
12354.852 15132.307
13578.410 17184.026
15155.147 19434.473
13946.502 16135.134
14915.967 19434.473
11248.840 13640.047
12354.852 14357.031
11248.840 13640.047
14974.621 16640.163
10356.860 12746.739
7852.780 12381.350
14667.892 17338.199
7658.247 10202.847
14473.683 16099.436
13970.766 16165.820
7852.780 10096.231
12172.520 15795.224
11820.304 14205.663
7658.247 10202.847
7475.380 9512.851
15259.084 17184.026
12895.683 17695.990
7484.567 9512.851
11820.304 15795.224
13514.752 17184.026
13172.746 14913.621
14784.174 16910.461
13600.722 17695.990
12895.683 17695.990
14369.900 17491.780
7658.247 10202.847
13946.502 16113.932
12287.859 15206.282
11820.304 14319.155
13946.502 16165.820
14974.621 17233.186
13172.746 16193.947
15290.628 17491.780
12287.859 16739.570
11820.304 14578.980
15155.147 19434.473
14225.026 16099.436
13884.756 16099.436
14290.451 17184.026
13946.502 16113.932
13172.746 15526.024
7677.782 10202.847
11896.131 15738.172
13946.502 16113.932
12517.105 14708.705
15155.147 19182.864
14667.892 18219.790
7658.247 10202.847
14667.892 17005.329
12468.207 15206.282
14803.959 17184.026
11820.304 14866.681
13113.373 15992.294
12339.763 15206.282
7484.567 9512.851
13946.502 16113.932
11248.840 13640.047
12354.852 14357.031
12354.852 16313.093
7852.780 11965.186
15290.628 17491.780
14505.885 16385.759
13113.373 16510.766
14784.174 17005.329
13599.821 16510.766
13741.046 17184.026
12354.852 16313.093
13172.746 14913.621
14369.900 17491.780
15290.628 17491.780
7852.780 10457.792
14234.606 19434.473
12815.373 15778.488
10356.860 15097.052
13514.752 17184.026
15155.147 19434.473
11820.304 15795.224
14183.829 16510.766
15155.147 19434.473
11896.131 15336.010
10356.860 13279.613
7852.780 10096.231
14974.621 17191.753
11045.713 13640.047
7658.247 10202.847
8547.309 12852.485
14024.705 16385.759
11294.397 13901.800
15155.147 19434.473
15150.309 19434.473
7475.380 9512.851
7658.247 10202.847
12287.859 15233.714
15290.628 17491.780
12895.683 17695.990
13578.410 17184.026
9741.184 13640.047
13172.746 14822.857
14784.174 16910.461
12287.859 16159.339
12895.683 17695.990
10356.860 15097.052
13172.746 14913.621
12815.373 15778.488
14129.141 16754.905
13396.826 16316.612
13306.089 15949.707
14974.621 17414.175
11751.937 14296.639
8547.309 12381.350
8158.038 10202.847
14974.621 16640.163
8039.980 12381.350
11785.022 14389.573
14974.621 17414.175
14667.892 17808.015
14784.174 16910.461
12287.859 16782.232
12731.814 15793.397
13280.903 16080.696
12663.190 14822.857
14024.705 16385.759
10356.860 13082.373
13219.123 14822.857
13609.904 16510.766
9228.018 13640.047
14784.174 17005.329
13176.217 17695.990
10356.860 13954.892
14784.174 16910.461
10356.860 14849.503
15155.147 19434.473
11820.304 14145.992
14667.892 18219.790
15034.836 18219.790
14473.683 16385.759
7658.247 10202.847
11820.304 15177.849
12287.859 16223.116
11538.550 14055.761
13306.089 16510.766
12840.968 15206.282
11820.304 15795.224
12354.852 16313.093
13219.123 14822.857
14473.683 16099.436
11820.304 15795.224
14784.174 17005.329
9228.018 13640.047
15262.733 18219.790
13280.903 16032.329
14667.892 17740.381
10562.161 15097.052
13946.502 15858.598
15290.628 17491.780
14915.967 19434.473
13970.766 16165.820
13306.089 15778.488
15155.147 19434.473
13172.746 15526.024
13219.123 14822.857
7852.780 11024.712
14915.967 19434.473
13514.752 17184.026
10356.860 13954.892
13946.502 15858.598
13300.340 16099.436
11881.918 16040.873
12287.859 17184.026
11586.972 15097.052
10356.860 15097.052
11405.005 15097.052
9781.838 13640.047
15341.659 19434.473
15155.147 19434.473
7852.780 10457.792
12491.452 17184.026
13113.373 16466.107
13946.502 16113.932
12287.859 15206.282
11820.304 15795.224
13172.746 14822.857
15155.147 18419.178
13514.752 17184.026
14545.737 16510.766
14396.865 18219.790
12501.716 15206.282
12354.852 15020.300
15609.893 18219.790
7658.247 10202.847
14974.621 17414.175
14974.621 17414.175
13219.123 14822.857
13970.766 16165.820
13306.089 16510.766
14809.973 17491.780
12361.619 15155.245
13609.904 16510.766
7225.832 9512.851
13946.502 16113.932
11785.022 15285.155
12354.852 15037.149
7852.780 12381.350
8547.309 12381.350
14974.621 16826.303
12354.852 14708.705
14169.404 16798.348
13749.599 17958.694
12491.452 17184.026
14667.892 18219.790
13132.999 17695.990
14784.174 17005.329
10356.860 14689.380
11896.131 15738.172
14667.892 18219.790
14974.621 17414.175
12354.852 16958.984
11820.304 15795.224
10356.860 15097.052
12287.859 15331.725
14234.606 18679.229
14234.606 18679.229
14974.621 17491.780
14974.621 16640.163
7484.567 9512.851
7658.247 10202.847
14234.606 19011.698
13946.502 16113.932
14129.141 16416.963
15016.990 17491.780
7852.780 10457.792
14234.606 16538.006
11248.840 13640.047
12361.619 15155.245
15155.147 18419.178
14801.884 17184.026
11793.481 16040.873
8326.199 10202.847
12527.121 15206.282
12585.826 17184.026
14024.705 16385.759
14667.892 18219.790
13172.746 15526.024
14473.683 16385.759
12501.716 15206.282
13172.746 14913.621
14974.621 17414.175
15262.733 18219.790
15262.733 18219.790
13609.904 16510.766
12354.852 16313.093
15155.147 19434.473
13306.089 15883.364
9228.018 13640.047
12271.904 15397.267
15215.733 18219.790
12287.859 15206.282
12287.859 15206.282
7658.247 10202.847
7484.567 9512.851
7677.782 10202.847
13946.502 15858.598
13306.089 16071.021
8547.309 12625.549
13306.089 15778.488
14974.621 17414.175
7852.780 10457.792
15060.930 17858.528
10356.860 13279.613
7484.567 9512.851
10356.860 14849.503
13172.746 15596.687
7677.782 10202.847
15034.836 18219.790
11665.156 15240.023
14234.606 18679.229
14473.683 16099.436
8547.309 12625.549
12354.852 16313.093
8243.716 10202.847
14667.892 18219.790
14974.621 17191.753
14667.892 17005.329
14369.900 17491.780
10356.860 13457.923
14024.705 16385.759
14473.683 16099.436
13378.804 17491.780
13172.746 15596.687
12354.852 16958.984
13946.502 15858.598
12287.859 15331.725
12287.859 15846.030
7484.567 9512.851
7677.782 10202.847
12287.859 16739.570
7658.247 10202.847
14974.621 17414.175
12287.859 15684.078
12731.814 15793.397
12354.852 16460.759
14024.705 16385.759
12397.624 15206.282
8039.980 12381.350
12361.619 15155.245
7658.247 10202.847
14784.174 16910.461
14974.621 17233.186
7658.247 10202.847
12895.683 17695.990
7475.380 9512.851
13486.944 16510.766
7852.780 10096.231
13306.089 16510.766
15290.628 17491.780
12287.859 17184.026
10356.860 14849.503
12354.852 15020.300
15290.628 17491.780
12361.619 15155.245
12287.859 15206.282
14974.621 17414.175
13970.766 16165.820
12287.859 14865.302
15163.744 19434.473
10356.860 13954.892
14667.892 17411.721
7852.780 10096.231
14784.174 17005.329
13172.746 14822.857
15155.147 19434.473
15262.733 18219.790
13219.123 14822.857
14234.606 19011.698
13550.812 17491.780
13172.746 15526.024
11648.890 15097.052
14667.892 18219.790
7852.780 10096.231
7852.780 10457.792
13946.502 16113.932
14129.141 16552.366
15155.147 19434.473
13970.766 16165.820
15155.147 18836.422
13219.123 14822.857
14667.892 18219.790
12517.105 14708.705
11820.304 14111.549
14129.141 16380.869
14024.705 16385.759
11881.918 16040.873
14974.621 17414.175
12731.814 15793.397
15155.147 19434.473
13132.999 17695.990
14974.621 17414.175
10356.860 14088.547
14024.705 16385.759
10761.261 13954.892
13219.123 14822.857
15609.893 18219.790
11820.304 15795.224
14129.141 16552.366
13446.875 17184.026
7852.780 12381.350
11538.550 13907.715
15259.084 17184.026
13946.502 15858.598
13219.123 14822.857
14915.967 19434.473
7658.247 10202.847
7893.590 10202.847
13280.903 16099.436
13306.089 16510.766
12287.859 15206.282
14784.174 16910.461
14024.705 16385.759
14809.973 17491.780
12991.131 14822.857
12361.619 15155.245
14234.606 18679.229
10356.860 15097.052
11538.550 14104.467
14369.900 17491.780
13609.904 16510.766
13172.746 15596.687
12970.020 17184.026
8547.309 12381.350
14784.174 17005.329
13219.123 14822.857
15290.628 17491.780
13172.746 16193.947
7484.567 9512.851
7475.380 9512.851
12062.871 16040.873
10882.119 13640.047
14024.705 16385.759
13600.722 17782.466
10464.144 15097.052
11820.304 15795.224
12354.852 16460.759
13172.746 15596.687
12788.642 17491.780
13458.518 17184.026
12822.411 17184.026
13962.201 17491.780
12468.207 15206.282
15341.659 19434.473
12339.763 15206.282
7658.247 10202.847
14974.621 17414.175
7484.567 9512.851
10356.860 13954.892
13063.693 15878.223
12549.230 14708.705
11820.304 14205.663
14974.621 17414.175
12806.847 17491.780
11648.890 15109.625
12899.724 15878.223
12287.859 15206.282
13172.746 15526.024
7852.780 10457.792
14024.705 16385.759
13172.746 14980.330
11820.304 14511.606
15215.733 18219.790
13853.219 16385.759
11538.550 14067.496
14473.683 16099.436
14667.892 17005.329
13306.089 16367.067
14129.141 16754.905
11820.304 15795.224
7658.247 10202.847
13818.868 16510.766
14024.705 16385.759
13936.859 18219.790
7658.247 10202.847
8547.309 12381.350
11405.005 15097.052
13970.766 16165.820
12339.763 15206.282
14667.892 18219.790
10356.860 14065.190
14974.621 17414.175
14667.892 17005.329
15155.147 18913.819
15570.285 17491.780
14974.621 17191.753
12287.859 15331.725
12517.105 14708.705
15155.147 19434.473
11820.304 15795.224
12822.411 17184.026
14129.141 16726.850
14024.705 16385.759
12354.852 14608.307
7699.067 10202.847
13172.746 15526.024
11785.022 15329.453
7475.380 9512.851
14974.621 17191.753
12287.859 15697.749
13853.219 16385.759
13219.123 14822.857
15034.836 18219.790
12585.826 17184.026
14974.621 17414.175
13280.903 16080.696
11785.022 14774.351
13946.502 16165.820
13172.746 15526.024
7484.567 9512.851
11820.304 14776.017
12354.852 16313.093
15155.147 19434.473
12731.814 15752.544
12115.606 15752.544
14473.683 16385.759
13280.903 16046.591
7852.780 10457.792
12271.904 15740.959
8990.238 13640.047
11019.887 13640.047
13912.686 16099.436
7852.780 11613.767
12354.852 14357.031
11785.022 14296.639
11538.550 13948.692
14803.959 17184.026
8547.309 12381.350
12506.942 15206.282
13219.123 14822.857
7852.780 10096.231
12489.297 17184.026
14915.967 19434.473
14974.621 17414.175
13172.746 14913.621
7852.780 12381.350
12354.852 14711.518
7852.780 12381.350
7852.780 10457.792
14024.705 16385.759
10356.860 14849.503
12625.458 15752.544
12361.619 15155.245
13132.999 17695.990
11248.840 13640.047
14234.606 17245.457
12354.852 14711.518
13219.123 14822.857
11820.304 14205.663
11820.304 15651.010
14784.174 17005.329
13899.574 16510.766
15259.084 17184.026
14347.801 16099.436
13219.123 14822.857
12501.716 15206.282
11820.304 15795.224
13172.746 14822.857
15893.335 17491.780
13172.746 15526.024
13306.089 16510.766
14473.683 16385.759
12354.852 16313.093
15259.084 17184.026
14974.621 17414.175
12287.859 15206.282
12354.852 16313.093
7852.780 12381.350
7658.247 10202.847
13946.502 16113.932
14784.174 17005.329
7658.247 10202.847
12361.619 15155.245
12501.716 15206.282
7909.840 10202.847
7852.780 10287.146
13306.089 16510.766
11252.749 13704.200
13172.746 15596.687
13818.868 16510.766
14974.621 17414.175
12354.852 15656.358
14974.621 17414.175
14473.683 16099.436
9741.184 13640.047
13946.502 16256.261
12468.207 15206.282
13946.502 16050.655
11538.550 14067.496
12287.859 16873.975
14024.705 16385.759
11866.147 14609.593
11538.550 13907.715
12815.373 15778.488
10432.399 15097.052
14667.892 17411.721
11820.304 14205.663
10356.860 13457.923
13176.217 17695.990
7225.832 9512.851
13946.502 15871.911
15155.147 19434.473
14234.606 18679.229
13068.549 15947.632
15290.628 17491.780
15262.733 18219.790
7658.247 10202.847
12287.859 15206.282
13172.746 15526.024
13219.123 14822.857
7852.780 10096.231
14667.892 17411.721
11019.887 13640.047
12731.814 15793.397
15609.893 18219.790
7677.782 10202.847
13741.046 17184.026
12895.683 17695.990
12339.763 15206.282
13946.502 16165.820
11405.005 15097.052
14234.606 18679.229
7658.247 10202.847
13032.365 14822.857
14784.174 17005.329
13219.123 14822.857
13946.502 16165.820
14234.606 18679.229
13306.089 16323.265
14024.705 16385.759
10761.261 13954.892
7658.247 10202.847
11793.481 15773.521
7662.341 10202.847
14852.346 18219.790
7313.446 9512.851
14473.683 16099.436
12287.859 14632.939
13526.651 17491.780
7852.780 11611.819
14024.705 16385.759
13306.089 16510.766
14024.705 16385.759
13946.502 16256.261
12517.105 14708.705
13149.054 16510.766
11538.550 14104.467
11248.840 13640.047
15024.562 17184.026
14514.118 17491.780
11820.304 15795.224
7852.780 10096.231
15436.400 17491.780
15024.562 17184.026
12287.859 15206.282
14205.260 16385.759
12501.716 15206.282
12287.859 17162.971
12501.716 15206.282
10356.860 13160.538
7484.567 9512.851
7677.782 10202.847
15013.637 18219.790
13172.746 15596.687
12714.968 15206.282
13946.502 16113.932
13306.089 15778.488
13946.502 16256.261
10356.860 13499.829
14234.606 18498.721
12501.716 15206.282
14784.174 16910.461
7893.590 10202.847
12287.859 15697.749
15155.147 19434.473
12287.859 15206.282
7484.567 9512.851
11820.304 15045.884
12047.288 15752.544
12600.391 17491.780
7852.780 11445.042
12287.859 15958.800
11248.840 13640.047
12287.859 15206.282
13113.373 16015.330
10356.860 14901.997
14667.892 17338.199
14974.621 17414.175
12899.724 15855.919
12361.619 15134.651
12056.716 16040.873
6913.613 9397.632
14974.621 17414.175
14473.683 16385.759
12354.852 14459.355
14667.892 17005.329
13946.502 16256.261
12361.619 15114.036
12354.852 14708.705
14533.006 16919.490
15884.970 17491.780
