14784.174 16910.461
7658.247 10202.847
11793.481 15661.746
13219.123 14822.857
13970.766 16165.820
12489.297 17184.026
13946.502 16113.932
12731.814 15793.397
12600.391 17491.780
14225.026 16099.436
7234.140 9512.851
12354.852 14357.031
14024.705 16385.759
15050.264 17184.026
11820.304 14124.196
14369.900 17491.780
11820.304 15795.224
7658.247 10202.847
13749.599 18219.790
14024.705 16385.759
12506.942 15206.282
15290.628 17491.780
14024.705 16385.759
13320.166 16510.766
12354.852 15020.300
12287.859 15206.282
12095.788 16646.166
14974.621 17491.780
14801.884 17184.026
13306.089 16510.766
9781.200 13640.047
13113.373 16510.766
14290.451 17184.026
13219.123 14822.857
7852.780 10457.792
13306.089 15778.488
14667.892 17338.199
14473.683 16099.436
7852.780 10096.231
12287.859 15724.408
15472.297 17491.780
13280.903 15952.990
7658.247 10202.847
10356.860 14794.790
12895.683 17695.990
7852.780 11613.767
14024.705 16385.759
14784.174 17005.329
13172.746 15526.024
9741.184 13640.047
14482.182 16385.759
13946.502 16113.932
12287.859 15206.282
13306.089 16510.766
7658.247 10161.914
14667.892 18219.790
11820.304 14205.663
13749.599 18139.885
7658.247 10202.847
12435.446 15778.488
13946.502 16256.261
14024.705 16385.759
7484.567 9512.851
14234.606 18679.229
12501.716 15206.282
15262.733 18219.790
12899.724 15878.223
13172.746 15526.024
11248.840 13640.047
12354.852 15327.995
9781.838 13640.047
12287.859 15331.725
15034.836 18219.790
13600.722 17695.990
7852.780 10457.792
14473.683 16385.759
14473.683 16099.436
15155.147 19434.473
11820.304 15795.224
14974.621 17414.175
13219.123 14822.857
7658.247 10202.847
13609.904 16510.766
14974.621 17491.780
14276.868 18219.790
14941.803 19434.473
14129.141 16726.850
14034.090 16510.766
12287.859 15040.115
12287.859 15206.282
10356.860 12765.076
14784.174 16910.461
7475.380 9512.851
11201.080 15097.052
12361.619 15155.245
15289.670 19434.473
15341.659 19434.473
14234.606 18679.229
12501.716 15206.282
14915.967 19434.473
13149.054 16510.766
13990.732 16256.261
14024.705 16385.759
7484.567 9512.851
12354.852 14708.705
12287.859 15206.282
13458.518 17184.026
14473.683 16099.436
13172.746 15596.687
13149.054 16510.766
13132.999 17695.990
12354.852 14357.031
7484.567 9512.851
13741.046 17184.026
13221.943 17491.780
13306.089 16436.562
12815.373 15778.488
7852.780 10457.792
11820.304 15139.545
8547.309 13037.788
14974.621 16640.163
14024.705 16385.759
14024.705 16385.759
13962.201 17491.780
13306.089 16510.766
14974.621 17414.175
13172.746 15596.687
13320.142 16510.766
12285.933 15114.036
13749.599 18219.790
13946.502 16256.261
12361.619 15114.036
13172.746 15526.024
12354.852 15020.300
14667.892 17005.329
15259.084 17184.026
12354.852 14708.705
12354.852 16460.759
13492.193 16327.765
15262.733 18219.790
11538.550 14054.914
14784.174 17005.329
13609.904 16510.766
15262.733 18219.790
13172.746 15596.687
11586.972 15097.052
15155.147 19434.473
13280.903 16099.436
13306.089 16510.766
12172.520 15795.224
13970.766 16165.820
13970.766 16165.820
13172.746 15526.024
15341.659 19434.473
12806.847 17491.780
10356.860 13954.892
11793.481 15840.345
14129.141 16380.869
12731.814 15793.397
8173.104 10202.847
13172.746 15596.687
12287.859 15206.282
13041.884 15778.488
11785.022 14389.573
14473.683 16385.759
13151.745 17491.780
12361.619 15114.036
11820.304 15795.224
12339.763 15206.282
7658.247 10202.847
15259.084 17184.026
14974.621 17414.175
7852.780 10457.792
8176.055 10202.847
15155.147 19434.473
7852.780 11839.782
13946.502 16256.261
13172.746 16193.947
13946.502 16113.932
13578.410 17184.026
8547.309 13640.047
11881.918 16040.873
13172.746 14822.857
14667.892 17338.199
15092.965 17491.780
7893.590 10202.847
14974.621 17414.175
11820.304 15795.224
12354.852 14357.031
7169.212 9512.851
12489.297 17184.026
10356.860 15097.052
14667.892 18219.790
13149.054 16510.766
14974.621 16967.109
11793.481 15591.970
11574.817 14163.485
13492.193 16316.612
14784.174 17005.329
12287.859 14998.090
7852.780 10096.231
14667.892 18219.790
10356.860 13279.613
14369.900 17491.780
13946.502 16165.820
14667.892 17411.721
12622.031 17332.059
12517.105 14708.705
11019.887 13640.047
7852.780 12381.350
7893.590 10202.847
12815.373 15778.488
10356.860 13874.145
13172.746 15596.687
7893.590 10202.847
11248.840 13640.047
12287.859 15206.282
7852.780 10096.231
14129.141 16462.991
13132.999 17695.990
7484.567 10048.950
12361.619 15155.245
7234.140 9512.851
14784.174 16910.461
14974.621 17414.175
12895.683 17695.990
13559.965 16099.436
12527.121 15206.282
15034.836 18219.790
14234.606 17245.457
14667.892 18219.790
13382.575 17695.990
13172.746 14913.621
14234.606 19434.473
13172.746 15596.687
14234.606 18417.896
11405.005 15097.052
7852.780 10382.773
13172.746 15526.024
10356.860 13279.613
14667.892 17411.721
13306.089 16510.766
12287.859 15206.282
12354.852 16313.093
10356.860 13954.892
9228.018 13640.047
12606.253 15752.544
15155.147 19434.473
14803.959 17184.026
13276.567 17184.026
12468.207 15155.245
10356.860 13168.569
7484.567 9512.851
14701.445 16510.766
12489.297 17184.026
7475.380 9512.851
11793.481 15961.796
12361.619 15155.245
7852.780 10457.792
10356.860 13490.735
15341.659 19434.473
13172.746 14913.621
12517.105 14708.705
8304.998 10202.847
13172.746 15526.024
12517.105 14708.705
14974.621 17414.175
12616.247 15206.282
10356.860 15097.052
15262.733 18219.790
13172.746 16193.947
13970.766 16165.820
12287.859 14632.939
14747.994 17491.780
13172.746 15596.687
13578.410 17184.026
13970.766 16165.820
13946.502 15858.598
15155.147 19434.473
13357.576 16316.612
13514.752 17184.026
12774.186 15206.282
13514.752 17184.026
11896.131 15430.380
13306.089 16034.280
7475.380 9512.851
13741.046 17184.026
14974.621 17414.175
12616.247 15206.282
14473.683 16099.436
13113.373 16510.766
11820.304 15795.224
12354.852 16313.093
7893.590 10202.847
11820.304 14111.549
13306.089 16510.766
13113.373 16510.766
12354.852 16313.093
13172.746 15526.024
14024.705 16385.759
13946.502 15858.598
15155.147 19434.473
14024.705 16385.759
14667.892 18180.380
12863.757 15206.282
7484.567 9918.339
15290.628 17491.780
7234.140 9512.851
7484.567 9512.851
11793.481 16040.873
7484.567 9512.851
13168.747 15778.488
13149.054 16510.766
14915.967 19434.473
11820.304 15139.545
13172.746 15596.687
10356.860 13954.892
10356.860 13954.892
15155.147 18737.737
12865.432 17422.939
13741.046 17184.026
7677.782 10202.847
14667.892 17005.329
14784.174 17005.329
15262.733 18219.790
11820.304 15045.884
7893.590 10202.847
7852.780 10457.792
7484.567 9512.851
7852.780 12381.350
15155.147 19434.473
14974.621 16640.163
12354.852 14299.807
7852.780 12381.350
14667.892 18219.790
14784.174 17005.329
14024.705 16385.759
12501.716 15206.282
7484.567 9512.851
14473.683 16385.759
13306.089 15778.488
15290.628 17491.780
7852.780 10457.792
14024.705 16385.759
12354.852 14357.031
7658.247 10202.847
12287.859 15932.237
15024.562 17184.026
14667.892 17994.001
14881.036 18219.790
14974.621 17233.186
10356.860 15097.052
7852.780 11613.767
13219.123 14822.857
14667.892 18219.790
14234.606 18082.818
13946.502 16165.820
14974.621 16853.607
12806.847 17491.780
15034.836 18219.790
12287.859 14632.939
10356.860 15097.052
13609.904 16510.766
15290.628 17491.780
12501.716 15206.282
14473.683 16099.436
14024.705 16385.759
8746.970 13640.047
14234.606 17245.457
10356.860 13954.892
11785.022 14540.811
14290.451 17184.026
13172.746 15526.024
13946.502 16113.932
12361.619 15114.036
10356.860 14064.168
13853.219 16385.759
14505.885 16385.759
12967.981 15878.223
13946.502 16113.932
14974.621 17414.175
12354.852 14299.807
12501.716 15206.282
14974.621 16640.163
12501.716 15206.282
13207.499 16252.341
13946.502 15858.598
14129.141 16726.850
7475.380 9512.851
11793.481 15668.309
15286.107 18219.790
13946.502 15858.598
14505.885 16385.759
7852.780 10096.231
13749.599 17850.636
13306.089 16367.067
14024.705 16385.759
10761.261 13956.729
12354.852 14708.705
14667.892 18219.790
14129.141 16380.869
7484.567 9512.851
12895.683 17695.990
14667.892 17411.721
13946.502 16050.655
12899.724 15878.223
11820.304 15795.224
13492.193 16385.759
7852.780 10096.231
10356.860 12746.739
12549.230 14708.705
15262.733 18219.790
11829.752 15281.083
12095.788 16041.285
12339.763 15206.282
14974.621 17414.175
8249.162 10202.847
12506.942 15206.282
14974.621 17414.175
14024.705 16385.759
13946.502 15858.598
7852.780 11965.186
14784.174 17005.329
8547.309 13640.047
7065.204 9512.851
13970.766 16165.820
11438.208 14146.317
14784.174 16910.461
10356.860 13279.613
11641.096 14169.349
11785.022 14296.639
15341.659 19434.473
10356.860 15097.052
14747.994 17491.780
7852.780 10457.792
11820.304 15065.840
14667.892 17994.001
14974.621 16640.163
7484.567 9512.851
13668.512 16385.759
13172.746 15526.024
8547.309 12381.350
8547.309 13640.047
12753.107 15206.282
12287.859 15206.282
13149.054 16510.766
8547.309 12625.549
10356.860 13954.892
14667.892 18219.790
13172.746 16193.947
12354.852 16313.093
13946.502 16113.932
10356.860 13874.145
12501.716 15206.282
15234.176 17491.780
11248.840 13640.047
7852.780 10123.838
12287.859 14632.939
11820.304 14578.980
13946.502 16113.932
7677.782 10202.847
13970.766 16165.820
11785.022 14321.465
10356.860 14558.357
13946.502 15858.598
14915.967 19434.473
14784.174 17005.329
14784.174 17005.329
14747.994 17491.780
12354.852 14446.453
13514.752 17184.026
7852.780 10096.231
11785.022 14389.573
14784.174 17004.905
12287.859 15206.282
12477.499 17332.059
13749.599 17941.756
10356.860 13954.892
14667.892 18219.790
15155.147 19434.473
8942.362 13640.047
11405.005 15097.052
13946.502 16113.932
12361.619 15155.245
13172.746 14822.857
13946.502 15858.598
10356.860 13954.892
12517.105 14708.705
13946.502 16113.932
13609.904 16510.766
11820.304 14111.549
12130.613 15795.224
14784.174 16910.461
15155.147 18737.737
15155.147 19434.473
14129.141 16754.905
14024.705 16385.759
14234.606 18679.229
10356.860 13665.873
12287.859 15206.282
12501.716 15206.282
14784.174 17005.329
14784.174 16910.461
13172.746 14822.857
14972.887 18219.790
13306.089 16323.265
12287.859 15206.282
14024.705 16385.759
14667.892 18219.790
12354.852 16313.093
14473.683 16099.436
8158.038 10202.847
12911.308 15778.488
13609.904 16510.766
12600.391 17491.780
11820.304 14124.196
14747.994 17491.780
12354.852 14446.453
14129.141 16380.869
12287.859 14632.939
13946.502 16244.482
7658.247 10202.847
8547.309 13640.047
13946.502 16113.932
14024.705 16385.759
12354.852 15343.981
14629.531 18219.790
14915.967 19434.473
7658.247 10202.847
12354.852 16313.093
12287.859 15233.714
8547.309 13640.047
15155.147 19434.473
14129.141 16798.348
7475.380 9512.851
7658.247 10202.847
13172.746 15596.687
8547.309 12625.549
12549.230 14822.857
12600.391 16987.844
7852.780 12381.350
13280.903 16032.329
13559.965 16099.436
13172.746 15526.024
11820.304 15651.010
13306.089 16510.766
12287.859 15206.282
7852.780 12381.350
12354.852 14357.031
12585.826 17184.026
12895.683 17695.990
14667.892 17649.509
13172.746 15526.024
13280.903 15952.990
14129.141 16552.366
15034.836 18219.790
10467.004 13640.047
13172.746 14822.857
14473.683 16099.436
15256.209 17491.780
14473.683 16099.436
12287.859 15206.282
12501.716 15206.282
7658.247 10202.847
11820.304 14776.017
14679.104 18219.790
14024.705 16385.759
13946.502 16165.820
11820.304 15227.135
13172.746 14913.621
14915.967 19434.473
10356.860 15097.052
10356.860 14849.503
14784.174 17005.329
12361.619 15114.036
12967.981 15878.223
13946.502 16165.820
14974.621 17414.175
7677.782 10202.847
14667.892 17005.329
13172.746 14913.621
15262.733 18219.790
7484.567 9512.851
13172.746 14822.857
13609.904 16510.766
7852.780 10096.231
13306.089 16510.766
7852.780 10127.143
14129.141 16380.869
12287.859 16873.975
13306.089 16510.766
14667.892 17994.001
7852.780 10457.792
7484.567 9512.851
11820.304 15795.224
15034.836 18219.790
14667.892 17411.721
12354.852 16313.093
12287.859 15206.282
10363.463 13640.047
14784.174 17005.329
11896.131 15738.172
12287.859 15206.282
14024.705 16385.759
14667.892 18219.790
12354.852 16228.953
7023.001 9512.851
14974.621 17414.175
12287.859 15206.282
10356.860 14849.503
10356.860 13623.872
12956.661 17184.026
13219.123 14822.857
14974.621 16640.163
12527.121 15206.282
8547.309 12381.350
14224.955 16385.759
13970.766 16165.820
13970.766 16165.820
15341.659 19434.473
7852.780 10096.231
13946.502 16165.820
11405.005 15097.052
14974.621 17414.175
11829.752 15281.083
14915.967 19434.473
15155.147 19434.473
13221.943 17491.780
13306.089 16510.766
13172.746 14913.621
13219.123 14822.857
7852.780 10457.792
14667.892 18219.790
12899.724 15878.223
12354.852 16313.093
12361.619 15155.245
12517.105 14708.705
13946.502 15858.598
14667.892 17005.329
14234.606 17050.810
8547.309 13640.047
12287.859 15206.282
7658.247 10202.847
12895.683 17695.990
14915.967 19434.473
12354.852 16313.093
12865.432 17646.723
11820.304 15045.884
14234.606 16636.875
15060.930 17880.102
15472.297 17491.780
15290.628 17491.780
14915.967 19434.473
11820.304 14111.549
10761.261 13954.892
9652.923 13640.047
14667.892 18219.790
13970.766 16165.820
7658.247 10202.847
14667.892 17411.721
7852.780 12381.350
13219.123 14822.857
12285.933 15114.036
14024.705 16385.759
7475.380 9512.851
8942.362 13640.047
14974.621 17414.175
12287.859 15206.282
14667.892 17005.329
13970.766 16165.820
14784.174 16910.461
12361.619 15155.245
7658.247 10202.847
13172.746 15596.687
10356.860 13490.735
14369.900 17491.780
12287.859 17184.026
15024.562 17184.026
13385.434 16510.766
11648.890 15109.625
14129.141 16754.905
7484.567 9512.851
13172.746 16193.947
12361.619 15155.245
12287.859 17184.026
13172.746 15596.687
12895.683 17695.990
15262.733 18219.790
13636.232 16099.436
13485.638 17695.990
13818.868 16510.766
13113.373 16510.766
13971.798 16256.261
15609.893 18219.790
14974.621 17176.734
15289.670 19434.473
14129.141 16726.850
14667.892 17411.721
13300.340 16099.436
7852.780 12381.350
14784.174 16910.461
14473.683 16099.436
11820.304 15795.224
15155.147 19434.473
7852.780 10096.231
13716.908 17184.026
15155.147 18737.737
10356.860 13279.613
14129.141 16754.905
12354.852 14357.031
7658.247 10202.847
11751.937 14296.639
13609.904 16510.766
9781.838 13640.047
13946.502 16165.820
14473.683 16099.436
12501.716 15206.282
8547.309 13640.047
11793.481 15961.796
15290.628 17491.780
13609.904 16510.766
10556.416 13640.047
14473.683 16099.436
13306.089 16510.766
14667.892 18219.790
8547.309 13037.788
7484.567 9512.851
14803.959 17184.026
14784.174 17005.329
12354.852 14357.031
15155.147 19434.473
13113.373 16381.309
12549.230 14822.857
10356.860 14558.357
7852.780 12381.350
14784.174 17005.329
13306.089 15778.488
13357.576 16294.835
11538.550 14104.467
14974.621 17233.186
12287.859 16739.570
14974.621 17414.175
13172.746 14822.857
13970.766 16165.820
7852.780 12381.350
14784.174 17005.329
13818.868 16510.766
15155.147 19434.473
14784.174 17005.329
13219.123 14822.857
15034.836 18219.790
15155.147 19434.473
14974.621 17491.780
12361.619 15155.245
14974.621 17414.175
15290.628 17491.780
13172.746 14822.857
13149.054 16510.766
14024.705 16385.759
12354.852 16313.093
15609.893 18219.790
13600.722 17695.990
14667.892 18219.790
13480.383 16510.766
13219.123 14822.857
11820.304 15795.224
13946.502 16256.261
10356.860 12746.739
12287.859 15206.282
14667.892 17411.721
15060.930 17573.185
11820.304 15795.224
10356.860 12746.739
12287.859 15206.282
14667.892 18219.790
11785.022 15309.652
13172.746 16193.947
14234.606 19011.698
14667.892 18219.790
11248.840 13640.047
7677.782 10202.847
13172.746 14913.621
14234.606 17245.457
12287.859 14865.302
11820.304 15088.759
13219.123 14822.857
13172.746 14822.857
14974.621 17414.175
14473.683 16099.436
13219.123 14822.857
12899.724 15855.919
10356.860 13954.892
13149.054 16510.766
14224.955 16385.759
14784.174 17005.329
12229.452 15299.836
7852.780 10150.620
12096.887 16966.122
13946.502 16113.932
13668.512 16385.759
14974.621 17414.175
14473.683 16099.436
11820.304 14145.992
12899.724 15878.223
10432.399 15097.052
12287.859 17051.928
13970.766 16165.820
12354.852 14708.705
10356.860 15097.052
13946.502 16113.932
15311.870 18219.790
13219.123 14822.857
7852.780 10457.792
14784.174 17005.329
13946.502 16113.932
14974.621 16918.434
12287.859 14893.736
14974.621 17491.780
10356.860 15097.052
13172.746 14913.621
13172.746 16193.947
12895.683 17695.990
11248.840 13640.047
7234.140 9512.851
11785.022 14371.744
12501.716 15206.282
12361.619 15155.245
7677.782 10202.847
13172.746 14822.857
13149.054 16510.766
15050.264 17184.026
11019.887 13640.047
7677.782 10202.847
8039.980 12381.350
14784.174 16910.461
14974.621 17414.175
14974.621 16967.109
13172.746 14822.857
7852.780 12381.350
11364.176 14060.027
12501.716 15206.282
12339.763 15206.282
7475.380 9512.851
15155.147 18913.819
12354.852 14711.518
15155.147 19434.473
13306.089 16510.766
11586.972 15097.052
14533.006 17093.879
15436.400 17491.780
7475.380 9512.851
14667.892 17005.329
14667.892 17338.199
7852.780 10457.792
9741.184 13640.047
14784.174 16910.461
14473.683 16385.759
13172.746 15596.687
14667.892 17411.721
15024.562 17184.026
15290.628 17491.780
13970.766 16165.820
12354.852 14711.518
13306.089 16510.766
7484.567 9512.851
12287.859 15206.282
14473.683 16099.436
14803.959 17184.026
14784.174 16910.461
14784.174 17005.329
15155.147 19434.473
14473.683 16099.436
12354.852 14708.705
12354.852 15854.125
13970.766 16165.820
12549.230 14822.857
13149.054 16510.766
13149.054 16510.766
11820.304 14408.039
14234.606 17245.457
7658.247 10202.847
10356.860 13954.892
9228.018 13640.047
13306.089 16510.766
7852.780 10457.792
7484.567 9512.851
12287.859 17184.026
7484.567 9512.851
14667.892 17338.199
8547.309 13640.047
14784.174 17005.329
14667.892 17005.329
13221.943 17491.780
14974.621 17414.175
8243.716 10202.847
12501.716 15206.282
7677.782 10202.847
11820.304 15795.224
15259.084 17184.026
13306.089 16510.766
10356.860 14849.503
7484.567 9512.851
13306.089 16238.165
12287.859 15206.282
12501.716 15206.282
14024.705 16385.759
12354.852 15020.300
14129.141 16380.869
14667.892 18023.668
12501.716 15206.282
14974.621 17191.753
14667.892 18219.790
12501.716 15206.282
11896.131 15738.172
13946.502 15858.598
12354.852 16896.090
15341.659 19434.473
14234.606 18679.229
13219.123 14822.857
13219.123 14822.857
15155.147 19434.473
12287.859 14632.939
11538.550 13932.331
14667.892 17005.329
13946.502 16113.932
13749.599 18139.885
13749.599 18219.790
13550.812 17491.780
14915.967 19434.473
14234.606 18679.229
14667.892 18219.790
13458.518 17184.026
14974.621 17491.780
11248.840 13640.047
12002.849 15299.836
14667.892 17005.329
14813.534 18219.790
13970.766 16165.820
14974.621 17176.734
14234.606 18679.229
14974.621 17414.175
14667.892 18219.790
12361.619 15155.245
14129.141 16754.905
13946.502 16165.820
12501.716 15206.282
15262.733 18219.790
14784.174 17005.329
11405.005 15097.052
13306.089 16510.766
13172.746 15526.024
7475.380 9512.851
12354.852 16958.984
14024.705 16385.759
15155.147 19434.473
14024.705 16385.759
14024.705 16385.759
7484.567 9512.851
13306.089 15883.364
14447.767 17184.026
13132.999 17695.990
13306.089 16367.067
13219.123 14822.857
13172.746 14913.621
13172.746 14822.857
12806.847 17491.780
13970.766 16165.820
13306.089 16510.766
13113.373 16215.787
12285.933 15114.036
14784.174 17005.329
13946.502 16113.932
12287.859 15206.282
14024.705 16385.759
14667.892 18219.790
12287.859 15199.985
11019.887 13640.047
14024.705 16385.759
15155.147 19434.473
13970.766 16165.820
14234.606 17389.150
8039.980 12381.350
12354.852 16313.093
11248.840 13640.047
13970.766 16165.820
13306.089 15778.488
8158.038 10202.847
12287.859 15206.282
11785.022 15495.616
14024.705 16385.759
11405.005 15097.052
7484.567 10048.950
13946.502 16113.932
12899.724 15878.223
7484.567 9512.851
13552.591 16510.766
13172.746 14913.621
13609.904 16510.766
12895.683 17695.990
14129.141 16552.366
12361.619 15155.245
7484.567 9512.851
8211.015 12381.350
13514.752 17184.026
13716.908 17184.026
13970.766 16165.820
14803.959 17184.026
15026.672 17184.026
14234.606 18498.721
15155.147 18901.875
13306.089 15883.364
14803.959 17184.026
14234.606 17613.825
13946.502 16113.932
13946.502 16113.932
14974.621 17414.175
13751.141 16099.436
14667.892 17005.329
14784.174 16910.461
15034.836 18219.790
13946.502 15858.598
14667.892 18219.790
10356.860 13457.923
7658.247 10202.847
12361.619 15155.245
14197.740 16099.436
9130.646 13640.047
13970.766 16165.820
7475.380 9512.851
15215.733 18219.790
13306.089 16510.766
14784.174 17005.329
13484.110 16510.766
12354.852 16313.093
12635.897 15206.282
13172.746 14822.857
12517.105 14708.705
13578.410 17184.026
13306.089 16049.239
14974.621 16853.607
12287.859 15206.282
12683.242 15778.488
13149.054 16510.766
14225.026 16099.436
11248.840 13640.047
11820.304 15795.224
14784.174 16910.461
10356.860 12760.683
12354.852 16313.093
7852.780 10457.792
11820.304 15795.224
7484.567 9882.645
12527.121 15206.282
13172.746 14822.857
15155.147 19434.473
14473.683 16385.759
10356.860 13954.892
7677.782 10202.847
13172.746 16192.645
14369.900 17491.780
11785.022 15218.046
7658.247 10202.847
13280.903 15952.990
13741.046 17184.026
9138.298 13640.047
11405.005 15097.052
13172.746 16193.947
12287.859 14812.553
11820.304 15795.224
13176.217 17695.990
11405.005 15097.052
12354.852 16313.093
14803.959 17184.026
12285.933 15114.036
14447.753 19434.473
15262.733 18219.790
7484.567 10048.950
12527.121 15206.282
13946.502 15858.598
13884.756 16099.436
15155.147 19434.473
7852.780 11611.819
14974.621 17491.780
12287.859 15206.282
10934.075 13979.574
12895.683 17695.990
15341.659 19434.473
14667.892 17005.329
12501.716 15206.282
13784.369 17184.026
13172.746 15596.687
11785.022 14389.573
13219.123 14822.857
12354.852 14357.031
11896.131 15738.172
13306.089 15778.488
7484.567 9512.851
14667.892 17411.721
15034.836 18219.790
12354.852 16313.093
7852.780 12381.350
15262.733 18219.790
7484.567 9512.851
10356.860 13954.892
13580.586 17491.780
14784.174 17005.329
11793.481 15661.746
12354.852 14357.031
12361.619 15155.245
14083.173 17184.026
14129.141 16754.905
13970.766 16165.820
14667.892 17005.329
15060.930 17954.165
13853.219 16385.759
12731.814 15793.397
7475.380 9512.851
12468.207 15206.282
13853.219 16385.759
11820.304 14205.663
7852.780 12381.350
13306.089 15778.488
15155.147 19434.473
7852.780 12381.350
15155.147 19434.473
12354.852 14708.705
14974.621 17414.175
7484.567 9512.851
14667.892 18219.790
12815.373 15778.488
12287.859 15202.015
13280.903 16080.696
7658.247 10202.847
14667.892 17005.329
15155.147 19434.473
10356.860 13874.145
13172.746 15526.024
12489.297 17184.026
7658.247 10202.847
13172.746 14913.621
15155.147 19434.473
13946.502 16113.932
11820.304 15795.224
14234.606 16918.467
15472.297 17491.780
14473.683 16385.759
13172.746 15596.687
14667.892 17810.942
11820.304 15795.224
12285.933 15114.036
14024.705 16385.759
12792.279 17491.780
11248.840 13640.047
11820.304 15795.224
12501.716 15206.282
13946.143 17184.026
13172.746 15526.024
7852.780 10457.792
14240.325 16798.348
7852.780 12381.350
7658.247 10202.847
14974.621 16640.163
14129.141 16779.519
12354.852 14357.031
15262.733 18219.790
13219.123 14822.857
12354.852 16313.093
13306.089 16510.766
14473.683 16385.759
14234.606 16906.199
13946.502 16113.932
7852.780 10457.792
14835.641 17184.026
14234.606 18679.229
7475.380 9512.851
15290.628 17491.780
12517.105 14708.705
11820.304 15795.224
15155.147 18651.946
14369.900 17491.780
14024.705 16385.759
12822.411 17184.026
12354.852 14708.705
12865.432 17422.939
11785.022 15218.046
15155.147 19434.473
8547.309 13506.447
14974.621 17191.753
12287.859 15206.282
15583.935 17491.780
12287.859 16782.232
12501.716 15206.282
7677.782 10202.847
14667.892 17740.381
15155.147 19434.473
14234.606 18706.979
15034.836 18219.790
13172.746 15526.024
10356.860 13954.892
14473.683 16385.759
13132.999 17695.990
12731.814 15793.397
15290.628 17491.780
14974.621 17191.753
12287.859 16223.116
10356.860 15097.052
7475.380 9512.851
13172.746 15596.687
12354.852 16313.093
14667.892 18219.790
12361.619 15155.245
14974.621 17491.780
14784.174 16910.461
12354.852 16313.093
11820.304 15795.224
15155.147 19434.473
14048.770 18219.790
12361.619 15155.245
14024.705 16385.759
14024.705 16385.759
11820.304 15139.545
11820.304 15045.884
11405.005 15097.052
7852.780 12381.350
15259.084 17184.026
10356.860 13279.613
12489.297 17184.026
14300.583 19434.473
7852.780 12381.350
14667.892 18219.790
12287.859 14624.747
15024.562 17184.026
11820.304 14111.549
11896.131 15336.010
13132.999 17695.990
14234.606 17488.699
13946.502 16256.261
15155.147 19434.473
12361.619 15155.245
13946.502 15858.598
11820.304 15795.224
10356.860 13665.873
12361.619 15155.245
10356.860 15097.052
14234.606 18679.229
14667.892 17005.329
7484.567 9512.851
14974.621 17233.186
9042.429 13640.047
15290.628 17491.780
14024.705 16385.759
13946.502 16165.820
7484.567 9512.851
14473.683 16385.759
12354.852 14708.705
14234.606 18679.229
15290.628 17491.780
13884.756 16099.436
14915.967 19434.473
12354.852 15020.300
13172.746 14913.621
15034.836 18219.790
13172.746 15526.024
15024.562 17184.026
14915.967 19434.473
12597.009 17332.059
13172.746 16193.947
11820.304 14111.549
9228.018 13640.047
12354.852 15854.125
14784.174 16910.461
15290.628 17491.780
7893.590 10127.143
15215.733 18219.790
7852.780 10096.231
14974.621 16874.159
10356.860 14399.500
14024.705 16385.759
14234.606 18679.229
14835.641 17184.026
12287.859 15697.749
14974.621 16640.163
7484.567 9512.851
12361.619 15155.245
13113.373 16406.448
13485.638 17695.990
7852.780 10457.792
11820.304 15088.759
12354.852 16313.093
14024.705 16385.759
11820.304 15795.224
13946.502 16256.261
14667.892 18219.790
12203.823 15795.224
11538.550 14048.438
11820.304 15795.224
13306.089 16323.265
13280.903 16080.696
13884.756 16099.436
14667.892 18219.790
11820.304 15139.545
15155.147 19434.473
15289.670 19434.473
15290.628 17491.780
8547.309 12381.350
13514.752 17184.026
7852.780 10457.792
11820.304 15795.224
12354.852 14760.292
15155.147 19434.473
7852.780 10127.143
13749.599 18139.885
12287.859 17051.928
12287.859 15206.282
14176.951 17491.780
7852.780 10457.792
7852.780 10096.231
13172.746 14913.621
7475.380 9512.851
14499.795 19434.473
13132.999 17695.990
13946.502 16256.261
15163.744 19434.473
11248.840 13640.047
13172.746 15596.687
14974.621 17414.175
12297.791 15206.282
15034.836 18219.790
13172.746 15883.497
7484.567 9512.851
11793.481 15584.181
13172.746 16193.947
12287.859 17184.026
12895.683 17695.990
14747.994 17491.780
12287.859 14632.939
14176.951 17491.780
12863.757 15206.282
14803.959 17184.026
13306.089 16510.766
14974.621 16640.163
13946.502 16256.261
8547.309 13640.047
11820.304 15795.224
13946.502 16256.261
13946.502 16050.655
11785.022 14389.573
11820.304 15795.224
15259.084 17184.026
10783.079 13956.729
11793.481 15591.970
7677.782 10202.847
14667.892 18219.790
11785.022 14389.573
14974.621 17491.780
15262.733 18219.790
7658.247 10202.847
7475.380 9512.851
13946.502 16113.932
14915.967 19434.473
13219.123 14822.857
10356.860 14849.503
12354.852 16313.093
14974.621 16640.163
14974.621 16874.159
12354.852 16356.994
14835.641 17184.026
11793.481 16040.873
13172.746 15526.024
8547.309 13632.522
10761.261 13954.892
13357.576 16316.612
12354.852 14708.705
12361.619 15155.245
14974.621 16853.607
15262.733 18219.790
12287.859 14632.939
12287.859 15206.282
7852.780 12046.752
14129.141 16380.869
12501.716 15206.282
14089.158 16256.261
13149.054 16510.766
14974.621 16640.163
11820.304 15139.545
14974.621 17414.175
7852.780 10096.231
13970.766 16165.820
14473.683 16385.759
14667.892 17005.329
14129.141 16798.348
14784.174 16910.461
14667.892 18219.790
12354.852 16460.759
7852.780 11611.819
12501.716 15206.282
14667.892 17005.329
7893.590 10202.847
13417.728 16510.766
12865.432 17422.939
7852.780 10457.792
14129.141 16380.869
8547.309 12381.350
14473.683 16385.759
12610.559 15865.257
13149.054 16510.766
14667.892 17411.721
11405.005 15097.052
14667.892 17338.199
11820.304 15795.224
12501.716 15206.282
14974.621 17414.175
10934.075 13979.574
7852.780 10457.792
13172.746 15596.687
8942.362 13640.047
12287.859 15206.282
15155.147 19434.473
12354.852 16313.093
14463.314 16510.766
13149.054 16510.766
7893.590 10202.847
14974.621 17414.175
15155.147 18737.737
12354.852 14357.031
11248.840 13640.047
14667.892 18219.790
8547.309 12508.941
15262.733 18219.790
14974.621 17414.175
13306.089 16510.766
12549.230 14708.705
10356.860 15097.052
12468.207 15206.282
13974.635 16339.938
15155.147 19434.473
12287.859 15206.282
14473.683 16385.759
13172.746 15526.024
7484.567 9512.851
11405.005 15097.052
15290.628 17491.780
13172.746 15526.024
14784.174 17005.329
11820.304 15795.224
13421.108 16510.766
15155.147 19434.473
12172.520 15795.224
14784.174 17004.905
12613.873 15752.544
13172.746 16193.947
7852.780 11613.767
7658.247 10202.847
14667.892 17740.381
7852.780 10457.792
14234.606 16421.778
15050.264 17184.026
12354.852 15890.886
12287.859 15206.282
14974.621 17007.449
14797.531 18219.790
13149.054 16510.766
14129.141 16552.366
14667.892 17005.329
14667.892 17005.329
7852.780 10457.792
10356.860 14849.503
13749.599 17958.694
14510.326 16510.766
7852.780 12381.350
12501.716 15206.282
7852.780 10457.792
13300.340 16099.436
12354.852 16313.093
8547.309 12381.350
12468.207 15206.282
12731.814 15752.544
14784.174 16910.461
15155.147 18607.265
14129.141 16726.850
12287.859 15206.282
12361.619 15155.245
14234.606 18679.229
12354.852 14357.031
11405.005 15097.052
12354.852 16958.984
12287.859 16782.232
13306.089 16367.067
7658.247 10202.847
13306.089 16510.766
14024.705 16385.759
13221.943 17491.780
12287.859 15206.282
14234.606 18679.229
12361.619 15155.245
15155.147 18737.737
11269.798 13979.574
12287.859 15206.282
14974.621 17491.780
14473.683 16099.436
10761.261 13954.892
14024.705 16385.759
14974.621 17027.724
11820.304 15795.224
14974.621 17176.734
14667.892 18219.790
14234.606 17245.457
13636.232 16099.436
14974.621 17191.753
14257.369 18219.790
12895.683 17695.990
7852.780 10096.231
12967.981 15878.223
13172.746 15596.687
13578.410 17184.026
14974.621 16640.163
10356.860 14322.988
12271.904 15740.959
12271.904 15412.083
12354.852 14357.031
12527.121 15206.282
12271.904 15412.083
14369.900 17491.780
14208.760 17491.780
13946.502 15858.598
14234.606 18679.229
7250.792 9512.851
14784.174 17005.329
15155.147 18419.178
7481.338 9512.851
14473.683 16099.436
14482.182 16385.759
12354.852 14821.032
9601.415 13640.047
11820.304 15795.224
7484.567 9512.851
15290.628 17491.780
13306.089 15949.707
9228.018 13640.047
13132.999 17695.990
7484.567 9512.851
15155.147 19434.473
14797.531 18219.790
14974.621 17414.175
7985.125 10202.847
8547.309 13037.788
13280.903 16099.436
13172.746 15526.024
14234.606 17640.167
14234.606 19030.786
14473.683 16099.436
13113.373 15947.736
15290.628 17491.780
12278.163 15752.544
13306.089 15778.488
13219.123 14822.857
13970.766 16165.820
12354.852 16958.984
15155.147 19434.473
13172.746 15883.497
14974.621 16918.434
9832.068 13640.047
8547.309 12625.549
14545.737 16510.766
15290.628 17491.780
15155.147 19434.473
14974.621 17414.175
7852.780 11435.949
13306.089 16510.766
10356.860 15097.052
14974.621 16939.512
14974.621 17491.780
14667.892 18219.790
15364.582 17491.780
12501.716 15206.282
7484.567 9512.851
14974.621 17414.175
15290.628 17491.780
12354.852 14708.705
13484.110 16510.766
10356.860 15097.052
7677.782 10202.847
13970.766 16165.820
13636.232 16099.436
13970.766 16165.820
12287.859 15206.282
11820.304 15795.224
14667.892 17005.329
12956.661 17184.026
13172.746 14913.621
13172.746 15596.687
14974.621 17233.186
13946.502 15858.598
14667.892 18219.790
11785.022 14389.573
15155.147 19434.473
13306.089 16510.766
13306.089 15778.488
12491.452 17184.026
14473.683 16385.759
7484.567 9512.851
12899.724 15878.223
10356.860 13954.892
13946.502 16113.932
15034.836 18219.790
13970.766 16165.820
13219.123 14822.857
7658.247 10202.847
12354.852 14357.031
12287.859 17184.026
7684.063 10202.847
11793.481 15591.970
14667.892 17338.199
15290.628 17491.780
13306.089 16323.265
14290.451 17184.026
7658.247 10202.847
11785.022 14389.573
14024.705 16385.759
14369.900 17491.780
13306.089 16510.766
14974.621 17491.780
13970.766 16165.820
15259.084 17184.026
13514.752 17184.026
15155.147 19434.473
11248.840 13640.047
10356.860 13993.411
14974.621 16640.163
7658.247 10202.847
13749.599 17958.694
14784.174 17005.329
14129.141 16754.905
13113.373 16466.107
11820.304 15795.224
14803.959 17184.026
10356.860 15097.052
13172.746 15526.024
12354.852 15952.987
13749.599 18139.885
15150.309 19434.473
11820.304 15088.759
14773.512 16510.766
12899.724 15878.223
14276.501 16798.348
7658.247 10202.847
13514.752 17184.026
15155.147 19434.473
15034.836 18219.790
13514.752 17184.026
14974.621 17414.175
10356.860 13874.145
12616.247 15206.282
13132.999 17695.990
11896.131 15738.172
13172.746 14822.857
13306.089 16034.280
11793.481 15661.746
7266.450 9512.851
10356.860 15097.052
13609.904 16510.766
14667.892 17005.329
14024.705 16385.759
14667.892 17994.001
15155.147 19434.473
10356.860 13693.932
10465.389 15097.052
12271.904 15449.458
12287.859 15206.282
7658.247 10202.847
12731.814 15793.397
14974.621 17414.175
14667.892 17005.329
11820.304 15139.545
14473.683 16099.436
12863.757 15206.282
10356.860 12746.739
15155.147 18836.422
11538.550 14054.914
10356.860 13155.489
10356.860 15097.052
13578.410 17184.026
13578.410 17184.026
14024.705 16385.759
14129.141 16380.869
15024.562 17184.026
14473.683 16385.759
11975.063 16040.873
13221.943 17491.780
13970.766 16165.820
13609.904 16510.766
14024.705 16385.759
12354.852 15020.300
12096.887 17062.319
14667.892 17338.199
11943.087 15738.172
12895.683 17695.990
14024.705 16385.759
14074.272 16256.261
12287.859 15206.282
13818.868 16510.766
10356.860 14849.503
13172.746 14913.621
11538.550 14104.467
12287.859 14982.619
15472.297 17491.780
12354.852 16958.984
13172.746 15526.024
9228.018 13640.047
11820.304 15139.545
14667.892 18219.790
14667.892 18219.790
11820.304 14205.663
13970.766 16165.820
7658.247 10202.847
11820.304 15795.224
13172.746 15526.024
13221.943 17491.780
15289.670 19434.473
13219.123 14822.857
15013.637 18219.790
12354.852 16313.093
14784.174 17005.329
7658.247 10202.847
12991.189 15947.632
11820.304 15795.224
14234.606 16421.778
13946.502 16165.820
14974.621 17191.753
11648.890 15097.052
13113.373 16215.787
11793.481 15840.345
8039.980 12381.350
13946.502 16165.820
12095.788 16796.427
12287.859 15206.282
7023.001 9512.851
14784.174 17005.329
13172.746 14822.857
13946.502 15858.598
11820.304 14982.301
7475.380 9512.851
12731.814 15752.544
14473.683 16385.759
7852.780 10096.231
13946.502 16113.932
14974.621 16640.163
12354.852 16460.759
7484.567 9512.851
14974.621 17233.186
14473.683 16099.436
12282.589 15795.224
13149.054 16510.766
15290.628 17491.780
14974.621 17414.175
15155.147 19434.473
7484.567 9512.851
11405.005 15097.052
13280.903 16099.436
13946.502 16256.261
13172.746 16193.947
7484.567 9512.851
9773.691 13640.047
11538.550 14104.467
13172.746 15526.024
13946.502 15858.598
12895.683 17695.990
7484.567 9512.851
15787.497 17491.780
12501.716 15206.282
14784.174 17005.329
14473.683 16099.436
11405.005 15097.052
7893.590 10202.847
13884.756 16099.436
13172.746 15596.687
14473.683 16099.436
14473.683 16099.436
13306.089 16510.766
15155.147 19434.473
7852.780 12127.856
13946.502 16165.820
8158.038 10202.847
13946.502 16165.820
14667.892 18219.790
15155.147 18913.819
14667.892 17005.329
12585.826 17184.026
10356.860 13874.145
12354.852 16460.759
15155.147 18459.577
11881.918 16040.873
12361.619 15155.245
12354.852 16313.093
11785.022 14321.465
8547.309 12381.350
14024.705 16385.759
13636.232 16099.436
7225.832 9512.851
14024.705 16385.759
11820.304 15088.759
11820.304 15795.224
12287.859 15206.282
15290.628 17491.780
12287.859 16782.232
11820.304 15795.224
14974.621 17414.175
13609.904 16510.766
9042.429 13640.047
14784.174 16910.461
13609.904 16510.766
14234.606 18679.229
12537.768 17184.026
13219.123 14822.857
14835.641 17184.026
14369.900 17491.780
10356.860 14558.357
13306.089 15778.488
14220.277 16510.766
10356.860 13954.892
7852.780 10457.792
13946.502 16165.820
8547.309 13640.047
13306.089 16510.766
7484.567 9512.851
10356.860 13874.145
10356.860 15097.052
12287.859 15206.282
7852.780 10457.792
13132.999 17695.990
14667.892 18219.790
13451.108 16099.436
12354.852 16460.759
9741.184 13640.047
13172.746 14913.621
7658.247 10202.847
12477.499 17332.059
11820.304 15795.224
14784.174 17005.329
14784.174 17005.329
13970.766 16165.820
11248.840 13674.942
10356.860 15097.052
10356.860 13499.829
14667.892 17166.829
14234.606 16421.778
13609.904 16510.766
13749.599 17850.636
13172.746 14913.621
14533.006 16798.348
11881.918 16040.873
13492.193 16385.759
12354.852 16313.093
14545.737 16510.766
12967.981 15878.223
14234.606 18462.462
13609.904 16510.766
7852.780 11613.767
12354.852 16313.093
7484.567 9512.851
14024.705 16385.759
11538.550 14104.467
13946.502 16165.820
7658.247 10202.847
12895.683 17695.990
15155.147 19434.473
14473.683 16099.436
13485.638 17695.990
14974.621 17414.175
11820.304 15795.224
11294.397 13704.675
13970.766 16165.820
12895.683 17695.990
13172.746 14822.857
13380.977 17184.026
12361.512 14708.705
11405.005 15097.052
12285.933 15114.036
12287.859 15206.282
12806.847 17491.780
14974.621 17191.753
7852.780 10457.792
12287.859 15331.725
14234.606 18782.484
7484.567 9512.851
13946.502 16113.932
7484.567 9512.851
11820.304 15795.224
14369.900 17491.780
11820.304 14111.549
7852.780 10457.792
13306.089 16510.766
13854.150 17491.780
13280.903 16099.436
14803.959 17184.026
14667.892 17005.329
11896.131 15738.172
7658.247 10202.847
13946.502 16165.820
8547.309 12757.471
13219.123 14822.857
13946.502 16256.261
13172.746 14913.621
14365.771 16798.348
14234.606 16894.185
13946.502 16165.820
11248.840 13640.047
11820.304 15795.224
11820.304 15795.224
14369.900 17491.780
13306.089 16510.766
13514.752 17184.026
13172.746 15526.024
12095.788 16549.048
11248.840 13640.047
10356.860 15097.052
12361.619 15155.245
14784.174 16910.461
13172.746 15526.024
7658.247 10085.410
14803.959 17184.026
7484.567 9512.851
8058.068 10202.847
15215.733 18219.790
14234.606 17245.457
10356.860 13954.892
15374.988 17491.780
11820.304 15795.224
7484.567 9512.851
13970.766 16165.820
11402.785 14081.117
15111.104 18219.790
12287.859 15206.282
14667.892 17005.329
13149.054 16510.766
15034.836 18219.790
13172.746 14822.857
11248.840 13640.047
11751.937 14296.639
12354.852 15020.300
15155.147 18737.737
15290.628 17491.780
7658.247 10202.847
13946.502 16113.932
12822.411 17184.026
14129.141 16726.850
10356.860 12746.739
15262.733 18219.790
11820.304 15795.224
7658.247 10202.847
15256.209 17491.780
14974.621 17414.175
7658.247 10202.847
14667.892 17740.381
7658.247 10202.847
14974.621 17414.175
14974.621 17414.175
10356.860 13874.145
14667.892 17338.199
12287.859 14632.939
7475.380 9512.851
12287.859 15206.282
13818.868 16510.766
15290.628 17491.780
13578.410 17184.026
10356.860 13954.892
13172.746 15948.495
11248.840 13640.047
12354.852 15020.300
11829.752 15281.083
7484.567 9512.851
14234.606 17245.457
12895.683 17695.990
14462.857 16099.436
14784.174 17005.329
12287.859 15199.985
13484.110 16510.766
14974.621 16640.163
15155.147 19434.473
13600.722 17761.693
14667.892 18219.790
9741.184 13640.047
13172.746 15596.687
12287.859 15206.282
13113.373 16406.448
7852.780 10457.792
7677.782 10202.847
14974.621 17414.175
12899.724 15793.397
7475.380 9512.851
11405.005 15097.052
11405.005 15097.052
7658.247 10202.847
12517.105 14708.705
13306.089 16510.766
15155.147 18737.737
12899.724 15855.919
12506.942 15206.282
7677.782 10202.847
11820.304 14578.980
14473.683 16099.436
15262.733 18219.790
7475.380 9512.851
10356.860 13279.613
14176.951 17491.780
13172.746 15596.687
13306.089 16323.265
14024.705 16385.759
13870.521 16385.759
12354.852 16958.984
13970.766 16165.820
13946.502 16113.932
12287.859 15206.282
11538.550 13907.715
14024.705 16385.759
14473.683 16385.759
7658.247 10202.847
13946.502 16113.932
11820.304 15795.224
12287.859 15206.282
14369.900 17491.780
14784.174 17005.329
12354.852 14711.518
9652.923 13640.047
14343.738 16798.348
14234.606 17245.457
13172.746 14913.621
15259.084 17184.026
13172.746 14822.857
12895.683 17695.990
10356.860 13954.892
12506.942 15206.282
15060.930 17698.349
14024.705 16385.759
7484.567 9512.851
10356.860 13954.892
11793.481 15840.345
12958.051 15947.632
11538.550 14392.665
11793.481 15961.796
14024.705 16385.759
12354.852 16460.759
13946.502 16113.932
12489.297 17184.026
12287.859 15206.282
15215.733 18219.790
7852.780 12381.350
13946.502 16113.932
13219.123 14822.857
14234.606 18679.229
11820.304 14205.663
12822.411 17184.026
13172.746 15596.687
7852.780 12381.350
13219.123 14822.857
12549.230 14708.705
12549.230 14822.857
14473.683 16099.436
10356.860 13954.892
14234.606 16456.914
15155.147 19182.864
13306.089 16510.766
7475.380 9512.851
15374.988 17491.780
15155.147 19434.473
12899.724 15878.223
13946.502 16256.261
12517.105 14708.705
15256.209 17491.780
12361.619 15155.245
13946.502 16113.932
8547.309 12625.549
10356.860 14849.503
14915.967 19434.473
13970.766 16328.273
11820.304 15196.455
12095.788 16088.538
12354.852 16460.759
14974.621 17414.175
14234.606 18679.229
13306.089 15949.707
13306.089 16510.766
7484.567 9512.851
12287.859 17184.026
11881.918 16040.873
13480.383 16510.766
11405.005 15097.052
12287.859 17184.026
13749.599 17850.636
12287.859 16782.232
13946.502 16113.932
7475.380 9512.851
14747.994 17491.780
13609.904 16510.766
7852.780 10096.231
10356.860 13954.892
8158.038 10202.847
7852.780 12381.350
14974.621 16640.163
13458.518 17184.026
13306.089 16510.766
13172.746 14822.857
12967.981 15878.223
14208.760 17491.780
7658.247 10202.847
7852.780 10457.792
12354.852 16958.984
14234.606 17743.098
14915.967 19434.473
13306.089 15883.364
11820.304 15139.545
12637.903 14822.857
10356.860 12746.739
10356.860 13352.088
12361.619 15155.245
12361.619 15155.245
14784.174 16910.461
14473.683 16099.436
14915.967 19434.473
13172.746 14822.857
14974.621 17191.753
10356.860 13954.892
13946.502 16113.932
11820.304 14535.438
14974.621 16640.163
14129.141 16552.366
11820.304 14322.797
7484.567 9512.851
13176.217 17695.990
14129.141 16380.869
13172.746 14822.857
11785.022 14389.573
12815.373 15778.488
13219.123 14822.857
13600.722 17695.990
10356.860 13457.923
13172.746 16193.947
12287.859 15206.282
15155.147 19434.473
11405.005 15097.052
7852.780 10096.231
7234.140 9512.851
14050.110 16385.759
14234.606 19054.577
11751.937 14296.639
15024.562 17184.026
7484.567 9512.851
14667.892 17005.329
7484.567 9512.851
12489.297 17184.026
7169.212 9512.851
13970.766 16165.820
14129.141 16754.905
11820.304 14145.992
12895.683 17695.990
7852.780 12381.350
10356.860 13457.923
14974.621 16640.163
14809.973 17491.780
14234.606 18679.229
7658.247 10202.847
14473.683 16099.436
13306.089 16510.766
11405.005 15097.052
12899.724 15878.223
14234.606 18679.229
11405.005 15097.052
14784.174 17088.310
13306.089 16510.766
12287.859 15206.282
13172.746 14913.621
7852.780 10096.231
9741.184 13640.047
13946.502 16165.820
9228.018 13640.047
12287.859 15206.282
7852.780 10096.231
13749.599 18219.790
15013.637 18219.790
8547.309 12381.350
7852.780 10457.792
12354.852 14357.031
7658.247 10202.847
11785.022 15540.850
14803.959 17184.026
13970.766 16165.820
7484.567 9649.407
7852.780 10457.792
12354.852 14357.031
14129.141 16416.236
7023.001 9512.851
10356.860 13954.892
13113.373 16406.448
15163.744 19434.473
12354.852 16313.093
12773.043 14822.857
14974.621 17369.991
12354.852 15132.307
7658.247 10202.847
14667.892 18219.790
12895.683 17695.990
7475.380 9512.851
14024.705 16385.759
15155.147 18739.496
12361.619 15114.036
14667.892 18219.790
13172.746 14913.621
14974.621 17191.753
13219.123 14822.857
7852.780 10096.231
13970.766 16165.820
14915.967 19434.473
13172.746 15596.687
7658.247 10202.847
14667.892 17005.329
14234.606 19048.273
12731.814 15793.397
7658.247 10202.847
14234.606 18679.229
15259.084 17184.026
14473.683 16099.436
15155.147 19434.473
11793.481 15661.746
8547.309 13628.760
7658.247 10202.847
12354.852 16313.093
15155.147 18739.496
14234.606 19434.473
15262.733 18219.790
13172.746 14913.621
12354.852 14357.031
13946.502 15858.598
13172.746 15596.687
14784.174 17088.310
13172.746 15596.687
14234.606 18679.229
12600.391 16958.984
12287.859 15206.282
13514.752 17184.026
14533.006 16798.348
14667.892 18219.790
10356.860 13954.892
12821.346 15206.282
12287.859 16025.799
13172.746 15526.024
11785.022 14389.573
10356.860 14894.890
13946.502 16165.820
12506.942 15206.282
13609.904 16510.766
10356.860 15097.052
12354.852 15343.981
12038.186 16040.873
15155.147 18739.496
13946.502 16113.932
7658.247 10202.847
10356.860 14849.503
7852.780 11024.712
12361.619 15155.245
14208.760 17491.780
14784.174 16910.461
14974.621 17012.315
7484.567 9512.851
12361.619 15155.245
7852.780 10096.231
10356.860 13160.538
7475.380 9512.851
14667.892 17005.329
12361.619 15155.245
12030.310 15795.224
13172.746 14913.621
15290.628 17491.780
13970.766 16165.820
14667.892 17166.829
7852.780 12381.350
14473.683 16099.436
13300.340 16099.436
10356.860 13954.892
7852.780 10457.792
15155.147 19434.473
12354.852 14357.031
12287.859 15206.282
7838.152 10202.847
11820.304 15139.545
10356.860 13499.829
7658.247 10202.847
13219.123 14822.857
14024.705 16385.759
7475.380 9512.851
12361.619 15155.245
14473.683 16099.436
7852.780 10722.706
13172.746 15526.024
7852.780 10457.792
13946.502 15858.598
15341.659 19434.473
8547.309 13640.047
12895.683 17695.990
12287.859 17184.026
13172.746 15596.687
14974.621 17414.175
13219.123 14822.857
12354.852 16313.093
7484.567 9512.851
11405.005 15097.052
10356.860 14849.503
14784.174 16910.461
7852.780 10457.792
13219.123 14822.857
14024.705 16385.759
15024.562 17184.026
12517.105 14708.705
12501.716 15206.282
12170.644 15795.224
12354.852 14708.705
15609.893 18219.790
7893.590 10202.847
12287.859 14624.747
13514.752 17184.026
14234.606 19430.756
13306.089 16510.766
13092.701 14822.857
14234.606 16906.199
13970.766 16165.820
10356.860 14849.503
13946.502 16113.932
11820.304 14111.549
14784.174 17005.329
11785.022 14296.639
12287.859 14624.747
12271.904 15671.656
10356.860 15097.052
10356.860 12746.739
10356.860 15097.052
13381.263 17695.990
13113.373 16510.766
13172.746 14822.857
14667.892 17005.329
7484.567 9512.851
12731.814 15793.397
7658.247 10202.847
12899.724 15878.223
14801.884 17184.026
11820.304 15795.224
12229.452 15299.836
14915.967 19434.473
11896.131 15680.368
13306.089 15778.488
14966.911 17184.026
7852.780 12381.350
14024.705 16385.759
14974.621 17414.175
13682.721 16385.759
14974.621 17414.175
14784.174 17005.329
12899.724 15855.919
12354.852 16313.093
13946.502 16165.820
14784.174 17004.905
12354.852 16313.093
12517.105 14708.705
7658.247 10202.847
13946.502 15858.598
11820.304 15104.076
13172.746 15526.024
14667.892 18219.790
13280.903 16080.696
12354.852 16313.093
12287.859 15206.282
12616.247 15206.282
14860.144 17491.780
14225.026 16099.436
13172.746 15596.687
12354.852 14708.705
13970.766 16165.820
14545.737 16510.766
12354.852 14708.705
12361.619 15155.245
12361.619 15155.245
12895.683 17695.990
8176.055 10202.847
13946.502 16113.932
13970.766 16165.820
13219.123 14822.857
13946.502 15858.598
14234.606 16538.006
13306.089 15778.488
11820.304 15795.224
12731.814 15752.544
14129.141 16754.905
11751.937 14296.639
13172.746 15596.687
15290.628 17491.780
10356.860 13954.892
13946.502 15858.598
10356.860 12746.739
14024.705 16385.759
14784.174 17005.329
14024.705 16385.759
13172.746 15596.687
14974.621 17233.186
14784.174 17005.329
15024.562 17184.026
14784.174 16910.461
14784.174 17005.329
14974.621 17414.175
11820.304 15317.890
13306.089 16510.766
8039.980 12381.350
8547.309 12381.350
12096.887 17096.216
7475.380 9512.851
13946.502 16113.932
13600.722 17782.466
13946.502 16113.932
11820.304 15795.224
12354.852 16313.093
14473.683 16385.759
10356.860 13490.735
14784.174 17005.329
12501.716 15206.282
7852.780 10457.792
13970.766 16165.820
11248.840 13640.047
13429.163 17184.026
7658.247 10202.847
13306.089 16510.766
7484.567 9512.851
10356.860 15097.052
10779.526 13956.729
15290.628 17491.780
13172.746 14822.857
14784.174 17005.329
11405.005 15097.052
7852.780 10457.792
7852.780 11802.884
14784.174 17005.329
11405.005 15097.052
13962.201 17491.780
11881.918 16040.873
14784.174 16910.461
14024.705 16385.759
13636.232 16099.436
13172.746 15596.687
15155.147 19434.473
12341.340 15114.036
7484.567 9512.851
13946.502 16113.932
11820.304 15795.224
14234.606 18061.842
15128.190 17184.026
7484.567 9512.851
14667.892 18219.790
13219.123 14822.857
13149.054 16510.766
14784.174 17005.329
13514.752 17184.026
7484.567 9512.851
13241.253 15778.488
11785.022 14389.573
12899.724 15855.919
11538.550 14054.914
13172.746 15883.497
14667.892 17005.329
15155.147 19434.473
13884.756 16099.436
14234.606 18679.229
7852.780 12381.350
13172.746 14913.621
14234.606 19054.577
12361.619 15155.245
12287.859 16782.232
13970.766 16165.820
14784.174 17005.329
14974.621 17414.175
13149.054 16510.766
14353.914 16510.766
14784.174 17005.329
14225.026 16099.436
7475.380 9512.851
14129.141 16380.869
13306.089 16510.766
7658.247 10202.847
13172.746 16192.645
7852.780 10457.792
13306.089 16510.766
15155.147 18737.737
10356.860 13954.892
13306.089 15778.488
10356.860 13352.088
12271.904 15740.959
14784.174 16910.461
15472.297 17491.780
7658.247 10202.847
10748.615 13954.892
12287.859 15331.725
11538.550 14262.380
14974.621 16954.540
14784.174 16910.461
14974.621 17233.186
12287.859 14632.939
12287.859 16739.570
11820.304 15795.224
12287.859 15206.282
7852.780 10457.792
11468.439 15097.052
12585.826 17184.026
14667.892 17338.199
14234.606 19434.473
10356.860 14849.503
14024.705 16385.759
14176.951 17491.780
12501.716 15206.282
13946.502 16113.932
12354.852 15020.300
9781.838 13640.047
13176.217 17695.990
10761.261 13954.892
11820.304 15795.224
14784.174 17005.329
14667.892 18219.790
12354.852 16313.093
11751.937 14296.639
15341.659 19434.473
15290.628 17491.780
8424.618 10202.847
7658.247 10202.847
14505.885 16385.759
14667.892 17338.199
14667.892 17005.329
7852.780 10666.631
13578.410 17184.026
14234.606 18679.229
15155.147 19434.473
12287.859 15206.282
13219.123 14822.857
13306.089 16510.766
13884.756 16099.436
10356.860 12746.739
11405.005 15097.052
12731.814 15793.397
13172.746 14822.857
11820.304 14408.039
11019.887 13640.047
13172.746 15526.024
7475.380 9512.851
14667.892 18219.790
13600.722 17695.990
13609.904 16510.766
12895.683 17695.990
12489.297 17184.026
15174.616 18219.790
10356.860 14849.503
12354.852 15020.300
13946.502 16113.932
7484.567 9512.851
11820.304 14578.980
10432.399 15097.052
13884.756 16099.436
12361.619 15155.245
12354.852 14708.705
9192.200 13640.047
13946.502 16256.261
11405.005 15097.052
7852.780 10096.231
15155.147 19434.473
7852.780 12381.350
7852.780 11024.712
14667.892 18219.790
14915.967 19434.473
13219.123 14822.857
12354.852 16958.984
11785.022 14296.639
15042.456 18219.790
14024.705 16385.759
15228.371 19434.473
13946.502 16113.932
13172.746 15596.687
7658.247 10202.847
14197.740 16099.436
12354.852 14711.518
8547.309 12381.350
14353.914 16510.766
15013.637 18219.790
14974.621 17414.175
13176.217 17695.990
13946.502 16256.261
12477.499 17332.059
14667.892 17898.889
12361.619 15155.245
14974.621 17414.175
11785.022 14389.573
12354.852 16313.093
12285.933 15114.036
13172.746 15526.024
14024.705 16385.759
13946.502 16256.261
15472.297 17491.780
13853.219 16385.759
12217.708 15299.836
12501.716 15206.282
14234.606 16894.185
8547.309 13037.788
13176.217 17695.990
11820.304 14111.549
12354.852 16313.093
12501.716 15206.282
15052.494 17491.780
15472.297 17491.780
14667.892 17338.199
11793.481 15661.746
12354.852 15343.981
15155.147 18737.737
13172.746 14822.857
13946.502 16113.932
12658.872 15752.544
13306.089 16510.766
10356.860 13185.259
12287.859 16739.570
15155.147 18913.819
15290.628 17491.780
15155.147 19434.473
11820.304 15795.224
10356.860 13457.923
14784.174 17005.329
12287.859 16731.237
10356.860 15097.052
13172.746 15596.687
7852.780 10096.231
11405.005 15097.052
10198.067 13640.047
7475.380 9512.851
11881.918 16040.873
12287.859 15331.725
8547.309 12625.549
14974.621 17491.780
14974.621 16640.163
14667.892 17005.329
14784.174 17005.329
13306.089 15778.488
14974.621 17414.175
12895.683 17695.990
10356.860 15097.052
7852.780 10457.792
14234.606 18782.484
7852.780 10096.231
13172.746 14822.857
13600.722 17695.990
8848.808 13640.047
14129.141 16380.869
15262.733 18219.790
13172.746 15596.687
12354.852 14357.031
13172.746 14822.857
14974.621 17491.780
14784.174 17005.329
13552.591 16510.766
10356.860 12746.739
12361.512 14708.705
7852.780 10096.231
7677.782 10202.847
13132.999 17695.990
12354.852 16313.093
13149.054 16510.766
10356.860 12746.739
10356.860 13954.892
15893.335 17491.780
11820.304 15160.943
14667.892 18112.298
12895.683 17695.990
12354.852 16313.093
14803.959 17184.026
12361.619 15155.245
7852.780 10457.792
15024.562 17184.026
11248.840 13640.047
14667.892 17005.329
14369.900 17491.780
13172.746 15526.024
14024.705 16385.759
12354.852 14357.031
13306.089 16034.280
13946.143 17184.026
7658.247 10202.847
14667.892 18219.790
10356.860 15097.052
8547.309 13640.047
11820.304 14408.039
14353.914 16510.766
11405.005 15097.052
7975.434 12381.350
15436.400 17491.780
13377.287 17695.990
15024.562 17184.026
9135.929 13640.047
13219.123 14822.857
13609.904 16510.766
12354.852 14357.031
11648.890 15097.052
12354.852 14711.518
7852.780 10457.792
10934.075 13979.574
7658.247 10202.847
11793.481 15591.970
14974.621 17414.175
11391.432 15097.052
13946.502 16256.261
8158.038 10202.847
10356.860 13168.569
14628.662 16510.766
14667.892 18219.790
11820.304 14111.549
8990.238 13640.047
8158.038 10202.847
14473.683 16099.436
13306.089 16323.265
12287.859 17051.928
14024.705 16385.759
13946.502 16113.932
14024.705 16385.759
13172.746 14822.857
12476.879 15752.544
10420.013 15097.052
15155.147 19434.473
12501.716 15206.282
15290.628 17491.780
15155.147 19434.473
12287.859 15331.725
14784.174 16910.461
11820.304 15795.224
13306.089 16510.766
11820.304 15795.224
14974.621 17414.175
12354.852 16460.759
14129.141 16754.905
12354.852 16313.093
11538.550 14104.467
13172.746 15526.024
13970.766 16165.820
7852.780 12381.350
15262.733 18219.790
13172.746 14822.857
13749.599 18139.885
13306.089 16510.766
13172.746 15596.687
14129.141 16552.366
12096.887 16956.549
10356.860 13954.892
7852.780 10096.231
14667.892 17338.199
14225.026 16099.436
13946.502 16113.932
7658.247 10202.847
13946.502 16165.820
14747.994 17491.780
11820.304 14205.663
14234.606 18498.721
15060.930 17880.102
7484.567 9512.851
15262.733 18219.790
11793.481 15661.746
14024.705 16385.759
15145.895 18219.790
13600.722 17695.990
8276.571 10202.847
11405.005 15097.052
14024.705 16385.759
13306.089 15883.364
13508.627 17491.780
13172.746 14913.621
14234.606 19295.369
7484.567 9512.851
7852.780 11613.767
11820.304 15795.224
14784.174 17005.329
13749.599 18219.790
13946.502 16113.932
13172.746 15526.024
11881.918 16040.873
13306.089 16510.766
13578.410 17184.026
14784.174 17004.905
15155.147 18836.422
12354.852 14711.518
13172.746 15526.024
7852.780 10457.792
13306.089 16510.766
14667.892 17005.329
12287.859 16665.058
14974.621 16654.040
7658.247 10184.956
10110.596 13640.047
12967.981 15878.223
10934.075 13979.574
8547.309 13640.047
14915.967 19434.473
12468.207 15206.282
13172.746 14822.857
14784.174 17005.329
11171.130 15097.052
14974.621 17414.175
7852.780 10287.146
12354.852 16313.093
14234.606 16894.185
7852.780 10457.792
10556.416 13640.047
13514.752 17184.026
7484.567 9512.851
14024.705 16385.759
11785.022 14389.573
11248.840 13640.047
12354.852 14394.221
8547.309 12625.549
12731.814 15752.544
13306.089 16510.766
14667.892 17994.001
13306.089 16510.766
11785.022 14296.639
15262.733 18219.790
11896.131 15738.172
13306.089 16510.766
8962.482 13640.047
12287.859 17184.026
14234.606 16906.199
12714.968 15206.282
12517.105 14708.705
15155.147 19434.473
14803.959 17184.026
12899.724 15878.223
13946.502 16165.820
14784.174 17005.329
13113.373 16233.897
15865.513 17491.780
14176.951 17491.780
12361.619 15155.245
7852.780 10457.792
7893.590 10202.847
13172.746 14913.621
14176.951 17491.780
13219.123 14822.857
12361.619 15155.245
10356.860 12746.739
15034.836 18219.790
13306.089 16510.766
14915.967 19434.473
13761.453 17491.780
15893.335 17491.780
14129.141 16754.905
14234.606 18679.229
15034.836 18219.790
14024.705 16385.759
14667.892 17005.329
11793.481 15761.478
7852.780 12381.350
15078.218 17184.026
12271.904 15681.327
13219.123 14822.857
14784.174 16910.461
13636.232 16099.436
15290.628 17491.780
12606.253 15752.544
15163.744 19434.473
15155.147 19434.473
14410.487 16510.766
13946.502 16165.820
14234.606 16456.914
12731.814 15793.397
14169.404 16798.348
13946.502 16113.932
10356.860 15097.052
10356.860 13490.735
14974.621 16640.163
15155.147 19434.473
12731.814 15752.544
13429.163 17184.026
14129.141 16698.800
12354.852 16313.093
7658.247 10202.847
7852.780 10457.792
15034.836 18219.790
10356.860 12746.739
14974.621 17414.175
10356.860 13954.892
13172.746 15596.687
12354.852 15854.125
7658.247 10202.847
14667.892 17898.889
10356.860 15097.052
14234.606 18782.484
14784.174 17005.329
13306.089 16510.766
12361.619 15114.036
12285.933 15114.036
13172.746 15596.687
11820.304 14578.980
13149.054 16510.766
7484.567 9512.851
14784.174 16910.461
11820.304 15795.224
14974.621 17233.186
14473.683 16385.759
12815.373 15778.488
7893.590 10202.847
13172.746 15526.024
10356.860 12746.739
10356.860 13499.829
14645.528 19434.473
15341.659 19434.473
14667.892 17411.721
14667.892 18219.790
11405.005 15097.052
11820.304 15139.545
11405.005 15097.052
12354.852 14357.031
14226.354 16510.766
14024.705 16385.759
14667.892 18219.790
14369.900 17491.780
12361.619 15155.245
12501.716 15206.282
14784.174 17005.329
12361.619 15155.245
14563.625 16510.766
14803.959 17184.026
13172.746 14913.621
15262.733 18219.790
15290.628 17491.780
12731.814 15752.544
7484.567 9512.851
13946.502 16113.932
13172.746 14822.857
7852.780 11613.767
13219.123 14822.857
12361.619 15155.245
10356.860 15097.052
12339.763 15206.282
14667.892 17005.329
11820.304 15795.224
11538.550 13907.715
13306.089 16510.766
11820.304 15795.224
8158.038 10202.847
12361.619 15155.245
14473.683 16099.436
15341.659 19434.473
11820.304 14578.980
12895.683 17695.990
14915.967 19434.473
15290.628 17491.780
13559.965 16099.436
14965.155 17491.780
13172.746 15596.687
14784.174 17005.329
14473.683 16385.759
10356.860 15097.052
14473.683 16099.436
14353.914 16510.766
10356.860 15097.052
14784.174 17005.329
7484.567 9512.851
11820.304 14111.549
12287.859 15206.282
14667.892 18219.790
14784.174 17005.329
15155.147 19434.473
12361.512 14708.705
13280.903 16080.696
14784.174 16910.461
14024.705 16385.759
11820.304 14205.663
11896.131 15738.172
13172.746 16193.947
12287.859 15206.282
15155.147 18737.737
13818.868 16510.766
15034.836 18219.790
14024.705 16385.759
14974.621 17233.186
12815.373 15778.488
14545.737 16510.766
14974.621 17491.780
14234.606 18679.229
13946.502 16113.932
15073.205 19434.473
10356.860 14990.963
14129.141 16380.869
10356.860 13478.947
14974.621 17491.780
13172.746 15596.687
9228.018 13640.047
15010.708 18219.790
12517.105 14708.705
11840.060 15795.224
7852.780 11611.819
14974.621 17414.175
10356.860 15097.052
14667.892 17005.329
7658.247 10202.847
7852.780 12381.350
13306.089 16034.280
7852.780 10127.143
11820.304 14322.797
13132.999 17695.990
11820.304 14267.007
12956.661 17184.026
14667.892 17411.721
13306.089 15778.488
14129.141 16726.850
13306.089 16510.766
7484.567 9512.851
10934.075 13979.574
13172.746 15596.687
7658.247 10202.847
12287.859 15206.282
10356.860 13954.892
10356.860 14849.503
13970.766 16165.820
13749.599 17850.636
13172.746 15526.024
13172.746 16193.947
13219.123 14822.857
14974.621 17414.175
13946.502 16113.932
14667.892 18219.790
11243.886 13640.047
14974.621 17491.780
15073.205 19434.473
15150.309 19434.473
14234.606 18462.462
13149.054 16510.766
12354.852 14357.031
14176.951 17491.780
12815.373 15778.488
14300.583 19434.473
14667.892 18219.790
12361.619 15155.245
14667.892 17005.329
10356.860 12746.739
14667.892 18219.790
13609.904 16510.766
12354.852 14357.031
11427.018 15097.052
8547.309 12769.121
13306.089 15949.707
8990.238 13640.047
11881.918 16040.873
7677.782 10202.847
7658.247 10202.847
8176.055 10202.847
13280.903 16080.696
13306.089 16034.280
15290.628 17491.780
14024.705 16385.759
7475.380 9512.851
10356.860 13693.932
8547.309 12625.549
13946.502 16113.932
8158.038 10202.847
7677.782 10202.847
14473.683 16099.436
10356.860 12746.739
11820.304 15795.224
7893.590 10127.143
12501.716 15206.282
13946.502 16113.932
14234.606 18758.057
13741.046 17184.026
7484.567 9512.851
12822.411 17184.026
14545.737 16510.766
7677.782 10202.847
13946.502 16113.932
12531.071 17332.059
7475.380 9512.851
14129.141 16798.348
12354.852 16460.759
11538.550 14054.914
12176.366 15114.036
7852.780 10457.792
12489.297 17184.026
14974.621 16640.163
12822.411 17184.026
11820.304 15795.224
11019.887 13640.047
7852.780 10457.792
15609.893 18219.790
13172.746 14822.857
12501.716 15206.282
11102.529 13640.047
10356.860 15097.052
15290.628 17491.780
12501.716 15206.282
15341.659 19434.473
7658.247 10202.847
13306.089 16510.766
13946.502 16165.820
7658.247 10202.847
13172.746 15596.687
15262.733 18219.790
14234.606 16906.199
13306.089 15778.488
12527.121 15206.282
14473.683 16099.436
12287.859 15206.282
13172.746 15596.687
13149.054 16510.766
14784.174 17005.329
14473.683 16385.759
13132.999 17695.990
7475.380 9512.851
14473.683 16099.436
14784.174 17005.329
14473.683 16099.436
15034.836 18219.790
14974.621 17414.175
12354.852 14299.807
14225.026 16099.436
12354.852 15020.300
10356.860 12746.739
12354.852 16313.093
15262.733 18219.790
11820.304 14776.017
13306.089 15883.364
14473.683 16099.436
12287.859 15206.282
12817.828 14822.857
12354.852 14357.031
11248.840 13640.047
14974.621 17414.175
13172.746 14822.857
14835.641 17184.026
12950.567 15878.223
13946.502 16113.932
12361.619 15155.245
14974.621 17414.175
14234.606 18679.229
14176.951 17491.780
15060.930 17880.102
14369.900 17491.780
12287.859 15206.282
11896.131 15682.171
13306.089 16510.766
14024.705 16385.759
8547.309 12508.941
14024.705 16385.759
15155.147 19434.473
12287.859 15206.282
14974.621 17414.175
10356.860 13295.512
12895.683 17695.990
13084.003 15947.632
12287.859 15331.725
12895.683 17695.990
13219.123 14822.857
12287.859 15331.725
8547.309 12381.350
12354.852 16313.093
14290.451 17184.026
13946.502 16113.932
10160.172 13640.047
14129.141 16754.905
13818.868 16510.766
14545.737 16510.766
7475.380 9512.851
10356.860 14849.503
15341.659 19434.473
12489.297 17184.026
13946.502 16113.932
12361.619 15155.245
12354.852 14708.705
12588.794 15795.224
13946.502 16113.932
13946.143 17184.026
14234.606 17245.457
13484.110 16510.766
15262.733 18219.790
14129.141 16558.990
14473.683 16099.436
15262.733 18219.790
6945.831 9512.851
12285.933 15114.036
15150.309 19434.473
15155.147 19434.473
13172.746 14822.857
14974.621 17414.175
10356.860 15097.052
13970.766 16165.820
12354.852 15020.300
12354.852 16460.759
12468.207 15206.282
14667.892 18219.790
10356.860 15097.052
13219.123 14822.857
11538.550 14379.138
13946.502 16165.820
14404.982 18219.790
14600.408 18219.790
12600.391 16958.984
7852.780 10666.631
11751.937 14296.639
15155.147 18651.946
11785.022 14296.639
14784.174 16910.461
14129.141 16380.869
7852.780 11613.767
7677.782 10202.847
14234.606 18679.229
14473.683 16385.759
12501.716 15206.282
7852.780 10457.792
13113.373 16510.766
6945.831 9484.577
11820.304 15795.224
13946.502 16165.820
14369.900 17491.780
14667.892 17005.329
12287.859 15206.282
12822.411 17184.026
11820.304 14111.549
12527.121 15206.282
14369.900 17491.780
11128.580 13640.047
10356.860 15097.052
11785.022 14321.465
14234.606 16653.672
15262.733 18219.790
14234.606 16906.199
15155.147 19434.473
13946.502 16113.932
13484.110 16510.766
12287.859 15206.282
13113.373 16510.766
13172.746 14913.621
8547.309 12625.549
7893.590 10202.847
13946.502 16165.820
14473.683 16099.436
14974.621 17191.753
14784.174 17005.329
13219.123 14822.857
14974.621 17414.175
14234.606 18498.721
10356.860 14380.837
13287.999 17695.990
14473.683 16385.759
7852.780 10096.231
11820.304 14267.007
14784.174 17005.329
7852.780 10457.792
11538.550 14104.467
12176.366 15114.036
7484.567 9512.851
13280.903 16097.579
12895.683 17695.990
7852.780 12381.350
11405.005 15097.052
13280.903 15952.990
11405.005 15097.052
15155.147 18607.265
12287.859 14865.302
12468.207 15155.245
15155.147 19434.473
13219.123 14822.857
14974.621 17414.175
12095.788 16530.279
15155.147 18913.819
13946.502 16113.932
12287.859 15206.282
13306.089 16510.766
14176.951 17491.780
15034.836 18219.790
14473.683 16385.759
12506.942 15206.282
10726.260 13954.892
14024.705 16385.759
12287.859 15206.282
13306.089 15778.488
15034.836 18219.790
13609.904 16510.766
7852.780 10096.231
12468.207 15206.282
14380.795 18219.790
11405.005 15097.052
14974.621 17491.780
12806.847 17491.780
12354.852 16313.093
14024.705 16385.759
13132.999 17695.990
12899.724 15878.223
14784.174 17005.329
12361.619 15114.036
10356.860 14322.988
7943.289 10202.847
11820.304 14205.663
10356.860 13954.892
14129.141 16754.905
12287.859 16739.570
12148.235 15114.036
14784.174 16910.461
11820.304 14124.196
10356.860 13279.613
11648.890 15097.052
13946.502 16113.932
12287.859 15206.282
12501.716 15206.282
14803.959 17184.026
13322.608 16510.766
11820.304 14578.980
7658.247 10202.847
14024.705 16385.759
15290.628 17491.780
14129.141 16596.073
12354.852 16473.329
13741.046 17184.026
14129.141 16380.869
11820.304 15795.224
14915.967 19434.473
11829.752 15281.083
12600.391 17491.780
13219.123 14822.857
8547.309 12381.350
11785.022 14389.573
7852.780 10457.792
14974.621 17414.175
13970.766 16165.820
13113.373 16510.766
13219.123 14822.857
13221.943 17491.780
15155.147 19434.473
13946.502 16113.932
13946.502 16113.932
12815.373 15778.488
12731.814 15793.397
13306.089 15778.488
15155.147 19434.473
14974.621 16640.163
14505.885 16385.759
14473.683 16385.759
14974.621 17414.175
14129.141 16380.869
13970.766 16165.820
15155.147 19059.504
13306.089 16510.766
11243.886 13640.047
13741.046 17184.026
7852.780 11965.186
10356.860 12974.316
14784.174 16910.461
12354.852 14357.031
13176.217 17695.990
14784.174 16910.461
11820.304 15795.224
12287.859 14625.819
13884.756 16099.436
8547.309 12625.549
11248.840 13640.047
13946.502 15858.598
7852.780 12381.350
11820.304 15795.224
13306.089 16510.766
12354.852 16578.652
14176.951 17491.780
12354.852 16313.093
12354.852 16313.093
13946.502 16113.932
15155.147 18913.819
14974.621 17491.780
13172.746 15526.024
7658.247 10202.847
11793.481 15629.323
12287.859 15331.725
13176.217 17695.990
11820.304 15795.224
11820.304 14357.453
13853.219 16385.759
12354.852 16460.759
13221.943 17491.780
12506.942 15206.282
12895.683 17695.990
12287.859 15206.282
14667.892 17411.721
15140.782 18219.790
14545.737 16510.766
13970.766 16165.820
14784.174 17005.329
13219.123 14822.857
12361.619 15155.245
15155.147 19434.473
7852.780 10457.792
13172.746 15070.235
13149.054 16510.766
7658.247 10202.847
15262.733 18219.790
12354.852 16958.984
13946.502 16050.655
14974.621 17414.175
15155.147 19434.473
11793.481 15661.746
7852.780 12381.350
12517.105 14708.705
14024.705 16385.759
7484.567 9512.851
14234.606 18679.229
12361.512 14708.705
13946.502 16113.932
13132.999 17695.990
14473.683 16385.759
8547.309 13037.788
12271.904 15719.344
13716.908 17184.026
12585.826 17184.026
13609.904 16510.766
13784.916 18219.790
13970.766 16165.820
10356.860 14849.503
14129.141 16380.869
14667.892 17994.001
12517.105 14708.705
12822.411 17184.026
7658.247 10202.847
7658.247 10202.847
13970.766 16165.820
12354.852 16313.093
9741.184 13640.047
11820.304 14776.017
7852.780 10287.146
12287.859 15206.282
14545.737 16510.766
11405.005 15097.052
14268.198 16385.759
11201.311 13979.574
15155.147 19434.473
13125.236 14822.857
12287.859 14865.302
13484.110 16510.766
13970.766 16165.820
11785.022 14389.573
14784.174 16910.461
14974.621 16640.163
13219.123 14822.857
13946.502 16113.932
10356.860 15097.052
12806.847 17491.780
11896.131 15738.172
11820.304 15651.010
14974.621 17491.780
14667.892 18219.790
12354.852 16958.984
14129.141 16754.905
11019.887 13640.047
12285.933 15114.036
10761.261 13954.892
11820.304 15139.545
12354.852 14906.817
12354.852 16958.984
13113.373 15992.294
13194.599 16242.027
12963.413 15947.632
12847.052 15206.282
14225.026 16099.436
10356.860 13279.613
14784.174 17004.905
13172.746 15596.687
13749.599 18219.790
12616.247 15206.282
13219.123 14822.857
15034.836 18219.790
14784.174 17005.329
7475.380 9512.851
7852.780 10457.792
12991.131 14822.857
15259.084 17184.026
11538.550 14104.467
14231.587 16099.436
14030.582 17491.780
13946.502 16165.820
12585.826 17184.026
12287.859 16223.116
12287.859 15206.282
7475.380 9512.851
14667.892 17338.199
7484.567 9644.885
12287.859 15206.282
14667.892 18219.790
13306.089 16510.766
8547.309 13037.788
14482.182 16385.759
14129.141 16798.348
7658.247 10202.847
14473.683 16099.436
7658.247 10202.847
11820.304 14408.039
13514.752 17184.026
14667.892 18219.790
7852.780 10096.231
13946.502 16113.932
13946.502 16256.261
13113.373 15878.223
12287.859 14624.747
12287.859 15206.282
14473.683 16099.436
14784.174 16910.461
14667.892 18219.790
10356.860 13954.892
15070.735 18214.237
7677.782 10202.847
11820.304 14578.980
14784.174 16910.461
12287.859 15206.282
14473.683 16385.759
14234.606 19434.473
12354.852 16313.093
13306.089 16510.766
14473.683 16385.759
12354.852 16958.984
14667.892 17005.329
10356.860 13279.613
10356.860 13490.735
13853.219 16385.759
11537.895 14163.485
15290.628 17491.780
12517.105 14708.705
13306.089 15949.707
10356.860 13388.931
11820.304 15795.224
12339.763 15206.282
14667.892 18219.790
12501.716 15206.282
13149.054 16510.766
12287.859 15206.282
14784.174 17005.329
14667.892 18219.790
11793.481 15661.746
15472.297 17491.780
11820.304 15795.224
14974.621 17414.175
14974.621 17414.175
14390.016 17491.780
11820.304 15795.224
12287.859 14632.939
13219.123 14822.857
12287.859 15206.282
14624.208 16510.766
14473.683 16385.759
13306.089 15778.488
11820.304 15190.966
12477.499 17332.059
12287.859 15206.282
15364.981 18219.790
15155.147 19434.473
10356.860 13693.932
13946.502 16113.932
12354.852 14711.518
14234.606 18679.229
13280.903 16099.436
12991.131 14822.857
14234.606 18679.229
10356.860 13693.932
12354.852 14711.518
15290.628 17491.780
11780.698 15281.083
13172.746 14822.857
13172.746 15526.024
12623.217 15206.282
11248.840 13640.047
15311.870 18219.790
7852.780 10127.143
15290.628 17491.780
15290.628 17491.780
7658.247 10202.847
12431.579 15795.224
14234.606 18679.229
11405.005 15097.052
11538.550 14054.914
14208.760 17491.780
15155.147 19434.473
11538.550 13923.375
14667.892 18219.790
13219.123 14822.857
15262.733 18219.790
8547.309 13640.047
15155.147 19434.473
7852.780 10457.792
13946.502 16113.932
11896.131 15738.172
12637.903 14822.857
12774.186 15206.282
8158.038 10202.847
12899.724 15855.919
12287.859 15206.282
11793.481 15840.345
10356.860 14849.503
14234.606 18525.790
11820.304 15139.545
14667.892 17411.721
14129.141 16558.990
7852.780 10096.231
14784.174 17005.329
7852.780 10457.792
15155.147 18737.737
14024.705 16385.759
13219.123 14822.857
8547.309 13640.047
14667.892 18219.790
12401.497 15155.245
13306.089 16323.265
8260.876 10202.847
14024.705 16385.759
14353.914 16510.766
14784.174 17005.329
11820.304 15795.224
14974.621 17414.175
13818.868 16510.766
12527.121 15206.282
14974.621 17414.175
14225.026 16099.436
14974.621 17414.175
13741.046 17184.026
13149.054 16510.766
12477.499 17332.059
13306.089 16510.766
14667.892 18219.790
14234.606 19295.369
13300.340 16099.436
8547.309 12987.134
14394.416 16510.766
15225.076 19434.473
14234.606 18498.721
14024.705 16385.759
7658.247 10202.847
13853.219 16385.759
7852.780 10457.792
12354.852 15788.968
15893.335 17491.780
14234.606 18679.229
15155.147 18737.737
14667.892 17005.329
15290.628 17491.780
13172.746 15526.024
13948.123 16165.820
7852.780 10127.143
13970.766 16165.820
11820.304 14124.196
14473.683 16385.759
13113.373 16406.448
15155.147 19434.473
15155.147 19434.473
14290.451 17184.026
13946.502 16256.261
11820.304 15088.759
14234.606 18679.229
10356.860 13954.892
14974.621 16640.163
12285.933 15114.036
14024.705 16385.759
13946.502 16113.932
11648.890 15097.052
10356.860 13490.735
13219.123 14822.857
15070.735 18214.237
14784.174 17005.329
12899.724 15878.223
7852.780 10096.231
14974.621 17414.175
11820.304 15045.884
11248.840 13640.047
13172.746 15596.687
7852.780 10457.792
13219.123 14822.857
15262.733 18219.790
11820.304 15651.010
14974.621 17414.175
15155.147 18901.875
14758.836 17005.329
14784.174 16910.461
8547.309 12625.549
14974.621 17414.175
12613.607 15778.488
7484.567 10048.950
14473.683 16385.759
13946.502 16113.932
14974.621 17044.043
15155.147 19434.473
7658.247 10202.847
12287.859 15206.282
7658.247 10202.847
13172.746 14822.857
13306.089 16510.766
14404.982 18219.790
14784.174 17005.329
11820.304 14545.728
12895.683 17695.990
12501.716 15206.282
13306.089 16510.766
12489.297 17184.026
14667.892 18219.790
13172.746 15596.687
14024.705 16385.759
11248.840 13640.047
14667.892 17411.721
14129.141 16798.348
15034.836 18219.790
7023.001 9512.851
15024.562 17184.026
13609.904 16510.766
13946.502 16113.932
11820.304 14111.549
14974.621 17414.175
13946.502 16050.655
11751.937 14296.639
11820.304 15045.884
13221.943 17491.780
7484.567 9747.640
13946.502 16113.932
13306.089 16510.766
15893.335 17491.780
10356.860 13279.613
11538.550 14053.026
12361.512 14708.705
14234.606 19434.473
15155.147 19242.778
11793.481 15961.796
7658.247 10202.847
15228.371 19434.473
14667.892 17005.329
15280.530 17491.780
12731.814 15793.397
7852.780 10096.231
11019.887 13640.047
14784.174 17005.329
13609.904 16510.766
14473.683 16385.759
8158.038 10202.847
7620.524 10055.233
11538.550 14054.914
13219.123 14822.857
15024.562 17184.026
13946.502 15858.598
7484.567 9512.851
15155.147 19434.473
15472.297 17491.780
12895.683 17695.990
14915.967 19434.473
14784.174 17005.329
13172.746 14913.621
13280.903 15952.990
7658.247 10202.847
10356.860 13457.923
14129.141 16380.869
10356.860 13954.892
14974.621 17191.753
14468.644 16099.436
12287.859 15206.282
11820.304 15149.396
12815.373 15778.488
13176.217 17695.990
10356.860 15097.052
12714.968 15206.282
7484.567 9512.851
13946.502 16113.932
7852.780 10096.231
13853.219 16385.759
13552.591 16510.766
12489.297 17184.026
12287.859 15206.282
8039.980 12381.350
8061.854 12381.350
12287.859 15206.282
11820.304 15795.224
15341.659 19434.473
7658.247 10202.847
7658.247 10202.847
12287.859 15206.282
13946.502 16113.932
11538.550 14104.467
15155.147 19434.473
13219.123 14822.857
7484.567 10048.950
10356.860 15097.052
12354.852 16313.093
11820.304 14578.980
14974.621 17414.175
12287.859 15206.282
11820.304 15045.884
11820.304 15045.884
11896.131 15490.467
12361.619 15114.036
13609.904 16510.766
15385.931 18219.790
7852.780 10457.792
12361.619 15155.245
12287.859 15331.725
13160.225 17491.780
11820.304 15045.884
13149.054 16510.766
14784.174 16910.461
10356.860 13306.157
10356.860 13954.892
7852.780 10096.231
14024.705 16385.759
13172.746 15526.024
11820.304 14111.549
9228.018 13640.047
13741.046 17184.026
12806.847 17491.780
12339.763 15206.282
13172.746 15596.687
7658.247 10202.847
11820.304 15795.224
12354.852 16313.093
12287.859 14632.939
13172.746 15596.687
13946.502 16165.820
14784.174 17005.329
7852.780 10457.792
13559.965 16099.436
7658.247 10202.847
15155.147 19434.473
13172.746 16193.947
7852.780 12048.001
12287.859 14624.747
11820.304 15795.224
11820.304 15795.224
13946.502 16113.932
13176.217 17695.990
13946.502 16113.932
14473.683 16385.759
10356.860 13457.923
7658.247 10202.847
14974.621 16640.163
7852.780 10457.792
11820.304 15139.545
12517.105 14708.705
11645.504 15097.052
11785.022 15285.155
14473.683 16099.436
13749.599 17850.636
14176.951 17491.780
12501.716 15206.282
7893.590 10202.847
12650.173 15947.632
14784.174 17005.329
10356.860 15097.052
15290.628 17491.780
7893.590 10202.847
12822.411 17184.026
13946.502 16113.932
13125.236 14822.857
12361.619 15155.245
14784.174 17005.329
11248.840 13640.047
14784.174 17005.329
7658.247 10202.847
13853.219 16385.759
8039.980 12381.350
14719.732 16510.766
8547.309 12507.907
12549.230 14708.705
11793.481 15840.345
11820.304 15795.224
14667.892 18219.790
15262.733 18219.790
11898.459 14712.986
7677.782 10202.847
15290.628 17491.780
10356.860 14064.168
14024.705 16385.759
14024.705 16385.759
15583.935 17491.780
15024.562 17184.026
9652.923 13640.047
13578.410 17184.026
12095.788 16600.308
13172.746 15526.024
12354.852 14357.031
11248.840 13640.047
13970.766 16165.820
14784.174 17005.329
12501.716 15206.282
10356.860 13954.892
13113.373 16510.766
10356.860 15097.052
10356.860 15097.052
11405.005 15097.052
12287.859 15092.219
13306.089 16510.766
15262.733 18219.790
10356.860 13490.735
14129.141 16552.366
13946.502 16113.932
13172.746 15526.024
13946.502 16113.932
14024.705 16385.759
12527.121 15206.282
11645.504 15097.052
14974.621 17414.175
13172.746 15526.024
13946.502 16165.820
13172.746 15526.024
15155.147 19434.473
12287.859 15206.282
15155.147 18737.737
14784.174 17005.329
14473.683 16099.436
14290.451 17184.026
11820.304 14204.369
13946.502 16256.261
14887.487 17184.026
11248.840 13640.047
14176.951 17491.780
12354.852 14357.031
14915.967 19434.473
11405.005 15097.052
14300.583 19434.473
13749.599 17958.694
12354.852 14711.518
7893.590 10202.847
15060.930 17573.185
14234.606 18679.229
14667.892 18112.298
8039.980 12381.350
12287.859 14816.770
8547.309 12625.549
13970.766 16165.820
14803.959 17184.026
8547.309 13640.047
14974.621 17191.753
14176.951 17491.780
11881.918 16040.873
15155.147 19434.473
7475.380 9512.851
9228.018 13640.047
7484.567 9512.851
12354.852 15854.125
11820.304 14124.196
14369.900 17491.780
11820.304 14741.530
14024.705 16385.759
14784.174 16910.461
7484.567 9512.851
12361.619 15155.245
10356.860 13993.411
15155.147 18385.576
12517.105 14708.705
13172.746 15526.024
14835.641 17184.026
13946.502 16165.820
13219.123 14822.857
7475.380 9512.851
8301.646 10202.847
13219.123 14822.857
14784.174 17005.329
14234.606 18679.229
11820.304 15149.396
7484.567 9512.851
14478.861 19434.473
12822.411 17184.026
8158.038 10202.847
13172.746 15047.550
12517.105 14708.705
13172.746 15596.687
12468.207 15155.245
15341.659 19434.473
7852.780 12381.350
15034.836 18219.790
14667.892 17740.381
13970.766 16165.820
8158.038 10202.847
13306.089 16510.766
14129.141 16552.366
14024.705 16385.759
14129.141 16339.938
14024.705 16385.759
12361.619 15155.245
14024.705 16385.759
12361.619 15155.245
10356.860 15097.052
13172.746 14913.621
7852.780 11613.767
10356.860 15097.052
7484.567 9512.851
13946.502 16113.932
15290.628 17491.780
15290.628 17491.780
14803.959 17184.026
13492.193 16316.612
15155.147 18737.737
13219.123 14822.857
13946.502 16165.820
15155.147 19434.473
14773.512 16510.766
12287.859 16739.570
7658.247 10202.847
13360.798 17491.780
10356.860 15097.052
15262.733 18219.790
13305.904 16510.766
14974.621 17414.175
11785.022 14389.573
11840.060 15795.224
