14784.174 16910.461
12895.683 17695.990
11785.022 14389.573
13946.502 15858.598
14784.174 17005.329
13306.089 16510.766
10356.860 14849.503
12845.576 17184.026
15215.733 18219.790
14921.482 17184.026
7484.567 9512.851
12731.814 15793.397
12287.859 17184.026
14473.683 16099.436
7658.247 10202.847
12287.859 15206.282
15893.335 17491.780
13970.766 16165.820
7484.567 9512.851
15264.935 18219.790
12287.859 14632.939
14024.705 16385.759
13172.746 15596.687
15155.147 19434.473
14974.621 17414.175
12501.716 15206.282
13600.722 17761.740
12354.852 14357.031
12361.619 15155.245
14974.621 17414.175
12287.859 15206.282
11820.304 14866.681
7484.567 9512.851
7677.782 10202.847
14234.606 17106.167
13219.123 14822.857
12361.619 15155.245
13219.123 14822.857
12501.716 15206.282
14974.621 17491.780
12354.852 16313.093
11820.304 14578.980
7893.590 10202.847
13357.576 16294.835
13946.502 16113.932
15605.145 18219.790
12585.826 17184.026
13636.232 16099.436
14784.174 16910.461
14129.141 16552.366
12501.716 15206.282
7852.780 11445.042
14667.892 18219.790
12600.391 17491.780
10356.860 13279.613
15262.733 18219.790
15155.147 19434.473
12517.105 14708.705
13559.965 16099.436
14129.141 16726.850
13946.502 15858.598
15308.536 19434.473
13552.591 16510.766
12354.852 14708.705
12354.852 16313.093
10640.037 13640.047
14129.141 16726.850
15608.743 17491.780
12822.411 17184.026
14667.892 18219.790
10356.860 13954.892
13172.746 15596.687
13946.502 16244.482
14667.892 17005.329
14234.606 16421.778
7475.380 9512.851
14473.683 16385.759
11405.005 15097.052
14667.892 18219.790
12354.852 16313.093
14784.174 17005.329
14667.892 18219.790
15155.147 19434.473
11820.304 15795.224
14784.174 16910.461
14803.959 17184.026
14129.141 16462.991
10356.860 13228.371
13946.502 16256.261
7658.247 10202.847
13946.502 16165.820
14974.621 16640.163
11820.304 14205.663
11248.840 13640.047
14234.606 16894.185
14211.555 17491.780
12361.619 15114.036
13221.943 17491.780
7852.780 10666.631
10356.860 15097.052
9907.352 13640.047
12491.452 17184.026
13949.316 16099.436
13550.812 17491.780
15290.628 17491.780
12361.619 15155.245
14473.683 16099.436
11248.840 13640.047
15155.147 19434.473
12354.852 14394.221
7484.567 9512.851
14225.026 16099.436
11586.972 15097.052
14234.606 19352.831
13970.766 16165.820
14473.683 16099.436
15155.147 19434.473
13600.722 17695.990
14473.683 16385.759
10160.172 13640.047
13975.237 18219.790
14784.174 17005.329
12287.859 15206.282
14024.705 16385.759
11820.304 15795.224
14974.621 17191.753
14353.914 16510.766
11820.304 15795.224
14473.683 16385.759
8547.309 12381.350
12354.852 16313.093
14667.892 17005.329
7852.780 10127.143
11785.022 14389.573
12501.716 15206.282
14974.621 17191.753
15155.147 19434.473
14974.621 16640.163
12287.859 15479.547
14667.892 18219.790
13946.502 15858.598
10356.860 13954.892
8039.980 12381.350
12354.852 14708.705
7484.567 9512.851
15182.886 17491.780
13484.110 16510.766
14473.683 16385.759
11829.752 15281.083
12489.297 17184.026
13946.502 16113.932
12731.814 15752.544
12517.105 14708.705
12895.683 17695.990
10356.860 15097.052
11793.481 16040.873
15341.659 19434.473
11405.005 15097.052
12354.852 14357.031
7852.780 12381.350
11586.972 15097.052
7852.780 10457.792
13552.591 16510.766
12527.121 15206.282
14915.967 19434.473
13741.046 17184.026
14974.621 17414.175
12600.391 17491.780
14024.705 16385.759
7484.567 9512.851
14784.174 16910.461
12899.724 15878.223
14024.705 16385.759
13946.502 16050.655
7658.247 10202.847
14667.892 18219.790
12354.852 16313.093
13219.123 14822.857
15102.638 18219.790
7852.780 10457.792
13514.752 17184.026
13514.752 17184.026
14473.683 16385.759
14024.705 16385.759
12956.661 17184.026
12287.859 15206.282
7484.567 9512.851
12361.619 15155.245
11820.304 15065.840
14129.141 16726.850
10692.552 13640.047
12287.859 15331.725
13970.766 16165.820
11986.379 16040.873
13306.089 16510.766
14225.026 16099.436
11820.304 15795.224
10356.860 14849.503
12287.859 15233.714
14473.683 16099.436
7893.590 10202.847
14803.959 17184.026
14473.683 16099.436
14234.606 16906.199
14784.174 17005.329
14974.621 16925.464
14667.892 18219.790
14784.174 16910.461
13219.123 14822.857
14667.892 17411.721
13219.123 14822.857
7852.780 10457.792
7852.780 11613.767
13219.123 14822.857
11248.840 13640.047
13946.502 16113.932
14129.141 16416.236
13698.140 16510.766
13970.766 16165.820
14215.172 17491.780
14667.892 17005.329
14024.705 16385.759
15262.733 18219.790
14784.174 16910.461
7658.247 10202.847
13306.089 16510.766
12361.619 15155.245
14129.141 16339.938
14974.621 17414.175
14473.683 16099.436
12354.852 16313.093
13172.746 14913.621
14784.174 16910.461
12287.859 17162.971
10356.860 13693.932
14129.141 16552.366
14473.683 16385.759
13306.089 15949.707
7852.780 10457.792
10356.860 15097.052
7852.780 10457.792
11785.022 14389.573
14024.705 16385.759
14129.141 16726.850
15374.988 17491.780
13306.089 16510.766
11820.304 14205.663
14974.621 17414.175
11820.304 15139.545
13946.502 16113.932
13514.752 17184.026
14024.705 16385.759
12354.852 15343.981
14974.621 17414.175
11820.304 14578.980
14047.810 17184.026
12287.859 15206.282
15155.147 19434.473
14034.090 16510.766
12287.859 16873.975
13280.903 16080.696
12643.523 15947.632
15155.147 19434.473
13306.089 16510.766
12172.520 15795.224
14974.621 16640.163
13946.502 16113.932
11820.304 15160.943
10356.860 14849.503
14024.705 16385.759
7852.780 12381.350
12501.716 15206.282
12491.452 17184.026
11820.304 15776.385
14915.967 19434.473
10356.860 13530.102
11820.304 15651.010
14473.683 16385.759
14667.892 17005.329
13970.766 16165.820
13946.502 16113.932
13970.766 16165.820
12585.826 17184.026
14974.621 17491.780
11820.304 15795.224
15472.297 17491.780
13946.502 16165.820
12731.814 15793.397
14667.892 18219.790
7852.780 12381.350
8039.980 12381.350
14784.174 17005.329
14667.892 17005.329
12361.619 15114.036
14667.892 18219.790
12339.763 15206.282
13306.089 16436.562
13514.752 17184.026
13946.502 16113.932
15155.147 18737.737
14667.892 17338.199
13306.089 16323.265
13818.868 16510.766
7658.247 10202.847
13219.123 14822.857
12354.852 16313.093
10463.994 13954.892
12339.763 15206.282
14667.892 17338.199
12501.716 15206.282
14915.967 19434.473
10726.260 13954.892
14353.914 16510.766
7852.780 10457.792
14473.683 16099.436
15262.733 18219.790
11538.550 14121.366
13125.236 14822.857
12899.724 15855.919
14473.683 16099.436
13221.943 17491.780
10356.860 14082.263
13172.746 15526.024
13149.054 16510.766
13660.361 17491.780
8942.362 13640.047
7658.247 10202.847
15155.147 18737.737
14024.705 16385.759
11248.840 13640.047
15150.309 19434.473
12517.105 14708.705
11405.005 15097.052
9781.838 13640.047
14369.900 17491.780
11820.304 15065.840
15050.264 17184.026
8547.309 12625.549
8547.309 12381.350
11019.887 13640.047
14499.795 19434.473
13853.219 16385.759
7484.567 9512.851
14784.174 17005.329
14974.621 17191.753
14974.621 17414.175
12287.859 15331.725
7658.247 10202.847
7852.780 10457.792
13113.373 16510.766
10356.860 14180.836
7852.780 10457.792
13176.217 17695.990
13219.123 14822.857
12287.859 15206.282
13946.502 16165.820
12899.724 15878.223
14784.174 17005.329
12501.716 15206.282
14974.621 17414.175
13946.502 16165.820
14092.408 16510.766
12639.258 17491.780
12517.105 14708.705
13970.766 16165.820
13946.502 16113.932
13172.746 14822.857
12287.859 16159.339
14034.090 16510.766
13219.123 14822.857
13219.123 14822.857
13172.746 14913.621
12354.852 15854.125
10356.860 13487.226
15155.147 19434.473
14353.914 16510.766
11538.550 14104.467
14473.683 16099.436
13606.859 17491.780
11405.005 15097.052
13306.089 15949.707
13484.110 16510.766
11898.459 14709.392
15155.147 19428.488
14796.013 17184.026
13514.752 17184.026
13113.373 16510.766
13219.123 14822.857
12927.198 17184.026
7658.247 10202.847
11820.304 14511.606
13609.904 16510.766
14224.955 16385.759
11896.131 15738.172
9741.184 13640.047
14667.892 17338.199
12287.859 15206.282
15289.670 19434.473
14974.621 17191.753
13970.766 16165.820
15228.371 19434.473
12361.619 15155.245
11820.304 14205.663
10356.860 13279.613
13514.752 17184.026
13300.340 16099.436
12489.297 17184.026
15155.147 19434.473
13306.089 16510.766
12866.318 15793.397
15215.733 18219.790
14234.606 19011.698
13172.746 16193.947
13172.746 15883.497
10356.860 14849.503
15609.893 18219.790
14473.683 16099.436
13219.123 14822.857
13172.746 15596.687
12354.852 16460.759
14667.892 18219.790
7658.247 10202.847
13946.502 16113.932
13306.089 16323.265
8039.980 12381.350
14533.006 17160.733
12287.859 15697.749
11785.022 15218.046
11785.022 14389.573
11019.887 13640.047
11896.131 15738.172
11785.022 14389.573
7852.780 11965.186
13946.502 15858.598
13970.766 16165.820
12287.859 15206.282
13176.217 17695.990
14129.141 16380.869
13946.502 16113.932
7484.567 9512.851
14784.174 16910.461
11785.022 14540.811
12287.859 15206.282
7658.247 10202.847
7484.567 9512.851
12361.512 14708.705
11690.225 14254.347
14667.892 17411.721
14024.705 16385.759
12339.763 15206.282
14024.705 16385.759
13514.752 17184.026
15472.297 17491.780
12287.859 15206.282
14545.737 16510.766
11793.481 15840.345
14234.606 19434.473
7893.590 10202.847
10356.860 15097.052
13172.746 15596.687
10356.860 13693.932
10356.860 13954.892
10356.860 14849.503
15060.930 17600.476
13946.502 16113.932
14369.900 17491.780
13219.123 14822.857
14129.141 16754.905
13974.635 16339.938
13946.143 17184.026
14473.683 16099.436
7484.567 9512.851
13514.752 17184.026
13946.502 16256.261
7852.780 10096.231
14784.174 16910.461
10356.860 13723.574
7484.567 9512.851
15341.659 19434.473
13172.746 15596.687
15215.733 18219.790
15290.628 17491.780
12354.852 16958.984
11820.304 14205.663
15262.733 18219.790
13970.766 16165.820
15155.147 19434.473
12287.859 14632.939
10356.860 12773.509
12354.852 16313.093
14667.892 18219.790
13219.123 14822.857
14234.606 18498.721
12287.859 17184.026
14784.174 17005.329
12899.724 15855.919
10356.860 12746.739
12287.859 14632.939
13172.746 15596.687
15290.628 17491.780
7484.567 9512.851
14473.683 16099.436
12287.859 15206.282
15155.147 19434.473
13132.999 17695.990
14234.606 18643.466
12361.619 15155.245
7893.590 10202.847
12354.852 16313.093
7852.780 10127.143
14915.967 19434.473
11820.304 15065.840
14369.900 17491.780
13364.018 16510.766
13946.502 16165.820
7852.780 10243.595
13946.502 16165.820
11538.550 14067.496
12287.859 15331.725
15024.562 17184.026
13609.904 16510.766
7484.567 9512.851
7852.780 10457.792
13946.502 15858.598
7852.780 12381.350
13306.089 16510.766
13306.089 16510.766
14234.606 17698.478
12354.852 16313.093
15259.084 17184.026
13716.908 17184.026
7852.780 10096.231
12172.520 15795.224
13946.502 16113.932
12899.724 15878.223
13172.746 15596.687
14473.683 16099.436
12501.716 15206.282
12287.859 15206.282
12287.859 15697.749
12919.089 15778.488
10934.075 13979.574
7658.247 10202.847
7852.780 10096.231
11248.840 13640.047
7852.780 10457.792
13609.904 16510.766
14667.892 18219.790
12895.683 17695.990
7677.782 10202.847
7658.247 10202.847
12361.619 15155.245
13971.798 16256.261
6945.831 9512.851
15155.147 19434.473
11248.840 13704.200
7658.247 10202.847
14974.621 17233.186
13946.502 16113.932
14473.683 16099.436
11248.840 13640.047
14974.621 16640.163
14974.621 16640.163
12517.105 14708.705
14473.683 16099.436
7852.780 10457.792
15155.147 19097.427
8158.022 10202.847
10356.860 13954.892
14974.621 17414.175
14974.621 17191.753
15497.340 18219.790
14974.621 17233.186
13219.123 14822.857
15290.628 17491.780
12354.852 16313.093
14784.174 17005.329
7852.780 11024.712
14667.892 18219.790
15290.628 17491.780
15290.628 17491.780
11793.481 15840.345
7677.782 10202.847
12956.661 17184.026
15155.147 19131.964
12967.981 15878.223
15505.852 17491.780
14784.174 17005.329
7677.782 10202.847
13550.812 17491.780
13113.373 16510.766
13946.502 16113.932
15583.935 17491.780
10356.860 13693.932
11820.304 15795.224
14784.174 17005.329
14473.683 16385.759
14234.606 18782.484
14667.892 17005.329
12822.411 17184.026
7852.780 10096.231
12354.852 14631.899
10356.860 15097.052
14974.621 16640.163
12899.724 15878.223
14974.621 16640.163
13073.472 15947.632
13172.746 15526.024
11977.540 14848.605
15155.147 19434.473
7677.782 10202.847
7484.567 9512.851
12354.852 14906.817
14974.621 17414.175
7852.780 10457.792
13172.746 16193.947
12549.230 14708.705
14024.705 16385.759
15290.628 17491.780
13172.746 15526.024
13492.193 16316.612
11538.550 14054.914
14024.705 16385.759
14024.705 16385.759
13970.766 16165.820
13970.766 16165.820
13306.089 16510.766
13113.373 16510.766
13514.752 17184.026
7852.780 10096.231
7852.780 10096.231
14784.174 17005.329
11793.481 16040.873
13970.766 16165.820
10885.708 15097.052
15155.147 19434.473
13526.651 17491.780
13818.868 16510.766
12731.814 15752.544
12287.859 15206.282
12991.131 14822.857
12815.373 15778.488
9741.184 13640.047
14784.174 17005.329
11820.304 14322.797
11820.304 14120.193
10356.860 13874.145
12354.852 16958.984
7658.247 10202.847
13172.746 14913.621
11751.937 14296.639
13280.903 16099.436
14234.606 16906.199
13132.999 17695.990
7852.780 10457.792
14034.090 16510.766
12287.859 15206.282
12354.852 15020.300
12517.105 14708.705
14784.174 17005.329
11910.004 15296.720
11538.550 13907.715
13306.089 16510.766
14667.892 17166.829
14974.621 17414.175
14024.705 16385.759
14974.621 17414.175
11820.304 15139.545
13946.502 16256.261
7852.780 10457.792
13172.746 14822.857
12354.852 16313.093
10356.860 14849.503
11820.304 14145.992
7658.247 10202.847
14784.174 16910.461
12613.873 15752.544
13946.502 16113.932
13609.904 16510.766
14974.621 17414.175
14473.683 16099.436
12287.859 16006.108
12287.859 15206.282
13818.868 16510.766
14974.621 17414.175
10356.860 15097.052
14234.606 18498.721
13609.904 16510.766
12287.859 15331.725
15155.147 19434.473
13219.123 14822.857
14667.892 17005.329
14545.737 16510.766
13219.123 14822.857
14130.110 17491.780
13172.746 16193.947
12354.852 16460.759
12489.297 17184.026
12095.788 16339.944
7893.590 10202.847
12731.814 15752.544
10356.860 13954.892
14129.141 16558.990
14473.683 16385.759
10432.399 15097.052
12271.904 15529.757
7852.780 10457.792
13946.502 16113.932
11820.304 15795.224
8029.761 12381.350
14290.451 17184.026
11793.481 16040.873
15155.147 19434.473
14667.892 18219.790
13609.904 16510.766
14784.174 17005.329
14667.892 18219.790
13946.502 16256.261
7658.247 10202.847
11881.918 16040.873
11820.304 15065.840
7658.247 10202.847
11820.304 14275.258
14974.621 17414.175
12287.859 15206.282
12287.859 15206.282
14024.705 16385.759
14974.621 17414.175
13172.746 15526.024
13741.046 17184.026
7852.780 10457.792
14784.174 17005.329
14974.621 17191.753
11538.550 14054.914
15341.659 19434.473
11248.840 13640.047
13306.089 16510.766
12522.383 17184.026
12501.716 15206.282
15155.147 19434.473
11648.890 15097.052
13855.470 16510.766
10356.860 13954.892
7852.780 11611.819
14667.892 17338.199
12287.859 15331.725
13749.599 17850.636
7852.780 10457.792
7658.247 10202.847
7484.567 9512.851
12287.859 15206.282
12354.852 16460.759
12287.859 15331.725
11248.840 13640.047
14773.512 16510.766
13946.502 16113.932
7852.780 11611.819
8547.309 13640.047
15290.628 17491.780
13172.746 14822.857
9228.018 13640.047
14234.606 18733.147
12899.724 15869.663
14974.621 17414.175
13946.502 16256.261
11538.550 14136.683
8547.309 13640.047
10356.860 13954.892
12517.105 14708.705
12287.859 15206.282
14667.892 17411.721
14234.606 18679.229
13172.746 14822.857
13514.752 17184.026
13132.999 17695.990
11820.304 15795.224
13946.502 16256.261
14974.621 17414.175
13219.123 14822.857
14667.892 17005.329
14784.174 17005.329
14234.606 17187.871
14369.900 17491.780
14801.884 17184.026
14974.621 17414.175
12354.852 16313.093
10356.860 15097.052
10182.250 13640.047
15155.147 18434.962
13970.766 16165.820
15155.147 19434.473
12287.859 14624.747
13306.089 16510.766
12354.852 16313.093
11820.304 14578.980
13280.903 16080.696
11820.304 14124.196
12517.105 14708.705
11405.005 15097.052
11820.304 15795.224
14024.705 16385.759
12899.724 15878.223
14974.621 17414.175
11248.840 13640.047
13514.752 17184.026
12354.852 16313.093
13219.123 14822.857
12287.859 15206.282
7658.247 10202.847
14234.606 16906.199
15884.970 17491.780
11405.005 15097.052
8547.309 12625.549
13946.502 15991.889
10356.860 13954.892
13221.943 17491.780
13818.868 16510.766
14234.606 17245.457
14803.959 17184.026
14024.705 16385.759
11586.972 15097.052
14129.141 16754.905
13946.502 16165.820
14784.174 16910.461
7475.380 9512.851
11820.304 15795.224
11820.304 15795.224
11586.972 15097.052
12354.852 14708.705
14473.683 16099.436
12287.859 15206.282
14667.892 18219.790
11820.304 15795.224
13149.054 16510.766
14024.705 16385.759
14915.967 19434.473
8547.309 13640.047
7484.567 9512.851
15060.930 18147.401
13221.943 17491.780
11820.304 15139.545
13172.746 15596.687
14974.621 17414.175
10356.860 13490.735
15290.628 17491.780
8134.080 12381.350
14505.885 16385.759
7484.567 9512.851
13113.373 16510.766
14129.141 16726.850
13609.904 16510.766
13550.812 17491.780
9741.184 13640.047
11820.304 15795.224
11820.304 15104.076
12517.105 14708.705
14974.621 17414.175
14050.110 16385.759
12354.852 16313.093
7475.380 9512.851
7852.780 10457.792
13946.502 16256.261
13749.599 18219.790
14784.174 16910.461
7658.247 10202.847
7475.380 9512.851
15289.670 19434.473
14667.892 18219.790
11019.887 13640.047
13946.502 16165.820
14915.967 19434.473
13172.746 15526.024
14129.141 16552.366
10356.860 13279.613
15290.628 17491.780
15601.277 17491.780
11248.840 13640.047
14234.606 17245.457
11820.304 15045.884
7484.567 9512.851
14667.892 18219.790
13172.746 15526.024
14024.705 16385.759
10356.860 13045.450
14226.354 16510.766
15155.147 19434.473
12361.619 15155.245
12287.859 14632.939
14974.621 17414.175
12361.619 15155.245
12287.859 15986.638
10356.860 13279.613
13219.123 14822.857
7852.780 10457.792
14667.892 18219.790
12287.859 15206.282
12354.852 14711.518
11538.550 14104.467
13172.746 15596.687
14784.174 17004.905
12287.859 15040.115
11785.022 15056.194
12287.859 15206.282
15609.893 18219.790
13172.746 14822.857
10356.860 13993.411
15163.744 19434.473
7475.380 9512.851
15034.836 18219.790
14234.606 18498.721
14784.174 17005.329
12354.852 16313.093
14784.174 17184.026
11829.752 15281.083
11820.304 15795.224
12287.859 15206.282
12354.852 15854.125
14197.740 16099.436
13970.766 16165.820
14784.174 16910.461
13749.599 17850.636
15155.147 19434.473
13818.868 16510.766
14234.606 18758.057
12354.852 16958.984
14974.621 17414.175
14369.900 17491.780
13113.373 16510.766
13970.766 16165.820
14667.892 18219.790
13946.502 16165.820
14369.900 17491.780
14024.705 16385.759
14473.683 16099.436
10356.860 14849.503
12287.859 15206.282
14667.892 18219.790
14024.705 16385.759
12354.852 16313.093
13514.752 17184.026
7893.590 10202.847
14803.959 17184.026
7979.731 10202.847
13125.236 14822.857
13219.123 14822.857
12815.373 15778.488
12287.859 15206.282
10356.860 12746.739
13172.746 14822.857
14974.621 17027.724
14234.606 18679.229
7677.782 10202.847
14234.606 16923.236
7852.780 12381.350
14784.174 17005.329
15034.836 18219.790
14974.621 16640.163
11248.840 13640.047
8173.104 10202.847
11019.887 13640.047
8547.309 13037.788
15155.147 19434.473
11648.890 15097.052
7852.780 11613.767
10356.860 14558.357
12354.852 16313.093
12287.859 16739.570
13946.502 16165.820
7658.247 10202.847
7484.567 9512.851
12354.852 15952.987
13741.046 17184.026
14024.705 16385.759
13172.746 14822.857
14234.606 18050.695
7852.780 10096.231
13113.373 16029.035
14667.892 17005.329
12895.683 17695.990
12287.859 15206.282
13306.089 16034.280
15893.335 17491.780
14974.621 16640.163
15415.756 17491.780
10356.860 15097.052
13946.502 16113.932
14024.705 16385.759
12895.683 17695.990
13970.766 16165.820
13820.456 16510.766
13172.746 15596.687
12501.716 15206.282
11793.481 15661.746
11820.304 15795.224
11820.304 15795.224
12731.814 15793.397
13172.746 15526.024
13946.502 16165.820
13749.599 18219.790
12361.619 15155.245
12600.391 17293.245
13172.746 15596.687
14473.683 16099.436
13946.502 16113.932
14784.174 17005.329
7484.567 9512.851
15262.733 18219.790
14024.705 16385.759
15290.628 17491.780
11586.972 15097.052
7484.567 9512.851
10356.860 15097.052
14667.892 17810.942
13219.123 14822.857
12361.619 15155.245
13578.410 17184.026
13946.502 16113.932
10356.860 12746.739
13172.746 15596.687
12287.859 15206.282
10356.860 13693.932
12354.852 14708.705
15472.297 17491.780
7893.590 10202.847
10356.860 13311.358
11019.887 13640.047
13970.766 16165.820
6945.831 9437.798
14129.141 16726.850
13458.518 17184.026
14803.959 17184.026
14667.892 17005.329
15150.309 19434.473
12287.859 15206.282
10356.860 15097.052
14024.705 16385.759
13306.089 16510.766
10356.860 13954.892
15197.806 19434.473
11793.481 15591.970
11820.304 15139.545
13196.218 15952.990
14667.892 17740.381
13113.373 16406.448
14974.621 17414.175
12517.105 14708.705
12600.391 17317.934
14024.705 16385.759
15290.628 17491.780
13974.635 16339.938
13172.746 15596.687
11881.918 16040.873
13946.502 16113.932
13946.502 16256.261
13970.766 16165.820
8547.309 13037.788
13946.502 16113.932
13980.741 16510.766
13300.340 16099.436
11820.304 14205.663
7852.780 10096.231
13306.089 15883.364
14784.174 17005.329
14024.705 16385.759
10356.860 13874.145
12361.619 15155.245
7484.567 9512.851
11896.131 15717.346
12426.964 16958.984
15374.988 17491.780
10356.860 13954.892
13609.904 16510.766
15290.628 17491.780
12517.105 14708.705
11820.304 15795.224
12287.859 16782.232
12361.619 15155.245
12287.859 17184.026
13125.236 14822.857
12489.297 17184.026
8547.309 13640.047
15155.147 19434.473
7658.247 10202.847
15341.659 19434.473
12446.273 14708.705
13484.110 16510.766
7852.780 10457.792
13484.110 16510.766
13946.502 16165.820
11820.304 15795.224
13668.512 16385.759
12899.724 15855.919
14667.892 18219.790
13132.999 17695.990
13458.518 17184.026
7484.567 9512.851
13306.089 15949.707
7484.567 10048.950
13172.746 15596.687
13172.746 15526.024
14667.892 17804.919
8547.309 13348.254
12863.757 15206.282
15155.147 18607.265
12991.131 14822.857
14290.451 17184.026
12731.814 15793.397
13749.599 18219.790
12287.859 15206.282
13946.502 16113.932
13172.746 16192.645
14974.621 17414.175
15228.371 19434.473
14473.683 16385.759
14784.174 17005.329
12287.859 15206.282
13306.089 16367.067
7490.293 10048.950
10356.860 13954.892
14667.892 17005.329
14784.174 17005.329
15155.147 19434.473
13514.752 17184.026
13087.469 17184.026
13946.502 16113.932
10356.860 13954.892
13741.046 17184.026
11248.840 13640.047
9228.018 13640.047
13172.746 15596.687
11785.022 14389.573
14234.606 18679.229
15609.893 18219.790
15042.456 18219.790
15259.084 17184.026
13172.746 14822.857
13172.746 14822.857
7852.780 10457.792
14974.621 17191.753
12354.852 14357.031
11939.496 16040.873
11820.304 15795.224
14234.606 19054.577
11820.304 15227.135
13749.599 18139.885
15155.147 19434.473
13042.785 15778.488
15155.147 19434.473
12287.859 14893.736
15155.147 19434.473
15155.147 18737.737
14667.892 17740.381
13884.756 16099.436
13306.089 16510.766
11896.131 15609.193
15155.147 18920.515
14974.621 17414.175
10356.860 13954.892
14667.892 18219.790
15290.628 17491.780
13306.089 16510.766
12361.619 15155.245
13609.904 16510.766
14176.951 17491.780
14974.621 16640.163
14234.606 19434.473
13970.766 16165.820
7658.247 10202.847
13946.502 15858.598
13172.746 14913.621
7893.590 10127.143
7677.782 10202.847
13306.089 16510.766
13749.599 18219.790
15155.147 19434.473
7852.780 10666.631
15290.628 17491.780
11820.304 15795.224
10160.172 13640.047
11793.481 15961.796
12517.105 14708.705
12501.716 15206.282
14234.606 16538.006
14234.606 18706.979
14234.606 19054.577
11538.550 14055.761
13219.123 14822.857
12354.852 16313.093
14803.959 17184.026
14915.967 19434.473
10356.860 13279.613
13172.746 15596.687
13172.746 16193.947
13716.908 17184.026
13172.746 14822.857
7852.780 10096.231
14915.967 19434.473
14343.738 16798.348
15472.297 17491.780
14974.621 17414.175
11793.481 16040.873
13514.752 17184.026
13484.110 16510.766
8547.309 13037.788
13946.502 15858.598
14129.141 16754.905
15215.733 18219.790
10356.860 13693.932
11386.145 13907.715
11820.304 14511.606
10356.860 15097.052
13946.502 15858.598
12354.852 15020.300
8547.309 12381.350
7852.780 10457.792
11820.304 14205.663
12287.859 15206.282
7852.780 10096.231
7484.567 9512.851
13172.746 16193.947
14667.892 17005.329
13172.746 15596.687
15173.835 17184.026
13306.089 16510.766
13125.236 14822.857
7852.780 12381.350
15259.084 17184.026
14024.705 16385.759
15155.147 19434.473
7852.780 10862.476
7852.780 10457.792
10356.860 13279.613
12517.105 14708.705
13172.746 14822.857
12527.121 15206.282
14533.006 17014.235
14024.705 16385.759
7852.780 12381.350
10356.860 14849.503
7475.380 9512.851
13749.599 17850.636
13970.766 16165.820
12361.619 15155.245
14784.174 16910.461
7484.567 9512.851
14784.174 16910.461
14024.705 16385.759
11785.022 14296.639
11820.304 15795.224
13609.904 16510.766
13946.502 16256.261
11785.022 14296.639
13306.089 15949.707
11785.022 14389.573
15155.147 18739.496
13172.746 15596.687
15078.218 17184.026
8978.349 13640.047
13946.502 15858.598
15155.147 19434.473
14234.606 18679.229
14473.683 16099.436
11820.304 14205.663
8547.309 13037.788
14766.875 17005.329
15259.084 17184.026
14784.174 17005.329
13219.123 14822.857
11820.304 15065.840
15262.733 18219.790
14667.892 18219.790
14234.606 18679.229
11828.110 15281.083
14667.892 17005.329
15155.147 19434.473
10160.172 13640.047
12354.852 15327.995
12354.852 16313.093
14234.606 18679.229
14915.967 19434.473
14667.892 17005.329
13741.046 17184.026
12287.859 15331.725
12287.859 17123.993
7852.780 12381.350
7658.247 10202.847
14129.141 16726.850
13946.502 16256.261
12863.757 15206.282
11896.131 15336.010
7484.567 9512.851
15155.147 19434.473
12822.411 17184.026
12489.297 17184.026
12354.852 15020.300
14129.141 16416.963
11820.304 15266.257
14974.621 17414.175
12287.859 15206.282
13578.410 17184.026
13884.756 16099.436
13946.143 17184.026
15060.930 17880.102
13536.930 16099.436
14915.967 19434.473
15150.309 19434.473
15431.017 18219.790
14129.141 16596.073
13363.207 17491.780
12287.859 15206.282
14024.705 16385.759
14234.606 18679.229
11110.248 13979.574
12287.859 15206.282
13172.746 15596.687
13172.746 15526.024
12354.852 16313.093
14024.705 16385.759
10356.860 14322.988
14974.621 17414.175
10356.860 12780.199
15155.147 18913.819
11538.550 14054.914
7475.380 9512.851
10432.399 15097.052
13946.502 15858.598
15024.562 17184.026
13306.089 16510.766
13946.502 16165.820
13043.845 14822.857
10160.172 13640.047
12895.683 17695.990
7484.567 10048.950
12287.859 15500.719
12287.859 15206.282
7658.247 10202.847
13458.518 17184.026
12600.391 17244.868
11910.744 15738.172
11820.304 15139.545
12895.683 17695.990
12774.186 15206.282
11820.304 15045.884
7852.780 10457.792
11820.304 14205.663
8039.980 12381.350
14224.955 16385.759
15155.147 19434.473
14784.174 16910.461
7852.780 10096.231
11896.131 15606.613
15472.297 17491.780
10881.248 13979.574
11538.550 14104.467
13946.502 16165.820
14024.705 16385.759
13172.746 14913.621
12899.724 15878.223
13480.383 16510.766
13149.054 16510.766
11785.022 14459.182
13172.746 15596.687
11538.550 14222.330
13946.502 16256.261
13172.746 15596.687
14445.366 16510.766
12354.852 16313.093
11820.304 15795.224
7677.782 10202.847
13219.123 14822.857
14129.141 16754.905
15262.733 18219.790
7475.380 9512.851
14915.967 19434.473
12349.890 15778.488
10356.860 13954.892
13946.502 16256.261
15034.836 18219.790
14667.892 17411.721
10356.860 13457.923
14974.621 17414.175
7658.247 10202.847
13149.054 16510.766
13946.502 16244.482
13172.746 15596.687
12354.852 15513.503
14667.892 17005.329
13172.746 14913.621
14835.641 17184.026
13172.746 15596.687
12501.716 15206.282
14667.892 18219.790
13514.752 17184.026
15215.733 18219.790
7852.780 10096.231
13306.089 15778.488
12287.859 15233.714
13946.502 15894.579
14176.951 17491.780
15034.836 18219.790
11423.244 15097.052
14353.914 16510.766
13113.373 16466.107
13962.201 17491.780
14473.683 16099.436
14667.892 17005.329
10356.860 15097.052
11019.887 13640.047
12354.852 14357.031
14667.892 17740.381
14667.892 17138.616
13172.746 15596.687
14974.621 17191.753
7658.247 10202.847
13946.502 16113.932
15609.893 18219.790
14024.705 16385.759
14667.892 18219.790
14667.892 17005.329
12895.683 17695.990
14129.141 16380.869
11820.304 14578.980
7852.780 12381.350
11785.022 14585.285
13306.089 16510.766
11836.995 15285.959
14545.737 16510.766
14234.606 18679.229
11538.550 14054.914
15155.147 19434.473
13609.904 16510.766
13172.746 14913.621
7658.247 10202.847
14024.705 16385.759
14784.174 17005.329
13172.746 14913.621
13946.502 16113.932
12822.411 17184.026
11538.550 14104.467
13609.904 16510.766
12477.499 17332.059
13749.599 18219.790
14066.189 16339.938
14915.967 19434.473
15034.836 18219.790
13172.746 15596.687
10356.860 13693.932
11820.304 15795.224
14024.705 16385.759
14667.892 18219.790
7475.380 9512.851
13946.502 15858.598
11820.304 14578.980
11820.304 14111.549
14784.174 16910.461
12354.852 16958.984
13946.502 16113.932
12354.852 16313.093
11405.005 15097.052
12287.859 14950.955
11820.304 15045.884
14915.967 19434.473
14545.737 16510.766
7067.675 9512.851
8547.309 12625.549
15290.628 17491.780
13552.591 16510.766
14667.892 18219.790
7484.567 9512.851
13306.089 16510.766
11648.890 15097.052
13514.752 17184.026
9781.838 13640.047
9244.389 13640.047
11538.550 14104.467
12361.619 15155.245
7931.379 10202.847
13172.746 15596.687
8547.309 12810.221
14667.892 17411.721
13946.502 16256.261
15290.628 17491.780
13306.089 16510.766
14473.683 16385.759
14473.683 16099.436
7658.247 10202.847
13946.502 16050.655
12361.619 15155.245
14974.621 17414.175
12501.716 15206.282
12817.776 15947.632
13946.477 17184.026
7484.567 9512.851
13092.701 14822.857
14369.900 17491.780
14667.892 18219.790
14234.606 18498.721
10356.860 12746.739
12354.852 14357.031
14974.621 17414.175
14234.606 18498.721
12863.757 15206.282
14473.683 16099.436
12287.859 15206.282
14024.705 16385.759
14234.606 19434.473
7484.567 9512.851
10356.860 12933.432
14473.683 16385.759
13221.943 17491.780
13172.746 15596.687
14915.967 19434.473
7484.567 9512.851
13970.766 16165.820
14225.026 16099.436
12517.105 14708.705
13172.746 15596.687
13219.123 14822.857
14265.785 16099.436
12585.826 17184.026
11665.123 14251.357
15155.147 18737.737
12361.619 15155.245
14667.892 17338.199
13113.373 16510.766
12361.619 15155.245
12967.981 15878.223
14974.621 17491.780
14915.967 19434.473
12354.852 14357.031
13306.089 15778.488
12287.859 15206.282
15155.147 19434.473
12865.432 17422.939
11820.304 15795.224
14027.005 16339.938
14473.683 16099.436
13219.123 14822.857
13149.054 16510.766
7852.780 10382.773
14667.892 18219.790
15262.733 18219.790
13946.502 16256.261
12489.297 17184.026
11538.550 14104.467
15155.147 19434.473
13306.089 16436.562
7658.247 10085.410
13729.842 17850.636
10356.860 13954.892
12521.166 15778.488
12815.373 15778.488
13219.123 14822.857
11820.304 15227.135
12600.391 17491.780
12287.859 15040.115
15290.628 17491.780
15290.628 17491.780
12501.716 15206.282
12815.373 15778.488
7677.782 10202.847
14974.621 16640.163
12489.297 17184.026
15155.147 19434.473
14974.621 17414.175
15155.147 19434.473
14473.683 16385.759
13306.089 16510.766
13172.746 16193.947
11820.304 15795.224
13884.756 16099.436
14024.705 16385.759
15341.659 19434.473
11820.304 15139.545
12899.724 15793.397
7658.247 10202.847
14974.621 17414.175
10356.860 13168.569
13946.502 16113.932
12463.540 17184.026
8039.980 12381.350
11820.304 14458.583
11793.481 16040.873
14667.892 17281.927
13172.746 14822.857
15155.147 19434.473
13306.089 16510.766
11829.752 15281.083
14505.885 16385.759
15290.628 17491.780
12354.852 16313.093
14234.606 16906.199
10356.860 15097.052
7852.780 10457.792
15290.628 17491.780
13609.904 16510.766
7234.140 9512.851
14225.026 16099.436
11820.304 14578.980
15290.628 17491.780
8547.309 12381.350
15155.147 19434.473
13306.089 16510.766
13172.746 15526.024
14234.606 18679.229
13219.123 14822.857
11820.304 15795.224
12287.859 17184.026
15155.147 19434.473
11820.304 15139.545
10425.634 13954.892
10356.860 15097.052
15024.562 17184.026
12895.683 17695.990
12354.852 16313.093
13306.089 16034.280
12517.105 14708.705
7852.780 10287.146
12287.859 17184.026
10356.860 13279.613
7658.247 10202.847
13172.746 15596.687
13219.123 14822.857
14276.868 18219.790
15155.147 19434.473
10356.860 14632.966
13300.340 16099.436
12354.852 15020.300
15034.836 18219.790
10356.860 13745.651
12491.452 17184.026
15155.147 18737.737
12287.859 16223.116
12815.373 15778.488
14667.892 18219.790
10356.860 15097.052
13716.908 17184.026
7852.780 10096.231
13219.123 14822.857
13458.518 17184.026
14915.967 19434.473
11248.840 13640.047
9652.923 13640.047
11820.304 15088.759
11019.887 13640.047
11946.984 16040.873
14353.914 16510.766
14803.959 17184.026
12899.724 15878.223
7852.780 10457.792
14974.621 17414.175
14300.583 19434.473
13172.746 15526.024
15341.659 19434.473
13172.746 15596.687
13609.904 16510.766
15155.147 19434.473
14234.606 16894.185
12354.852 14357.031
13172.746 15883.497
13559.965 16099.436
7658.247 10202.847
13172.746 16193.947
14784.174 17005.329
11248.840 13640.047
13219.123 14822.857
15034.836 18219.790
15472.297 17491.780
14667.892 17005.329
11248.840 13640.047
15155.147 19434.473
14290.451 17184.026
12287.859 15206.282
8243.716 10202.847
11820.304 14145.992
13149.054 16510.766
7484.567 9512.851
7475.380 9512.851
12354.852 16313.093
12643.523 15947.632
12991.131 14822.857
14234.606 19011.698
13172.746 14913.621
14667.892 17005.329
10356.860 13954.892
12287.859 15206.282
13172.746 15526.024
14473.683 16385.759
13749.599 18167.369
10356.860 14849.503
10356.860 13693.932
14024.705 16385.759
12895.683 17695.990
14974.621 17414.175
7852.780 12381.350
12287.859 17162.971
11586.972 15097.052
13219.123 14822.857
13316.518 16294.835
15508.106 17491.780
14129.141 16754.905
15155.147 19434.473
14667.892 18219.790
14974.621 17414.175
13946.502 15858.598
12339.763 15206.282
14974.621 17191.753
14667.892 17005.329
14529.216 16510.766
7852.780 10457.792
9138.298 13640.047
14234.606 17245.457
12489.297 17184.026
11538.550 14104.467
14386.105 16510.766
7852.780 10457.792
12988.257 15947.632
13172.746 15526.024
12501.716 15206.282
12354.852 14708.705
12731.814 15793.397
14974.621 16918.434
13306.089 16510.766
14129.141 16552.366
7852.780 12381.350
13176.217 17695.990
11829.752 15281.083
7484.567 9512.851
12361.619 15155.245
11699.504 15240.023
11820.304 15795.224
14974.621 17414.175
10356.860 15097.052
12354.852 14714.254
12287.859 15206.282
12865.432 17422.939
14024.705 16385.759
7475.380 9512.851
7658.247 10202.847
14784.174 16910.461
12934.444 17695.990
13113.373 15947.736
6945.831 9512.851
12287.859 15206.282
14974.621 17414.175
7852.780 10096.231
14974.621 17233.186
7658.247 10202.847
14176.951 17491.780
7852.780 10457.792
12287.859 15206.282
15262.733 18219.790
7852.780 10666.631
15385.931 18219.790
15290.628 17491.780
15395.999 18219.790
12287.859 16487.747
14473.683 16385.759
11785.022 15218.046
14482.182 16385.759
13514.752 17184.026
14225.026 16099.436
13089.591 15778.488
12715.768 15947.632
14915.967 19434.473
13176.217 17695.990
7852.780 10457.792
12339.763 15206.282
7484.567 9512.851
12354.852 16313.093
14473.683 16385.759
12899.724 15878.223
14915.967 19434.473
13219.123 14822.857
14667.892 18219.790
7677.782 10202.847
10934.075 13979.574
11248.840 13640.047
15155.147 18739.496
11248.840 13640.047
14784.174 17005.329
10356.860 15097.052
13219.123 14822.857
13219.123 14822.857
11538.550 14222.330
10356.860 14849.503
11248.840 13640.047
13132.999 17695.990
14803.959 17184.026
15472.297 17491.780
7603.082 10048.950
11538.550 14067.496
15155.147 18434.962
13221.943 17491.780
12287.859 15331.725
14974.621 17414.175
10356.860 13954.892
14533.006 17098.536
12354.852 16313.093
8547.309 12903.169
13306.089 16510.766
14024.705 16385.759
13172.746 15596.687
10759.336 13954.892
7484.567 9512.851
9228.018 13640.047
15155.147 19434.473
14267.857 17491.780
7658.247 10202.847
14024.705 16385.759
14234.606 19434.473
13219.123 14822.857
13946.502 16113.932
14129.141 16380.869
13238.391 15952.990
13970.766 16165.820
12899.724 15793.397
11184.429 13979.574
7484.567 9649.407
12815.373 15778.488
13306.089 16510.766
10356.860 12773.509
12895.683 17695.990
14473.683 16385.759
15155.147 18737.737
13970.766 16165.820
7658.247 10202.847
12287.859 14893.736
13250.233 15778.488
13306.089 16009.051
14915.967 19434.473
14473.683 16099.436
12616.247 15206.282
7658.247 10202.847
14915.967 19434.473
12967.981 15878.223
13219.123 14822.857
12287.859 16159.339
7852.780 11613.767
12585.826 17184.026
12613.607 15778.488
12489.297 17184.026
14784.174 17005.329
13172.746 15596.687
12287.859 14632.939
15290.628 17491.780
12610.559 15947.632
13946.502 16113.932
15290.628 17491.780
12354.852 16313.093
7475.380 9512.851
12354.852 15020.300
14024.705 16385.759
13306.089 16510.766
13219.123 14822.857
7658.247 10202.847
14234.606 18498.721
7658.247 10202.847
11820.304 15036.887
15155.147 19434.473
14234.606 18679.229
13113.373 16195.752
13686.631 17850.636
12585.826 17184.026
14784.174 16910.461
14024.705 16385.759
12489.297 17184.026
14024.705 16385.759
10356.860 13665.873
14176.951 17491.780
15155.147 19434.473
12287.859 16739.570
10356.860 12746.739
13219.123 14822.857
13172.746 15596.687
15290.628 17491.780
10356.860 13279.613
10356.860 15097.052
7852.780 10457.792
7658.247 10202.847
7658.247 10202.847
12616.247 15206.282
12731.814 15793.397
14473.683 16099.436
14667.892 17411.721
10356.860 13693.932
15256.209 17491.780
12822.411 17184.026
14747.994 17491.780
13063.693 15878.223
7475.380 9512.851
12354.852 15854.125
13946.502 16113.932
15290.628 17491.780
13172.746 16193.947
14234.606 19434.473
13113.373 15878.223
12731.814 15793.397
7852.780 10457.792
10356.860 15097.052
13970.766 16165.820
7658.247 10202.847
14784.174 16910.461
14473.683 16099.436
9228.018 13640.047
13300.340 16099.436
14667.892 18219.790
12287.859 16782.232
13172.746 15596.687
12609.034 17332.059
14974.621 16954.540
15290.628 17491.780
15583.935 17491.780
7852.780 12381.350
11820.304 15139.545
11648.890 15097.052
13749.599 18172.559
15155.147 19434.473
13853.219 16385.759
15290.628 17491.780
12517.105 14708.705
7475.380 9512.851
14024.705 16385.759
13172.746 14913.621
15034.836 18219.790
12354.852 16313.093
7852.780 12381.350
14667.892 17005.329
14974.621 17414.175
11896.131 15738.172
12899.724 15793.397
7484.567 9512.851
7852.780 10096.231
14784.174 16910.461
11248.840 13640.047
7067.675 9512.851
8547.309 13037.788
7658.247 10202.847
11820.304 15795.224
15155.147 19434.473
11820.304 15795.224
13946.502 16113.932
12468.207 15206.282
14974.621 17491.780
13458.518 17184.026
14545.737 16510.766
13946.502 16113.932
14784.174 17005.329
15155.147 19434.473
13514.752 17184.026
13600.722 17761.740
12354.852 14357.031
12287.859 15206.282
13306.089 15949.707
13306.089 16034.280
15155.147 19434.473
15050.264 17184.026
12895.683 17695.990
7852.780 11978.333
10356.860 12746.739
13818.868 16510.766
13749.599 18219.790
14974.621 17414.175
15290.628 17491.780
14667.892 17411.721
10356.860 13954.892
15290.628 17491.780
12287.859 15206.282
8547.309 13348.254
15262.733 18219.790
14784.174 16910.461
7852.780 10457.792
13990.591 18219.790
7475.380 9512.851
13946.502 16256.261
15155.147 19434.473
10356.860 13954.892
14974.621 17414.175
8733.515 13640.047
12287.859 17184.026
15228.371 19434.473
7677.782 10202.847
14129.141 16596.073
11405.005 15097.052
7484.567 9512.851
12354.852 14816.601
15259.084 17184.026
14234.606 16538.006
7852.780 10096.231
12354.852 14711.518
15034.836 18219.790
15034.836 18219.790
14024.705 16385.759
12731.814 15793.397
15290.628 17491.780
13946.502 16113.932
12354.852 16460.759
14208.760 17491.780
12899.724 15878.223
14974.621 17491.780
14803.959 17184.026
11538.550 14211.777
12527.121 15206.282
12640.746 15947.632
15290.628 17491.780
14797.531 18219.790
14533.006 17154.641
12895.683 17695.990
13149.054 16510.766
7852.780 10457.792
14234.606 16357.011
13970.766 16165.820
13306.089 16510.766
7484.567 9512.851
13172.746 15596.687
13172.746 15526.024
13219.123 14822.857
12354.852 15952.987
12354.852 16313.093
7677.782 10202.847
14129.141 16596.073
14784.174 17005.329
8547.309 12381.350
11248.840 13640.047
15884.970 17491.780
13219.123 14822.857
11820.304 15795.224
12354.852 14357.031
7658.247 10202.847
7677.782 10202.847
10356.860 13227.893
15155.147 19434.473
15024.562 17184.026
10356.860 15097.052
12287.859 15206.282
14129.141 16754.905
12477.499 17332.059
11785.022 14562.846
11820.304 15795.224
12287.859 15206.282
14667.892 17411.721
15341.659 19434.473
15055.786 17491.780
7852.780 10457.792
12361.619 15155.245
12501.716 15206.282
14234.606 16906.199
12287.859 14624.747
10356.860 15097.052
13172.746 14822.857
13559.965 16099.436
12506.942 15206.282
11820.304 15795.224
13609.904 16510.766
12489.297 17184.026
12361.619 15155.245
14234.606 18679.229
14024.705 16385.759
12663.190 14822.857
10356.860 13160.538
14784.174 16910.461
14024.705 16385.759
12354.852 14357.031
15472.297 17491.780
8990.238 13640.047
13273.687 17491.780
12354.852 14357.031
14234.606 18679.229
15155.147 19434.473
12468.207 15206.282
10356.860 13168.569
7677.782 10202.847
8243.596 10202.847
14784.174 17005.329
13514.752 17184.026
12287.859 15206.282
15155.147 18607.265
14974.621 17491.780
13741.046 17184.026
10467.004 13640.047
14974.621 17318.878
10356.860 13874.145
11820.304 15795.224
10356.860 13881.211
7484.567 9512.851
13609.904 16510.766
13229.239 17184.026
12863.757 15206.282
13946.143 17184.026
14667.892 17005.329
13172.746 14822.857
11820.304 14936.379
13306.089 16510.766
10356.860 14309.023
12361.619 15155.245
13172.746 14822.857
14667.892 18219.790
11785.022 14389.573
12361.619 15155.245
11820.304 15795.224
13219.123 14822.857
12731.814 15752.544
13741.046 17184.026
15341.659 19434.473
11820.304 15795.224
15155.147 19434.473
13970.766 16165.820
13306.089 16510.766
7658.247 10202.847
14974.621 17414.175
13280.903 16099.436
14974.621 17414.175
11820.304 14863.524
14667.892 17740.381
13970.766 16165.820
13172.746 14913.621
7893.590 10202.847
7475.380 9512.851
14473.683 16099.436
14129.141 16380.869
7852.780 10096.231
15155.147 19434.473
14024.705 16385.759
12215.417 15795.224
12822.411 17184.026
14667.892 17005.329
13946.502 16256.261
13534.278 16510.766
12899.724 15869.663
12287.859 16762.714
14024.705 16385.759
8721.483 13640.047
12287.859 14952.635
15155.147 19434.473
14667.892 17898.889
15155.147 19434.473
14667.892 18219.790
14225.026 16099.436
12501.716 15206.282
12361.619 15114.036
11881.918 16040.873
7677.782 10202.847
14667.892 17338.199
7852.780 10457.792
14974.621 17414.175
13139.835 15952.990
13972.963 18219.790
13970.766 16165.820
9741.184 13640.047
14667.892 17005.329
7658.247 10202.847
13219.123 14822.857
15155.147 19359.365
13306.089 16510.766
14129.141 16726.850
7658.247 10202.847
11820.304 14897.404
15155.147 18434.962
13172.746 15526.024
10356.860 13457.923
13946.502 16113.932
12287.859 15206.282
8547.309 12381.350
12271.904 15583.928
12527.121 15206.282
11248.840 13640.047
13609.904 16510.766
7658.247 10202.847
13946.502 16113.932
15155.147 19434.473
11820.304 14511.606
14024.705 16385.759
12287.859 15206.282
7658.247 10202.847
12493.912 15206.282
7658.247 10202.847
12354.852 15020.300
13818.868 16510.766
14974.621 17414.175
15472.297 17491.780
12287.859 15040.115
14024.705 16385.759
14784.174 17136.126
14369.900 17491.780
10467.004 13640.047
12895.683 17695.990
13880.326 16510.766
13970.766 16165.820
12287.859 16739.570
15155.147 19434.473
15155.147 19434.473
7852.780 11611.819
7852.780 11484.537
7484.567 9512.851
15155.147 19434.473
8547.309 12625.549
12287.859 15206.282
14473.683 16099.436
15155.147 19434.473
8039.980 12381.350
13946.502 16113.932
13946.502 16113.932
13946.502 16165.820
15598.775 17491.780
15262.733 18219.790
12287.859 15206.282
14667.892 17994.001
14784.174 17005.329
11820.304 15139.545
14667.892 17338.199
7484.567 9512.851
14369.900 17491.780
12411.067 17317.693
11820.304 15795.224
9741.184 13640.047
10815.542 13956.729
7484.567 9512.851
15155.147 19434.473
14974.621 16640.163
7852.780 10127.143
14024.705 16385.759
15155.147 18836.422
14234.606 18679.229
14784.174 17005.329
13514.752 17184.026
13221.943 17491.780
14234.606 19302.633
14234.606 17613.825
12714.968 15206.282
14974.621 17414.175
11820.304 15795.224
7893.590 10202.847
14667.892 18219.790
14234.606 18679.229
12354.852 16313.093
13974.635 16339.938
12354.852 16313.093
14234.606 17500.455
14024.705 16385.759
13113.373 16510.766
15262.733 18219.790
12271.904 15555.785
13219.123 14822.857
13172.746 15526.024
12287.859 16001.208
13219.123 14822.857
15155.147 19434.473
13946.502 16113.932
13306.089 16323.265
13172.746 15526.024
12287.859 15331.725
13172.746 14822.857
14974.621 17414.175
11820.304 15795.224
10356.860 15097.052
14667.892 17994.001
15155.147 19434.473
7852.780 10096.231
12354.852 16958.984
12501.716 15206.282
7852.780 11142.258
15155.147 19434.473
13946.502 16113.932
12287.859 17184.026
14667.892 18219.790
14234.606 17245.457
10356.860 13279.613
14974.621 17414.175
7484.567 9512.851
10356.860 15097.052
13176.217 17695.990
8141.977 12381.350
7852.780 10457.792
12354.852 16313.093
13946.502 16050.655
7852.780 10457.792
13219.123 14822.857
15472.297 17491.780
15262.733 18219.790
14234.606 18679.229
10356.860 13160.538
15385.931 18219.790
12468.207 15155.245
13609.904 16510.766
14784.174 16910.461
9042.429 13640.047
12991.131 14822.857
13970.766 16165.820
13514.752 17184.026
7475.380 9512.851
14784.174 16910.461
13730.215 16510.766
14129.141 16552.366
11998.670 16040.873
13149.054 16510.766
12287.859 17184.026
14974.621 17414.175
12517.105 14708.705
14234.606 18679.229
14667.892 18219.790
12501.716 15206.282
12285.933 15114.036
14974.621 17491.780
15034.836 18219.790
12354.852 16313.093
13172.746 14913.621
12095.788 16040.873
14667.892 17005.329
15155.147 18434.962
7658.247 10202.847
14974.621 17414.175
13946.502 16256.261
13167.813 15778.488
12354.852 14524.505
11820.304 14816.183
14667.892 18219.790
15024.562 17184.026
10356.860 13160.538
10356.860 14849.503
12287.859 14757.588
11820.304 14578.980
13221.943 17491.780
13946.502 16113.932
13219.123 14822.857
11820.304 15795.224
14300.583 19434.473
11793.481 16040.873
7852.780 10096.231
10356.860 15097.052
12517.105 14708.705
14262.180 17491.780
14234.606 19011.698
7484.567 9512.851
11820.304 15795.224
13113.373 16510.766
12287.859 14886.896
12285.933 15114.036
11538.550 14104.467
11586.972 15097.052
12354.852 16313.093
12361.619 15155.245
11896.131 15738.172
11793.481 15661.746
12501.716 15206.282
12287.859 15206.282
15155.147 19434.473
14176.951 17491.780
15262.733 18219.790
11785.022 14389.573
12287.859 16159.339
11820.304 15795.224
12822.411 17184.026
11820.304 14205.663
15155.147 18836.422
12232.049 15795.224
15173.593 18219.790
14048.770 18219.790
12354.852 16313.093
13172.746 15526.024
12287.859 16159.339
12354.852 14906.817
11820.304 15795.224
11820.304 15045.884
13609.904 16510.766
12354.852 15735.881
7852.780 10096.231
11820.304 15795.224
15155.147 19434.473
10726.260 13954.892
14915.967 19434.473
12287.859 15206.282
13946.502 15858.598
12610.559 15848.480
14234.606 16256.261
13946.502 15858.598
11538.550 14222.330
12361.619 15155.245
11648.890 15097.052
13946.502 16113.932
13946.502 16113.932
13176.217 17695.990
12833.841 15947.632
13221.943 17491.780
14803.959 17184.026
15024.562 17184.026
7576.367 10048.950
13306.089 16510.766
12361.619 15155.245
13609.904 16510.766
12095.788 16530.279
14784.174 16910.461
13219.123 14822.857
15262.733 18219.790
12354.852 14547.020
13149.054 16510.766
7484.567 9512.851
13149.054 16510.766
14974.621 16640.163
14784.174 16910.461
11793.481 16040.873
13946.502 16113.932
14024.705 16385.759
13219.123 14822.857
7852.780 12381.350
11538.550 14104.467
10386.396 15097.052
14473.683 16385.759
14974.621 17414.175
13946.502 15858.598
13219.123 14822.857
12287.859 16978.033
15155.147 19434.473
14353.914 16510.766
15155.147 19434.473
13172.746 14913.621
13149.054 16510.766
12287.859 15206.282
14667.892 18219.790
12287.859 15206.282
12287.859 15331.725
13970.766 16165.820
10356.860 13954.892
14024.705 16385.759
13423.143 16510.766
9885.295 13640.047
8243.716 10202.847
7852.780 10096.231
14473.683 16385.759
15197.806 19434.473
14225.026 16099.436
11785.022 14868.339
13315.013 16294.835
12354.852 14708.705
15060.930 17465.844
7852.780 10457.792
15262.733 18219.790
14024.705 16385.759
13306.089 16510.766
12895.683 17695.990
14974.621 17414.175
14667.892 18219.790
13360.798 17491.780
14290.451 17184.026
13084.003 15947.632
12895.683 17695.990
13946.502 16113.932
7852.780 12381.350
13176.217 17695.990
13970.766 16165.820
13172.746 15861.860
14784.174 17005.329
7484.567 9512.851
11820.304 14545.466
7852.780 11613.767
15364.582 17491.780
13113.373 16240.015
7484.567 9512.851
13946.502 16113.932
7658.247 10202.847
15262.733 18219.790
7658.247 10202.847
10356.860 14849.503
7658.247 10202.847
12354.852 15020.300
15155.147 19434.473
14290.451 17184.026
14974.621 17233.186
13818.868 16510.766
11785.022 15218.046
13749.599 18219.790
12895.683 17695.990
10356.860 15097.052
15215.733 18219.790
15155.147 19434.473
13970.766 16165.820
10356.860 13279.613
12517.105 14708.705
7852.780 10457.792
14667.892 17994.001
13132.999 17695.990
14667.892 18219.790
7852.780 10127.143
7658.247 10202.847
10356.860 13160.538
15150.309 19434.473
12287.859 16004.640
14667.892 18219.790
14226.137 18219.790
14234.606 19295.369
15034.836 18219.790
14257.369 18219.790
14784.174 16910.461
13818.868 16510.766
7475.380 9512.851
14974.621 17414.175
11820.304 15795.224
14024.705 16385.759
12863.757 15206.282
13219.123 14822.857
14974.621 17491.780
12501.716 15206.282
12361.619 15155.245
9228.018 13640.047
12477.499 17332.059
10356.860 13954.892
13306.089 15778.488
12096.887 17096.216
12005.523 15738.172
13172.746 15526.024
13172.746 15526.024
14974.621 17414.175
13970.766 16165.820
12354.852 15020.300
10356.860 12760.683
13172.746 14913.621
12354.852 14357.031
12361.512 14708.705
15583.935 17491.780
12339.763 15206.282
13946.502 16113.932
11248.840 13640.047
14024.705 16385.759
14505.885 16385.759
14024.705 16385.759
14024.705 16385.759
12822.411 17184.026
12287.859 15206.282
13946.502 16113.932
12166.510 15752.544
12731.814 15752.544
13946.502 16113.932
11785.022 14993.683
15155.147 19434.473
15155.147 19434.473
12354.852 14708.705
7484.567 9512.851
12354.852 15008.380
12354.852 14357.031
13853.219 16385.759
11820.304 15139.545
15108.585 18219.790
15034.836 18219.790
7677.782 10202.847
7484.567 9512.851
7852.780 12381.350
7893.590 10202.847
13113.373 16406.448
14129.141 16380.869
11820.304 14578.980
14024.705 16385.759
12287.859 14624.747
13280.903 16080.696
7658.247 10202.847
12287.859 15331.725
13219.123 14822.857
10356.860 12746.739
14024.705 16385.759
14034.090 16510.766
12922.900 15947.632
13970.766 16165.820
14505.885 16385.759
13219.123 14822.857
14784.174 17005.329
14667.892 18219.790
14915.967 19434.473
13514.752 17184.026
7484.567 9512.851
12354.852 16313.093
13300.340 16099.436
13306.089 16510.766
9228.018 13640.047
13946.502 16113.932
13172.746 15150.447
15155.147 19434.473
7658.247 10202.847
12501.716 15206.282
14024.705 16385.759
13172.746 15526.024
13946.502 15858.598
12354.852 16958.984
8547.309 13037.788
11820.304 14408.039
14473.683 16099.436
10356.860 13954.892
12895.683 17695.990
12287.859 15206.282
13458.518 17184.026
12616.247 15206.282
14473.683 16099.436
12287.859 15206.282
7234.140 9512.851
11820.304 14425.075
11820.304 14578.980
15060.930 18029.506
12095.788 16810.134
14667.892 17338.199
14667.892 18219.790
14500.282 18219.790
12361.619 15114.036
11248.840 13640.047
14835.641 17184.026
12815.373 15778.488
11820.304 14205.663
15259.084 17184.026
12354.852 15952.987
14667.892 18219.790
11248.840 13640.047
13172.746 15474.990
7475.380 9512.851
12287.859 15697.749
12815.373 15778.488
13172.746 14913.621
12354.852 16313.093
14234.606 19352.831
15034.836 18219.790
14234.606 18498.721
12489.297 17184.026
10356.860 15097.052
14505.885 16385.759
15034.836 18219.790
13306.089 16510.766
14974.621 17414.175
14774.211 18219.790
13946.143 17184.026
14533.006 17160.733
12361.619 15155.245
10060.183 13640.047
14369.900 17491.780
9130.646 13640.047
12731.814 15793.397
14915.967 19434.473
9138.298 13640.047
11820.304 15795.224
12287.859 16762.714
7852.780 10096.231
13219.123 14822.857
11402.785 14081.117
14234.606 18679.229
11785.022 14296.639
12287.859 15206.282
10356.860 15097.052
14779.711 18219.790
11248.840 13640.047
7852.780 12381.350
13749.599 18219.790
14974.621 17176.734
15155.147 19434.473
14974.621 16640.163
14915.967 19434.473
14974.621 17414.175
12287.859 15206.282
7852.780 10457.792
13970.766 16165.820
12501.716 15206.282
14234.606 16894.185
15155.147 18434.962
8547.309 13640.047
12339.763 15206.282
14974.621 17414.175
15078.218 17184.026
14234.606 18679.229
13946.502 16113.932
13132.999 17695.990
15341.659 19434.473
12354.852 16958.984
12354.852 15020.300
11898.459 14712.986
14974.621 16954.540
14667.892 17740.381
11785.022 15092.176
11793.481 15840.345
15034.836 18219.790
7658.247 10202.847
11248.840 13640.047
9228.018 13640.047
7677.782 10202.847
12731.814 15793.397
11946.984 16040.873
14473.683 16099.436
12361.619 15155.245
8547.309 13640.047
7852.780 11765.281
11538.550 13923.375
7484.567 9533.841
15155.147 19434.473
14784.174 17005.329
14974.621 16918.434
13149.054 16510.766
10356.860 13693.932
8301.646 10202.847
7658.247 10202.847
15155.147 19434.473
10356.860 13896.658
11820.304 15795.224
14974.621 17414.175
11820.304 15795.224
13970.766 16165.820
14048.770 18219.790
12172.867 15752.544
7475.380 9512.851
7852.780 10096.231
12287.859 15206.282
12361.619 15155.245
14667.892 17005.329
13946.502 16165.820
11019.887 13640.047
13063.693 15878.223
11405.005 15097.052
14234.606 18679.229
11881.918 16040.873
11785.022 15013.448
14784.174 17005.329
13149.054 16510.766
13442.764 17491.780
13970.766 16235.569
14974.621 17414.175
12468.207 15155.245
13172.746 14822.857
12287.859 17184.026
14667.892 18219.790
11793.481 15661.746
13149.054 16510.766
12899.724 15878.223
13609.904 16510.766
14803.959 17184.026
13113.373 15889.735
15533.942 17491.780
10356.860 12746.739
14667.892 18219.790
7852.780 10457.792
12287.859 16973.190
12287.859 15040.115
13172.746 15596.687
13063.693 15878.223
8176.055 10202.847
13971.798 16256.261
14234.606 16464.613
11405.005 15097.052
13219.123 14822.857
13970.766 16165.820
7852.780 11613.767
13172.746 15526.024
13818.868 16510.766
12287.859 15206.282
14974.621 17414.175
12287.859 15206.282
8039.980 12381.350
15155.147 19434.473
8039.980 12381.350
11405.005 15097.052
14225.026 16099.436
13172.746 15596.687
13306.089 16510.766
11820.304 15795.224
14607.009 17184.026
9741.184 13640.047
12287.859 15206.282
12354.852 14357.031
7658.247 10202.847
13526.651 17491.780
12019.113 15738.172
12354.852 15854.125
7658.247 10202.847
15050.264 17184.026
13970.766 16165.820
14915.967 19434.473
12631.589 15947.632
10356.860 15097.052
14915.967 19434.473
14667.892 18219.790
13458.518 17184.026
11840.060 15795.224
13749.599 17958.694
12501.716 15206.282
12501.716 15206.282
14667.892 17005.329
11896.131 15336.010
14974.621 17414.175
11881.918 16040.873
10416.769 13954.892
11785.022 15142.021
8039.980 12381.350
15262.733 18219.790
14784.174 16910.461
14024.705 16385.759
11538.550 14041.202
12967.981 15878.223
10356.860 15097.052
13946.502 16165.820
11248.840 13640.047
9741.184 13640.047
12287.859 15206.282
14667.892 18219.790
13946.502 16256.261
8241.051 10202.847
12287.859 15331.725
15212.258 17491.780
15034.836 18219.790
13172.746 14822.857
7677.782 10202.847
13946.502 15858.598
14667.892 17005.329
14784.174 17005.329
14473.683 16385.759
14784.174 16910.461
15155.147 18737.737
10356.860 13954.892
12517.105 14708.705
10356.860 13954.892
12361.619 15155.245
15155.147 19434.473
12287.859 15206.282
14565.025 16510.766
11820.304 15776.385
14784.174 17005.329
14093.441 16510.766
15262.733 18219.790
12817.068 17491.780
10356.860 13457.923
13946.502 16113.932
10356.860 14849.503
13946.502 16050.655
15155.147 19434.473
14499.795 19434.473
11248.840 13640.047
12967.981 15878.223
14024.705 16385.759
14369.900 17491.780
12287.859 15206.282
10356.860 12746.739
7852.780 12381.350
14667.892 18219.790
14784.174 16910.461
14667.892 17284.613
11820.304 15149.396
14667.892 17005.329
12354.852 14708.705
15447.179 17491.780
8547.309 13640.047
7852.780 10457.792
13306.089 16510.766
12287.859 15206.282
13289.506 15778.488
13172.746 15526.024
13946.502 16113.932
15155.147 19434.473
14974.621 17414.175
15145.895 18219.790
11820.304 15795.224
15034.836 18219.790
7883.424 12381.350
14667.892 18023.668
14224.955 16385.759
15034.836 18219.790
12501.716 15206.282
14667.892 17005.329
11820.304 14578.980
7852.780 10096.231
15155.147 18737.737
11405.005 15097.052
11248.840 13640.047
15259.084 17184.026
11586.972 15097.052
13749.599 17850.636
7893.590 10127.143
9652.923 13640.047
13172.746 15647.588
10356.860 13160.538
14344.470 16798.348
10356.860 15097.052
13306.089 16510.766
13879.282 16385.759
15290.628 17491.780
13306.089 16510.766
14974.621 17491.780
10356.860 13954.892
13306.089 16510.766
12095.788 16796.427
9228.018 13640.047
15155.147 18737.737
13946.502 16113.932
10356.860 13228.371
7475.380 9512.851
12731.814 15793.397
12287.859 15206.282
13946.502 16165.820
13609.904 16510.766
13946.502 16165.820
12354.852 14880.050
12287.859 15206.282
12616.247 15206.282
14224.955 16385.759
13219.123 14822.857
12506.942 15206.282
12731.814 15793.397
12899.724 15878.223
14974.621 16640.163
11820.304 14205.663
12287.859 15094.494
13306.089 16510.766
14234.606 18679.229
13749.599 18219.790
14024.705 16385.759
14784.174 17005.329
14234.606 16906.199
7484.567 9512.851
10356.860 15097.052
13741.046 17184.026
14667.892 17005.329
13578.410 17184.026
12815.373 15778.488
11248.840 13640.047
14974.621 16954.540
12501.716 15206.282
7852.780 12381.350
8176.055 10202.847
14667.892 18219.790
12287.859 17184.026
7658.247 10202.847
8217.564 10202.847
13946.502 16113.932
7852.780 10096.231
13219.123 14822.857
14024.705 16385.759
7484.567 9512.851
13946.502 16113.932
14024.705 16385.759
7852.780 12381.350
12287.859 15206.282
12731.814 15793.397
13306.089 15778.488
13912.853 17491.780
11896.131 15738.172
15259.084 17184.026
12095.788 16796.427
14784.174 16910.461
15034.836 18219.790
13172.746 14822.857
12354.852 16313.093
15150.309 19434.473
15155.147 19434.473
13172.746 15526.024
13749.599 18219.790
11820.304 15795.224
14974.621 16925.464
8547.309 13037.788
11820.304 15045.884
13306.089 15883.364
13970.766 16165.820
13725.777 17184.026
13970.766 16165.820
15472.297 17491.780
14974.621 17414.175
12600.391 16987.844
13514.752 17184.026
11785.022 14389.573
13113.373 16039.078
7852.780 10096.231
13219.123 14822.857
11019.887 13640.047
12716.580 17397.441
14473.683 16385.759
14234.606 17303.232
14667.892 17411.721
14234.606 18679.229
8547.309 12381.350
14300.583 19434.473
15290.628 17491.780
14545.737 16510.766
9652.923 13640.047
14667.892 18219.790
13306.089 15778.488
7658.247 10202.847
12899.724 15878.223
13306.089 15883.364
12361.619 15155.245
13946.502 16113.932
14545.737 16510.766
14667.892 18219.790
11405.005 15097.052
7677.782 10202.847
11405.005 15097.052
7658.247 10202.847
7658.247 10202.847
8218.368 10202.847
7852.780 10127.143
12158.698 15752.544
13219.123 14822.857
11820.304 15795.224
12287.859 16782.232
14974.621 17491.780
14265.785 16099.436
15155.147 19434.473
7475.380 9512.851
10356.860 13160.538
7852.780 12381.350
13172.746 16193.947
15262.733 18219.790
10356.860 12746.739
12895.683 17695.990
11248.840 13640.047
13946.502 15858.598
13172.746 15596.687
12287.859 16762.714
13970.766 16165.820
11820.304 15795.224
13172.746 14822.857
13219.123 14822.857
14974.621 16954.540
13578.410 17184.026
15155.147 19434.473
13172.746 14822.857
11538.550 13907.715
14267.857 17491.780
15155.147 19434.473
7852.780 11611.819
11785.022 14389.573
14667.892 18219.790
14784.174 17005.329
14667.892 18219.790
14473.683 16099.436
13766.698 17491.780
14667.892 18219.790
12468.207 15206.282
7484.567 9512.851
15583.935 17491.780
14024.705 16385.759
15024.562 17184.026
14974.621 17414.175
12501.716 15206.282
14974.621 16967.109
11538.550 14230.032
10356.860 12746.739
14784.174 17004.905
8346.496 12381.350
13749.599 17850.636
13853.219 16385.759
10356.860 13954.892
8547.309 12381.350
12354.852 16313.093
15436.400 17491.780
11820.304 14578.980
14974.621 17414.175
13609.904 16510.766
14024.705 16385.759
11820.304 15795.224
14974.621 17414.175
11793.481 15613.283
7658.247 10202.847
12899.724 15878.223
7852.780 10096.231
13609.904 16510.766
14784.174 17005.329
14234.606 18498.721
7852.780 10096.231
14974.621 17273.344
15472.297 17491.780
11243.886 13640.047
13219.123 14822.857
13172.746 15596.687
13970.766 16165.820
7852.780 10096.231
15155.147 19434.473
15155.147 18737.737
12287.859 17184.026
13946.502 16165.820
12512.598 15206.282
13946.502 16256.261
13609.904 16510.766
12895.683 17695.990
14667.892 17338.199
13172.746 15596.687
14024.705 16385.759
7658.247 10202.847
13946.502 16113.932
10356.860 13128.389
14667.892 17005.329
10356.860 15097.052
10356.860 13791.726
14974.621 17191.753
12229.452 15299.836
13970.766 16165.820
10356.860 13505.293
14974.621 17414.175
13172.746 15596.687
12354.852 14357.031
10356.860 15097.052
7484.567 9512.851
13172.746 15596.687
13741.046 17184.026
13172.746 15596.687
14473.683 16099.436
14290.451 17184.026
7475.380 9512.851
13132.999 17695.990
14667.892 18219.790
13306.089 16510.766
14667.892 17005.329
14667.892 18219.790
12501.716 15206.282
7852.780 11965.186
13172.746 15647.588
11820.304 15795.224
12354.852 14714.254
12501.716 15206.282
12600.391 17491.780
12527.121 15206.282
14667.892 18219.790
14667.892 17005.329
13946.502 16244.482
10356.860 13056.281
13946.502 16113.932
7852.780 11613.767
14974.621 17414.175
7852.780 12358.923
15155.147 18737.737
14803.959 17184.026
7677.782 10202.847
14974.621 17414.175
8407.519 10202.847
15583.935 17491.780
15155.147 18739.496
10356.860 13954.892
11248.840 13640.047
14234.606 16906.199
12287.859 15206.282
7484.567 9512.851
15290.628 17491.780
12354.852 16313.093
13306.089 16510.766
13172.746 15883.497
8547.309 12381.350
15341.659 19434.473
7677.782 10202.847
12501.716 15206.282
14974.621 17491.780
14545.737 16510.766
11840.060 15795.224
15290.628 17491.780
11019.887 13640.047
13946.502 16256.261
14915.967 19434.473
14667.892 17005.329
15155.147 19434.473
15290.628 17491.780
12354.852 16313.093
14234.606 17401.692
13172.746 14913.621
12612.130 14822.857
14974.621 17414.175
14974.621 17414.175
7484.567 9512.851
14024.705 16385.759
12354.852 16313.093
14667.892 18219.790
15893.335 17491.780
7475.380 9512.851
14974.621 17491.780
7677.782 10202.847
15155.147 19434.473
10356.860 12851.306
14974.621 17191.753
12774.186 15206.282
13172.746 15526.024
12287.859 15206.282
12354.852 16878.967
10467.004 13640.047
13280.903 16080.696
14667.892 17005.329
12354.852 14906.817
14974.621 16640.163
11405.005 15097.052
12287.859 15040.115
14667.892 18219.790
13125.236 14822.857
14024.705 16385.759
13172.746 14822.857
8039.980 12381.350
12822.411 17184.026
7852.780 10457.792
10356.860 14849.503
12287.859 15206.282
13085.183 15778.488
13172.746 15526.024
11820.304 15795.224
8158.038 10202.847
14129.141 16754.905
11896.131 15336.010
12774.186 15206.282
13609.904 16510.766
14784.174 17005.329
15262.733 18219.790
13149.054 16510.766
11820.304 15065.840
7852.780 10096.231
11896.131 15738.172
12287.859 17184.026
14974.621 17044.043
13306.089 16510.766
14473.683 16385.759
14974.621 17414.175
12895.683 17695.990
13946.502 16165.820
11793.481 15661.746
13120.448 17491.780
7677.782 10202.847
14974.621 16782.970
15155.147 19434.473
13970.766 16179.947
13113.373 16510.766
13172.746 15596.687
14974.621 16954.540
11820.304 15795.224
12815.373 15778.488
13946.502 16256.261
11793.481 16040.873
7658.247 10202.847
12287.859 15126.416
13948.123 16165.820
13946.502 16165.820
14722.623 17491.780
12895.683 17695.990
13458.518 17184.026
11793.481 15840.345
14667.892 18219.790
13172.746 15596.687
10356.860 15097.052
13172.746 16193.947
13970.766 16165.820
8547.309 13037.788
13306.089 16510.766
14369.900 17491.780
12517.105 14708.705
7852.780 10457.792
13749.599 18139.885
15155.147 19249.568
7658.247 10202.847
12354.852 15020.300
11248.840 13640.047
13853.219 16385.759
14024.705 16385.759
15150.309 19434.473
13609.904 16510.766
13514.752 17184.026
7484.567 9512.851
14024.705 16385.759
7475.380 9512.851
7658.247 10202.847
8547.309 12381.350
7677.782 10202.847
11793.481 16040.873
11405.005 15097.052
13172.746 16193.947
14129.141 16726.850
13946.502 16165.820
13946.502 16256.261
12354.852 16313.093
14784.174 16910.461
7484.567 9512.851
15155.147 19434.473
12354.852 16313.093
13946.502 16256.261
7658.247 10202.847
7484.567 9512.851
13609.904 16510.766
12287.859 15331.725
14024.705 16385.759
12287.859 15206.282
13219.123 14822.857
12285.933 15114.036
11820.304 14145.992
10448.276 13954.892
14225.026 16099.436
14974.621 17414.175
12361.619 15114.036
14974.621 16640.163
11820.304 14244.877
12354.852 14357.031
7852.780 10457.792
12354.852 14708.705
7475.380 9512.851
7658.247 10202.847
14784.174 17005.329
13946.502 16113.932
11820.304 14111.549
10356.860 15097.052
12095.788 16764.529
14369.900 17491.780
11538.550 14067.496
13149.054 16510.766
10356.860 13457.923
7484.567 9512.851
7484.567 9784.790
13063.693 15878.223
15583.935 17491.780
13219.123 14822.857
11785.022 14296.639
12468.207 15155.245
7852.780 12381.350
14667.892 17740.381
12895.683 17695.990
7852.780 10127.143
14974.621 17414.175
7475.380 9512.851
13172.746 15526.024
13818.868 16510.766
14684.689 17184.026
7658.247 10202.847
13172.746 14913.621
12610.559 15886.444
13946.502 16113.932
8547.309 12987.134
12354.852 14711.518
14667.892 17411.721
13423.143 16510.766
12354.852 15020.300
13219.123 14822.857
13149.054 16510.766
13125.236 14822.857
15034.836 18219.790
7484.567 9512.851
7699.067 10202.847
14234.606 19295.369
14129.141 16552.366
13113.373 16406.448
15259.084 17184.026
13946.502 16113.932
11586.972 15097.052
10356.860 13323.154
13609.904 16510.766
14784.174 16910.461
13484.110 16510.766
13360.798 17491.780
13970.766 16165.820
11829.752 15281.083
13970.766 16165.820
7475.380 9512.851
13280.903 16032.329
7677.782 10202.847
7852.780 10457.792
13946.502 15858.598
7893.590 10202.847
11829.752 15281.083
14129.141 16552.366
15290.628 17491.780
11820.304 15795.224
12506.942 15206.282
7852.780 10457.792
12287.859 15206.282
14974.621 17191.753
10356.860 14374.850
13970.766 16165.820
14667.892 17005.329
14506.416 17491.780
7484.567 9565.608
7677.782 10202.847
14667.892 18219.790
14667.892 18219.790
12501.716 15206.282
13306.089 16510.766
13172.746 15596.687
14473.683 16385.759
12354.852 16313.093
15155.147 19434.473
13946.502 16113.932
11405.005 15097.052
15290.628 17491.780
12354.852 15327.995
11405.005 15097.052
7893.590 10202.847
15472.297 17491.780
13970.766 16165.820
8547.309 12381.350
14667.892 18219.790
11820.304 15139.545
10467.004 13640.047
13946.502 15858.598
8173.104 10202.847
13578.410 17184.026
13970.766 16165.820
11820.304 14205.663
14667.892 17005.329
7484.567 10048.950
12585.826 17184.026
14380.795 18219.790
13172.746 15596.687
14974.621 17191.753
14784.174 17005.329
14129.141 16380.869
14473.683 16099.436
15290.628 17491.780
13172.746 15596.687
13819.405 18219.790
11538.550 14104.467
7475.380 9512.851
13306.089 16367.067
13172.746 15526.024
14667.892 18219.790
14184.137 16385.759
11820.304 14750.453
14024.705 16385.759
13172.746 15526.024
13219.123 14822.857
12899.724 15878.223
14267.857 17491.780
13946.502 16256.261
7658.247 10202.847
7658.247 10202.847
12354.852 14708.705
8176.055 10202.847
11793.481 15829.642
10356.860 14849.503
9601.415 13640.047
10356.860 13954.892
7893.590 10202.847
13280.903 16099.436
12287.859 14624.747
13946.502 16113.932
13306.089 16510.766
8039.980 12381.350
13221.943 17491.780
11820.304 14205.663
11538.550 13907.715
13172.746 14913.621
10356.860 15097.052
11820.304 15795.224
8547.309 12381.350
11820.304 15795.224
14129.141 16754.905
12287.859 15206.282
12700.813 15947.632
11648.890 15097.052
14353.914 16510.766
13172.746 15526.024
10356.860 14849.503
13219.123 14822.857
12354.852 16313.093
13946.502 16113.932
7677.782 10202.847
14024.705 16385.759
14473.683 16385.759
14784.174 17005.329
13578.410 17184.026
12895.683 17695.990
7475.380 9512.851
13970.766 16165.820
13172.746 15526.024
11405.005 15097.052
7658.247 10202.847
15472.297 17491.780
12616.247 15206.282
11405.005 15097.052
14234.606 18974.683
12354.852 16958.984
14129.141 16552.366
7677.782 10202.847
13219.123 14822.857
13484.110 16510.766
13219.123 14822.857
12527.121 15206.282
14176.951 17491.780
7677.782 10202.847
14473.683 16385.759
14024.705 16385.759
14667.892 18219.790
10356.860 14849.503
15341.659 19434.473
12232.049 15795.224
13946.502 16050.655
15155.147 18434.962
14667.892 18219.790
14784.174 17005.329
12354.852 14357.031
14234.606 18679.229
11820.304 15088.759
14974.621 17491.780
14024.705 16385.759
13172.746 15070.235
7658.247 10202.847
12287.859 15206.282
14667.892 18219.790
14667.892 17005.329
14667.892 17005.329
14024.705 16385.759
13306.089 16510.766
14473.683 16099.436
13306.089 16510.766
14974.621 17414.175
11820.304 14408.039
13853.219 16385.759
14974.621 17414.175
13946.502 16113.932
14024.705 16385.759
11019.887 13640.047
7852.780 12381.350
11405.005 15097.052
13880.326 16510.766
14974.621 16939.512
11785.022 15285.155
14353.914 16510.766
8547.309 12381.350
13221.943 17491.780
12287.859 15331.725
14974.621 17491.780
13172.746 16193.947
14234.606 18679.229
14667.892 17005.329
15024.562 17184.026
12354.852 14708.705
14974.621 16918.434
15155.147 19434.473
11019.887 13640.047
14234.606 18706.979
14915.967 19434.473
7852.780 10457.792
15155.147 18901.875
14024.705 16385.759
13946.502 16113.932
13946.502 16165.820
11820.304 15795.224
14667.892 17005.329
12731.814 15752.544
14024.705 16385.759
13172.746 14822.857
14234.606 19295.369
11538.550 14104.467
14024.705 16385.759
13306.089 15949.707
14024.705 16385.759
7484.567 9649.407
14129.141 16754.905
13884.756 16099.436
12895.683 17695.990
7475.380 9512.851
12287.859 15908.841
10556.416 13640.047
13884.756 16099.436
7893.590 10202.847
11820.304 15795.224
13514.752 17184.026
14784.174 17005.329
12623.217 15206.282
15472.297 17491.780
10356.860 13954.892
11405.005 15097.052
14667.892 18219.790
11820.304 15140.016
14974.621 17191.753
13946.502 16165.820
9741.184 13640.047
13113.373 16510.766
11405.005 15097.052
10356.860 13954.892
14234.606 16906.199
13172.746 15526.024
14974.621 16939.512
7852.780 10457.792
11820.304 15065.840
13853.219 16385.759
12354.852 15179.593
12899.724 15855.919
13172.746 15526.024
13149.054 16510.766
13946.502 16256.261
13219.123 14822.857
7658.247 10202.847
8547.309 13640.047
13609.904 16510.766
15155.147 19434.473
14024.646 16510.766
13306.089 16510.766
8158.038 10202.847
13946.502 16256.261
11820.304 14866.681
12815.373 15778.488
14974.621 16640.163
15024.562 17184.026
15311.870 18219.790
13219.123 14822.857
7658.247 10202.847
7677.782 10202.847
14974.621 16918.434
13946.502 16165.820
9652.923 13640.047
12354.852 16313.093
14473.683 16385.759
15155.147 19434.473
11648.890 15097.052
14974.621 17269.155
12287.859 17162.971
12549.230 14708.705
13280.903 16080.696
15155.147 19434.473
12361.619 15155.245
13946.143 17184.026
7484.567 9512.851
13853.219 16385.759
13219.123 14822.857
13172.746 16193.947
13172.746 15596.687
13514.752 17184.026
14024.705 16385.759
12967.981 15878.223
15155.147 19434.473
12354.852 16313.093
10761.261 13954.892
14667.892 17898.889
13087.469 17184.026
10356.860 13954.892
14505.885 16385.759
15017.675 17184.026
8547.309 12381.350
12354.852 14357.031
11820.304 15795.224
13946.502 16113.932
7893.590 10202.847
13306.089 15949.707
12354.852 15513.503
11820.304 15795.224
7484.567 9512.851
13749.599 17850.636
14024.705 16385.759
12287.859 15206.282
7852.780 12381.350
12952.081 14822.857
7484.567 9512.851
14974.621 17414.175
12271.904 15633.254
12477.499 17332.059
7067.675 9512.851
14024.705 16385.759
13172.746 15596.687
13946.502 16256.261
12287.859 16223.116
10726.260 13954.892
14225.026 16099.436
14473.683 16099.436
7658.247 10202.847
13172.746 15526.024
13167.813 15778.488
13492.193 16385.759
14784.174 16910.461
12354.852 14357.031
13306.089 16510.766
10356.860 13807.965
12806.847 17491.780
11820.304 15795.224
14224.955 16385.759
13946.502 16113.932
14369.900 17491.780
12354.852 14708.705
13113.373 16029.035
13946.502 16113.932
14667.892 18219.790
14473.683 16385.759
14784.174 16910.461
7484.567 9512.851
13578.410 17184.026
13172.746 14822.857
13172.746 14822.857
13609.904 16510.766
11102.529 13640.047
13219.123 14822.857
15290.628 17491.780
14667.892 18219.790
12501.716 15206.282
13219.123 14822.857
12895.683 17695.990
14784.174 16910.461
12650.735 15778.488
13749.599 18219.790
7852.780 12381.350
14974.621 16640.163
13749.599 17850.636
10356.860 13874.145
14290.451 17184.026
14129.141 16552.366
13172.746 15596.687
11248.840 13640.047
12354.852 16313.093
7852.780 10457.792
14473.683 16099.436
11896.131 15738.172
13280.903 16080.696
8130.429 10202.847
15155.147 19434.473
12354.852 15952.987
7658.247 10202.847
14974.621 17191.753
7658.247 10202.847
13970.766 16165.820
11785.022 14540.811
14234.606 18679.229
7484.567 10048.950
11019.887 13640.047
15145.895 18219.790
13306.089 16510.766
13172.746 15596.687
13172.746 15526.024
11820.304 15795.224
11946.984 16040.873
7484.567 9512.851
15262.733 18219.790
14473.683 16099.436
11872.624 14628.469
13172.746 16193.947
10356.860 13569.049
11538.550 14054.914
13946.502 16113.932
13298.835 15778.488
11820.304 15088.759
13609.904 16510.766
14667.892 18219.790
13600.722 17761.740
13683.582 16099.436
14667.892 17005.329
14473.683 16367.715
12361.512 14708.705
13219.123 14822.857
11820.304 15795.224
12287.859 17184.026
13946.502 16113.932
12361.619 15114.036
13946.502 16256.261
12287.859 15206.282
15290.628 17491.780
12517.105 14708.705
12361.619 15155.245
14667.892 18219.790
7852.780 12381.350
12287.859 15206.282
10356.860 13954.892
11538.550 14054.914
13990.591 18219.790
9781.838 13640.047
14974.621 16918.434
8547.309 13640.047
12899.724 15855.919
11820.304 15795.224
13306.089 16510.766
7658.247 10202.847
14784.174 17005.329
15289.670 19434.473
15155.147 19434.473
14667.892 18219.790
14234.606 19434.473
12354.852 14357.031
11785.022 14389.573
14234.606 18498.721
14667.892 17005.329
7484.567 9747.640
10356.860 12746.739
13280.903 15952.990
6945.831 9512.851
13172.746 15596.687
14224.955 16385.759
13219.123 14822.857
11648.890 15097.052
13172.746 15596.687
15155.147 19434.473
13578.410 17184.026
14473.683 16385.759
11785.022 14987.575
8260.876 10202.847
14024.705 16385.759
14974.621 17414.175
11586.972 15097.052
12287.859 14895.773
14667.892 18219.790
11785.022 15165.747
11820.304 14578.980
11820.304 15139.545
12287.859 15206.282
7475.380 9512.851
11820.304 15795.224
15262.733 18219.790
14129.141 16754.905
7852.780 10457.792
12354.852 14708.705
12285.933 15114.036
12287.859 17184.026
7475.380 9512.851
11820.304 14578.980
13219.123 14822.857
12287.859 15206.282
8547.309 12985.459
14225.026 16099.436
13946.502 16113.932
10356.860 13954.892
12468.207 15155.245
11785.022 15285.155
13172.746 15784.015
7852.780 12336.963
14667.892 18219.790
14234.606 19434.473
14974.621 17414.175
13946.502 16113.932
12610.559 15947.632
7475.380 9512.851
11538.550 13907.715
14024.705 16385.759
14225.026 16099.436
12287.859 15206.282
12354.852 15907.843
10356.860 15097.052
14353.914 16510.766
14974.621 17414.175
15436.400 17491.780
13970.766 16165.820
12354.852 14446.453
13149.054 16510.766
14915.967 19434.473
15155.147 18737.737
12895.683 17695.990
11820.304 15795.224
13172.746 15526.024
7852.780 10457.792
13850.001 17491.780
15583.935 17491.780
13946.502 16165.820
11793.481 15961.796
12501.716 15206.282
7484.567 9512.851
13818.868 16510.766
11785.022 14296.639
7475.380 9512.851
7658.247 10202.847
13818.868 16510.766
7852.780 12381.350
11820.304 15795.224
14234.606 19434.473
11405.005 15097.052
13219.123 14822.857
14974.621 17414.175
7852.780 10096.231
13172.746 16193.947
13946.502 16113.932
15155.147 18737.737
11793.481 15661.746
15262.733 18219.790
15050.264 17184.026
14473.683 16385.759
10356.860 14849.503
15262.733 18219.790
12806.847 17491.780
13172.746 16193.947
13946.502 16113.932
14129.141 16462.991
12748.496 14822.857
11793.481 15961.796
13484.110 16510.766
11248.840 13640.047
13609.904 16510.766
15259.084 17184.026
13172.746 15526.024
13946.502 16165.820
13172.746 15596.687
14129.141 16726.850
13172.746 14913.621
14974.621 17414.175
14915.967 19434.473
13484.110 16510.766
13306.089 15883.364
11881.918 16040.873
13946.502 16113.932
12651.072 17184.026
12287.859 16223.116
14024.705 16385.759
15078.218 17184.026
7677.782 10202.847
12287.859 15206.282
11820.304 14124.196
15155.147 18737.737
10356.860 13279.613
13947.539 16165.820
13946.502 16113.932
14667.892 18219.790
7484.567 9512.851
13946.502 16113.932
7677.782 10202.847
13172.746 14822.857
12731.814 15793.397
12287.859 15206.282
12361.619 15114.036
11019.887 13640.047
7475.380 9512.851
14974.621 16640.163
12354.852 16761.260
10356.860 13133.947
14024.705 16385.759
7658.247 10202.847
14234.606 19352.831
14784.174 17005.329
13219.123 14822.857
14784.174 17005.329
14473.683 16385.759
14803.959 17184.026
8301.646 10202.847
13172.746 14822.857
13818.868 16510.766
7484.567 9512.851
14667.892 17740.381
10356.860 13352.088
14784.174 17005.329
14369.900 17491.780
13741.046 17184.026
12322.265 15778.488
13113.373 16510.766
13855.470 16510.766
13172.746 15596.687
14747.994 17491.780
7852.780 10457.792
12501.716 15206.282
12895.683 17695.990
15290.628 17491.780
11405.005 15097.052
11881.918 16040.873
12361.619 15155.245
7658.247 10202.847
12287.859 15331.725
13360.798 17491.780
13946.502 16165.820
13729.842 17850.636
12354.852 16313.093
13390.560 17491.780
12361.619 15155.245
11538.550 14104.467
15155.147 19434.473
14667.892 17005.329
13172.746 15596.687
10356.860 15097.052
14974.621 16654.040
8254.056 10202.847
12517.105 14708.705
14974.621 17414.175
14974.621 17414.175
15155.147 19434.473
10356.860 13954.892
11939.496 16040.873
13741.046 17184.026
14974.621 17414.175
11538.550 14104.467
12361.619 15155.245
14974.621 16967.109
8547.309 13037.788
14234.606 16256.261
12354.852 16578.652
14974.621 17414.175
13946.502 16113.932
7484.567 9512.851
14024.705 16385.759
7677.782 10202.847
13716.908 17184.026
15155.147 19434.473
12731.814 15793.397
13970.766 16165.820
15262.733 18219.790
11820.304 14322.797
12339.763 15206.282
11820.304 15795.224
12287.859 14624.747
12956.661 17184.026
15262.733 18219.790
14667.892 17338.199
13172.746 15596.687
14784.174 17005.329
11820.304 15045.884
10726.260 13954.892
13578.410 17184.026
11648.890 15097.052
7852.780 10096.231
11665.123 14223.734
13946.502 16113.932
10356.860 15097.052
15155.147 18836.422
12822.411 17184.026
12287.859 15206.282
14667.892 17005.329
14667.892 18219.790
11785.022 14609.087
8547.309 12852.485
15060.930 18154.265
14784.174 17005.329
14784.174 17005.329
12863.757 15206.282
7852.780 10457.792
13818.868 16510.766
13132.999 17695.990
13306.089 16436.562
13749.599 18139.885
15262.733 18219.790
15150.309 19434.473
13172.746 15596.687
14974.621 17414.175
15583.935 17491.780
7484.567 9512.851
11820.304 15795.224
12305.866 15206.282
14024.705 16385.759
12287.859 15206.282
14784.174 16910.461
14024.705 16385.759
13970.766 16165.820
12287.859 15206.282
13172.746 16149.777
11586.972 15097.052
10644.058 13954.892
13172.746 15526.024
14129.141 16726.850
12287.859 15206.282
12287.859 14624.747
14803.959 17184.026
14234.606 18679.229
14667.892 18219.790
10356.860 15097.052
8978.349 13640.047
13172.746 15526.024
7852.780 10457.792
14784.174 16910.461
10356.860 13954.892
13306.089 16436.562
7658.247 10202.847
13484.110 16510.766
15155.147 18737.737
8158.038 10202.847
7658.247 10202.847
14024.705 16385.759
14234.606 19011.698
14024.705 16385.759
12895.683 17695.990
12354.852 14520.678
15215.733 18219.790
14974.621 17491.780
14667.892 18219.790
14234.606 19434.473
7658.247 10202.847
14797.531 18219.790
11820.304 14408.039
14915.967 19434.473
14667.892 18219.790
14667.892 17411.721
12640.746 15947.632
12501.716 15206.282
12354.852 15020.300
12616.247 15206.282
15155.147 18434.962
13946.502 16113.932
15024.562 17184.026
14129.141 16416.236
14974.621 17414.175
13749.599 17958.694
14024.705 16385.759
13280.903 16099.436
15024.562 17184.026
13172.746 14822.857
7852.780 10457.792
7484.567 9512.851
13172.746 16193.947
14974.621 17322.133
14473.683 16099.436
13172.746 15596.687
7658.247 10202.847
15155.147 18434.962
13306.089 16510.766
14505.885 16385.759
14473.683 16099.436
14667.892 17740.381
15290.628 17491.780
14024.705 16385.759
12731.814 15752.544
11829.752 15281.083
14801.884 17184.026
13132.999 17695.990
13172.746 15526.024
15024.562 17184.026
14784.174 17184.026
11820.304 14205.663
7475.380 9512.851
13219.123 14822.857
12287.859 15331.725
14974.621 17414.175
10761.261 13954.892
15155.147 19434.473
10356.860 13954.892
7852.780 10457.792
12899.724 15878.223
12438.638 15778.488
14473.683 16385.759
13219.123 14822.857
15472.297 17491.780
15155.147 19434.473
13172.746 15582.930
14473.683 16385.759
11896.131 15738.172
7852.780 12381.350
13446.875 17184.026
7023.001 9512.851
14667.892 18219.790
13609.904 16510.766
11405.005 15097.052
13946.502 16113.932
7699.067 10202.847
12895.683 17695.990
12533.134 15778.488
12095.788 16470.977
12354.852 16313.093
13245.641 15952.990
15155.147 18737.737
7893.590 10202.847
12287.859 15206.282
12354.852 16299.954
13946.502 16113.932
12287.859 15206.282
14974.621 17268.723
13219.123 14822.857
11820.304 15795.224
12339.763 15206.282
15155.147 18434.962
7484.567 9512.851
14024.705 16385.759
13221.943 17491.780
11820.304 14408.039
12501.716 15206.282
14234.606 16421.778
14234.606 18679.229
13306.089 16510.766
12731.814 15793.397
7852.780 10457.792
10356.860 12746.739
10375.972 13640.047
14333.779 16385.759
12072.956 16040.873
14505.885 16385.759
12455.077 15795.224
12287.859 14624.747
11785.022 15188.364
7852.780 12381.350
14369.900 17491.780
14784.174 17005.329
14024.705 16385.759
13970.766 16165.820
11939.496 16040.873
15155.147 18737.737
15016.990 17491.780
7484.567 9512.851
14473.683 16099.436
11538.550 13907.715
7065.204 9512.851
13176.217 17695.990
14129.141 16726.850
14835.641 17184.026
15034.836 18219.790
12287.859 14632.939
13172.746 15647.588
12287.859 14893.736
11785.022 14389.573
13306.089 16510.766
12287.859 15206.282
14353.914 16510.766
11993.710 14870.891
14784.174 17005.329
15191.379 19434.473
9741.184 13640.047
14473.683 16099.436
14557.668 16510.766
14667.892 18219.790
13636.232 16099.436
13172.746 15526.024
13559.965 16099.436
11785.022 14474.152
12287.859 14624.747
14234.606 18498.721
15155.147 19434.473
13172.746 14822.857
14482.182 16385.759
13946.502 16113.932
12339.763 15206.282
12361.619 15155.245
12361.619 15155.245
15155.147 19434.473
15155.147 19434.473
11793.481 16040.873
12287.859 14893.736
10356.860 13693.932
12895.683 17695.990
14974.621 17414.175
7931.379 10202.847
15385.931 18219.790
7852.780 11024.712
12287.859 16949.760
11538.550 14104.467
13741.046 17184.026
8168.394 10202.847
15262.733 18219.790
14667.892 18219.790
14974.621 16640.163
7484.567 9512.851
13749.599 18219.790
13884.756 16099.436
10356.860 15097.052
14473.683 16099.436
13946.502 16113.932
14024.705 16385.759
13306.089 16510.766
13219.123 14822.857
12613.607 15778.488
12287.859 15206.282
12899.724 15878.223
11793.481 15661.746
11820.304 15795.224
12354.852 14357.031
13306.089 16510.766
11820.304 14322.797
13970.766 16165.820
13219.123 14822.857
13306.089 16009.051
14974.621 17191.753
12361.512 14708.705
12285.933 15114.036
12731.814 15793.397
15024.562 17184.026
7484.567 9512.851
12354.852 14357.031
13946.502 15858.598
15798.130 17491.780
10356.860 13588.203
12354.852 16313.093
13172.746 15526.024
15290.628 17491.780
10356.860 13064.226
15290.628 17491.780
12895.683 17695.990
11019.887 13640.047
12052.624 15752.544
12895.683 17695.990
7484.567 9512.851
13172.746 14822.857
14371.852 19434.473
7852.780 10457.792
15155.147 19434.473
15155.147 19434.473
7677.782 10202.847
10356.860 14060.772
14473.683 16099.436
7658.247 10202.847
7852.780 12381.350
12639.258 17491.780
13946.502 16165.820
15155.147 19434.473
7852.780 10731.015
7484.567 9512.851
14784.174 16910.461
7852.780 10457.792
12361.619 15114.036
13946.502 16113.932
13172.746 15647.588
11785.022 15285.155
8158.038 10202.847
10356.860 13954.892
12287.859 15206.282
7484.567 9512.851
14784.174 17005.329
7475.380 9512.851
13970.766 16165.820
12096.887 17062.400
7484.567 9512.851
14667.892 18219.790
10356.860 14309.023
13970.766 16165.820
7475.380 9512.851
12610.559 15947.632
11405.005 15097.052
12815.373 15778.488
12287.859 14632.939
13176.217 17695.990
14300.583 19434.473
12895.683 17695.990
13962.201 17491.780
13946.502 16165.820
14234.606 18679.229
7023.001 9512.851
12287.859 14632.939
12354.852 16313.093
12815.373 15778.488
12354.852 16374.714
15155.147 19434.473
7484.567 9512.851
12895.683 17695.990
14024.705 16385.759
12549.230 14797.974
12361.619 15155.245
12287.859 16159.339
14369.900 17491.780
13219.123 14822.857
12477.499 17332.059
14784.174 17005.329
13970.766 16165.820
7677.782 10202.847
14974.621 17414.175
10356.860 15097.052
7852.780 10457.792
7893.590 10202.847
12468.207 15155.245
12361.512 14708.705
15542.641 17491.780
14024.705 16385.759
11248.840 13640.047
14473.683 16099.436
13172.746 16145.119
14667.892 17338.199
13946.502 16113.932
12501.716 15206.282
14974.621 17414.175
12287.859 14632.939
13970.766 16165.820
8547.309 12769.121
9741.184 13640.047
12287.859 17184.026
13946.502 16256.261
14974.621 17414.175
7658.247 10202.847
15290.628 17491.780
7658.247 10202.847
12806.847 17491.780
14533.006 17063.286
13514.752 17184.026
12287.859 15206.282
7658.247 10202.847
13853.219 16385.759
15290.628 17491.780
14024.705 16385.759
14974.621 17191.753
12361.619 15114.036
13306.089 16510.766
11820.304 15795.224
13113.373 16510.766
15155.147 19434.473
14024.705 16385.759
12287.859 17051.928
7852.780 12381.350
14380.795 18219.790
15155.147 19434.473
14974.621 17414.175
14974.621 17414.175
11820.304 14578.980
13946.502 16113.932
14974.621 16654.040
7852.780 10251.840
14667.892 17411.721
14667.892 17994.001
7658.247 10202.847
12287.859 16159.339
7658.247 10202.847
13946.502 16256.261
8547.309 12381.350
14129.141 16754.905
13578.410 17184.026
14974.621 17414.175
13172.746 15596.687
14234.606 17245.457
10432.399 15097.052
14974.621 17176.734
14667.892 17005.329
14169.404 16798.348
7484.567 9512.851
14974.621 17176.734
11820.304 15795.224
13306.089 15949.707
13990.591 18219.790
7852.780 10457.792
14234.606 16538.006
15311.870 18219.790
8547.309 12381.350
7852.780 10096.231
15155.147 19434.473
13306.089 15778.488
11751.937 14296.639
13306.089 16510.766
12468.207 15206.282
15259.084 17184.026
13149.054 16510.766
12899.724 15793.397
13172.746 14822.857
13172.746 14913.621
13219.123 14822.857
14974.621 17414.175
12361.619 15155.245
13946.502 16165.820
12287.859 15331.725
15192.780 19434.473
14974.621 16640.163
14974.621 17414.175
10356.860 15097.052
13946.502 16256.261
14667.892 17740.381
12354.852 16313.093
15262.733 18219.790
13946.502 16165.820
13884.756 16099.436
14369.900 17491.780
12361.512 14708.705
13946.502 15858.598
14784.174 16910.461
13970.766 16165.820
12361.619 15155.245
12354.852 16578.652
14129.141 16380.869
13172.746 15596.687
14234.606 17305.089
7484.567 9512.851
13970.766 16165.820
13172.746 15596.687
13113.373 16510.766
8547.309 13640.047
14129.141 16726.850
11248.840 13640.047
14024.705 16385.759
14784.174 17005.329
12339.763 15206.282
7484.567 9512.851
14784.174 17005.329
14915.967 19434.473
12895.683 17695.990
14473.683 16385.759
15155.147 19434.473
13946.502 16113.932
14024.705 16385.759
10652.766 15097.052
12354.852 16958.984
13172.746 14913.621
12501.716 15206.282
12501.716 15206.282
12338.903 15206.282
7658.247 10202.847
12361.619 15155.245
15155.147 18651.946
14784.174 17005.329
14667.892 17994.001
13514.752 17184.026
15155.147 19434.473
14915.967 19434.473
8172.216 12381.350
13665.359 17850.636
15155.147 19434.473
9741.184 13640.047
13946.502 16113.932
13172.746 15526.024
10761.261 13954.892
14974.621 17414.175
14048.770 18219.790
14784.174 17005.329
14974.621 17491.780
14974.621 16939.512
14974.621 16954.540
7852.780 10457.792
15262.733 18219.790
14024.705 16385.759
13219.123 14822.857
8547.309 12625.549
15212.258 17491.780
13306.089 15949.707
12815.373 15778.488
10356.860 12746.739
10356.860 14849.503
8039.980 12381.350
15290.628 17491.780
7852.780 10096.231
14784.174 16910.461
13946.502 16113.932
7852.780 10457.792
7852.780 10457.792
12354.852 14357.031
12354.852 14708.705
12354.852 14711.518
14667.892 18219.790
15155.147 19434.473
7484.567 9512.851
7852.780 10096.231
11248.840 13640.047
14974.621 17414.175
13176.217 17695.990
12895.683 17695.990
13946.502 16256.261
11820.304 15088.759
11538.550 13907.715
11405.005 15097.052
8547.309 12381.350
14803.959 17184.026
11946.984 16040.873
11084.074 15097.052
14290.451 17184.026
15290.628 17491.780
13125.236 14822.857
14974.621 17414.175
12600.391 16987.844
12287.859 14865.302
14784.174 17005.329
15215.733 18219.790
14473.683 16099.436
7658.247 10202.847
9741.184 13640.047
14784.174 17005.329
12501.716 15206.282
10356.860 13160.538
12287.859 15206.282
8254.056 10202.847
12501.716 15206.282
7852.780 11024.712
11820.304 15648.968
14024.705 16385.759
14784.174 17005.329
13946.502 16256.261
13818.868 16510.766
12863.757 15206.282
11820.304 15795.224
8547.309 12987.134
10934.075 13979.574
11820.304 15480.733
14974.621 16967.109
15290.628 17491.780
13172.746 14822.857
13280.903 16080.696
13682.721 16385.759
14667.892 18219.790
15111.792 18235.059
11793.481 16040.873
13609.904 16510.766
13172.746 14913.621
12845.052 15206.282
13306.089 15953.413
14667.892 18089.289
14667.892 17005.329
14473.683 16099.436
10726.260 13954.892
14024.705 16385.759
14974.621 17414.175
13280.903 16080.696
13221.943 17491.780
7852.780 11613.767
10356.860 13954.892
14048.770 18219.790
11785.022 15507.863
13172.746 15526.024
12501.716 15206.282
14974.621 17273.344
15155.147 19434.473
11405.005 15097.052
12287.859 15206.282
7658.247 10202.847
12354.852 15132.307
10356.860 13954.892
14784.174 16910.461
7852.780 12381.350
14473.683 16099.436
7852.780 10457.792
11405.005 15097.052
13306.089 15949.707
7475.380 9512.851
11405.005 15097.052
13172.746 15526.024
13219.123 14822.857
13484.110 16510.766
13172.746 15596.687
14845.374 17184.026
7484.567 9512.851
13219.123 14822.857
13946.502 16113.932
14974.621 17414.175
13306.089 15778.488
7484.567 9512.851
12585.826 17184.026
13132.999 17695.990
15155.147 19434.473
7328.370 9512.851
7658.247 10202.847
14667.892 17994.001
14784.174 16910.461
14974.621 17414.175
14225.026 16099.436
15155.147 19434.473
12287.859 15206.282
11820.304 15795.224
13946.502 16165.820
14667.892 18219.790
15155.147 19434.473
13944.630 16385.759
11820.304 14943.132
14262.797 16385.759
12287.859 17162.971
12354.852 14357.031
7484.567 9512.851
14803.959 17184.026
11405.005 15097.052
13306.089 16510.766
8547.309 12625.549
14784.174 17005.329
14024.705 16385.759
11405.005 15097.052
12731.814 15793.397
7484.567 9512.851
14667.892 17005.329
14169.404 16798.348
15034.836 18219.790
12354.852 14357.031
13221.943 17491.780
12014.485 15299.836
12287.859 17184.026
10356.860 14849.503
13946.502 16113.932
13946.502 16113.932
11248.840 13640.047
15224.456 17184.026
14473.683 16385.759
8039.980 12381.350
11820.304 15795.224
13609.904 16510.766
14667.892 17411.721
14974.621 17414.175
13946.502 16256.261
13946.502 16113.932
13306.089 16510.766
15290.628 17491.780
11820.304 15795.224
11248.840 13674.942
11751.937 14296.639
13749.599 18219.790
13749.599 17850.636
13749.599 17850.636
7852.780 10457.792
13205.018 15778.488
10356.860 13874.145
13884.756 16099.436
13749.599 17850.636
11820.304 14626.575
13380.977 17184.026
13219.123 14822.857
14667.892 17005.329
14473.683 16385.759
14667.892 17411.721
14667.892 17338.199
14667.892 18219.790
13884.756 16099.436
10356.860 13954.892
7852.780 10457.792
14915.967 19434.473
13306.089 16510.766
13306.089 16510.766
14234.606 19011.698
10940.752 15097.052
11820.304 15795.224
12354.852 15020.300
13946.502 16113.932
14784.174 17004.905
10356.860 14689.380
13219.123 14822.857
12663.190 14822.857
13172.746 15526.024
12501.716 15206.282
10356.860 13874.145
14024.705 16385.759
14915.967 19434.473
13280.903 16080.696
13946.502 16165.820
13946.502 16256.261
13578.410 17184.026
15155.147 19434.473
12489.297 17184.026
13172.746 15526.024
12468.207 15206.282
13113.373 16406.448
14784.174 17005.329
13609.904 16510.766
12287.859 17058.691
13306.089 16510.766
14024.705 16385.759
12895.683 17695.990
7852.780 10457.792
11820.304 15795.224
15155.147 19434.473
13219.123 14822.857
14024.705 16385.759
13946.502 16113.932
13149.054 16510.766
11386.145 13907.715
12271.904 15549.471
14545.737 16510.766
15155.147 18913.819
13149.054 16510.766
15155.147 19434.473
14024.705 16385.759
12517.105 14708.705
15822.456 17491.780
13172.746 14913.621
12527.121 15206.282
11881.918 16040.873
11820.304 15795.224
15155.147 19434.473
12501.716 15206.282
7852.780 10457.792
15290.628 17491.780
15419.473 18219.790
14784.174 17005.329
13970.766 16165.820
14234.606 16906.199
14667.892 18112.298
13306.089 16510.766
7852.780 10096.231
12354.852 14357.031
13946.502 16165.820
7852.780 10096.231
13306.089 16510.766
10416.769 13954.892
12731.814 15793.397
7250.792 9512.851
14974.621 17491.780
10356.860 13954.892
10356.860 13954.892
12361.619 15155.245
14473.683 16099.436
12354.852 14299.807
12287.859 15137.059
7475.380 9512.851
7852.780 10127.143
7852.780 10127.143
11820.304 14205.663
11405.005 15097.052
12731.814 15752.544
13280.903 16080.696
12361.619 15155.245
11820.304 15065.840
14234.606 18498.721
13306.089 16510.766
7852.780 12381.350
14974.621 17006.649
11829.752 15281.083
12354.852 15788.968
12899.724 15878.223
11820.304 15065.840
13306.089 15778.488
14974.621 17191.753
8990.238 13640.047
14974.621 17414.175
13113.373 16510.766
14667.892 18219.790
10356.860 15097.052
11820.304 14205.663
7677.782 10202.847
15060.930 17684.483
10356.860 13954.892
12606.253 15752.544
14667.892 17338.199
10556.416 13640.047
7658.247 10202.847
13946.502 16256.261
11201.311 13979.574
13946.502 15858.598
14784.174 17005.329
15290.628 17491.780
10356.860 15097.052
12491.452 17184.026
13113.373 16510.766
14024.705 16385.759
12361.512 14708.705
12354.852 16313.093
12354.852 16313.093
14667.892 17005.329
14974.621 17414.175
13176.217 17695.990
14234.606 18679.229
14473.683 16385.759
9042.429 13640.047
15155.147 19434.473
12731.814 15752.544
10356.860 13279.613
15150.309 19434.473
12731.814 15752.544
12354.852 16293.492
14353.914 16510.766
13306.089 16510.766
13970.766 16165.820
11820.304 14198.499
12354.852 16313.093
7658.247 10202.847
9781.838 13640.047
13172.746 15526.024
11820.304 14776.017
14899.038 18219.790
13615.436 16510.766
14974.621 17414.175
11538.550 13907.715
12491.452 17184.026
14915.967 19434.473
7852.780 12381.350
13219.123 14822.857
7658.247 10202.847
7677.782 10202.847
10356.860 13954.892
10761.261 13956.729
14234.606 16456.914
7658.247 10202.847
12731.814 15752.544
12501.716 15206.282
15155.147 19434.473
14234.606 18679.229
11896.131 15738.172
13172.746 14822.857
13741.046 17184.026
13219.123 14822.857
14667.892 17005.329
11820.304 15795.224
13172.746 15883.497
13306.089 16510.766
12731.814 15793.397
13578.410 17184.026
14774.211 18219.790
7484.567 9512.851
14784.174 17005.329
12287.859 17184.026
14309.520 17491.780
14024.705 16385.759
14667.892 18112.298
12967.981 15878.223
7852.780 10457.792
12517.105 14708.705
10356.860 13490.735
14030.535 17491.780
10356.860 12760.683
12287.859 15206.282
13306.089 16510.766
14024.705 16385.759
7484.567 9512.851
7475.380 9512.851
15155.147 19434.473
13484.110 16510.766
13514.752 17184.026
13219.123 14822.857
13132.999 17695.990
8354.707 10202.847
8257.429 12381.350
7852.780 10096.231
13970.766 16165.820
15262.733 18219.790
14784.174 17005.329
15212.258 17491.780
14784.174 16910.461
15042.456 18219.790
8547.309 13640.047
7484.567 9512.851
14667.892 17005.329
14024.705 16385.759
15163.744 19434.473
12287.859 15206.282
14667.892 18219.790
12361.619 15155.245
14473.683 16099.436
7852.780 10457.792
10356.860 15097.052
10356.860 13874.145
12287.859 15206.282
12517.105 14708.705
9741.184 13640.047
12354.852 14357.031
7852.780 10457.792
12361.619 15155.245
11104.716 15097.052
11538.550 14054.914
10356.860 13954.892
14024.705 16385.759
13946.502 16256.261
13219.123 14822.857
12361.619 15155.245
14667.892 18112.298
13492.193 16385.759
13946.502 16256.261
13172.746 15596.687
13741.046 17184.026
7658.247 10202.847
12501.716 15206.282
15155.147 19434.473
13300.340 16099.436
13280.903 16032.329
12517.105 14708.705
14915.967 19434.473
11019.887 13640.047
12489.297 17184.026
15341.659 19434.473
14667.892 18219.790
12527.121 15206.282
12687.831 17379.287
14667.892 17005.329
15884.970 17491.780
12895.683 17695.990
15155.147 18737.737
11820.304 15795.224
13172.746 14933.173
13219.123 14822.857
13306.089 16510.766
14784.174 17005.329
12354.852 15020.300
11820.304 14577.631
14784.174 16910.461
13578.410 17184.026
11820.304 15795.224
13219.123 14822.857
14667.892 17411.721
13946.502 16165.820
12104.387 15795.224
7852.780 10457.792
14915.967 19434.473
11586.972 15097.052
14234.606 16421.778
14667.892 17411.721
12501.716 15206.282
11820.304 14205.663
12616.247 15206.282
14240.941 16385.759
10356.860 12746.739
14473.683 16099.436
13300.340 16099.436
12640.746 15947.632
12354.852 16313.093
13172.746 15526.024
11896.131 15738.172
11820.304 15795.224
13172.746 16193.947
14784.174 17005.329
7067.675 9512.851
14667.892 17005.329
13172.746 16193.947
12501.716 15206.282
14473.683 16385.759
14667.892 18219.790
7658.247 10202.847
12287.859 14624.747
14129.141 16380.869
13363.207 17491.780
14473.683 16099.436
13946.502 16113.932
13306.089 16510.766
13000.721 15878.223
14667.892 17781.971
13172.746 15526.024
12899.724 15855.919
12354.852 14299.807
14048.770 18219.790
8547.309 12381.350
15155.147 18737.737
11405.005 15097.052
12287.859 15206.282
11881.918 16040.873
13113.373 16510.766
14974.621 16918.434
11405.005 15097.052
14667.892 17005.329
11785.022 14389.573
13113.373 16406.448
15197.806 19434.473
15155.147 19434.473
8243.596 10202.847
11019.887 13640.047
12477.499 17332.059
12822.411 17184.026
12822.411 17184.026
14784.174 17005.329
7852.780 12381.350
14974.621 17414.175
14974.621 16640.163
13946.502 16113.932
14369.900 17491.780
14915.967 19434.473
11820.304 14578.980
11820.304 14145.992
13172.746 16193.947
12517.105 14708.705
12899.724 15878.223
14473.683 16099.436
14667.892 17740.381
13741.046 17184.026
13113.373 16406.448
11820.304 14145.992
13946.502 16113.932
12354.852 15020.300
14784.174 17005.329
7852.780 10096.231
10356.860 15097.052
13306.089 15778.488
11793.481 15840.345
12895.683 17695.990
10356.860 13279.613
7852.780 12381.350
14024.705 16385.759
9741.184 13640.047
14784.174 17005.329
15155.147 19434.473
6945.831 9512.851
13989.465 16339.938
13622.935 16099.436
8547.309 13640.047
12731.814 15793.397
12287.859 15206.282
