402392
998116
549151
346175
708603
728498
207300
851122
164973
502607
637792
469709
644089
755685
496813
261380
785645
909672
456189
614138
104962
266813
633760
915854
958946
151606
801366
941466
842728
776907
477495
245805
333687
669004
756779
248351
434356
179892
54442
122378
678051
224089
470767
49835
928020
189892
365326
99777
148623
662971
686464
202953
13831
440019
4067
291950
386231
948003
517652
586671
756747
480245
514004
748885
770821
946061
219323
562409
142745
382488
250859
882526
50030
853818
976775
884185
408692
665234
655884
181509
188390
296138
900844
616289
160243
62929
509687
196943
326487
943920
447931
205966
278804
67990
244747
518273
103148
180383
737816
913316
308964
696269
787155
743792
665321
436306
278617
54120
581913
515217
321518
965717
483003
240937
801649
455423
123263
958772
72633
485901
770984
598160
992908
864170
235204
824274
519378
530048
279097
140470
86471
598403
543981
705461
456896
746087
780717
275474
236960
491121
192786
981727
1052
184264
699759
322022
883109
752925
654361
283758
799410
558010
640852
358157
218329
225026
331197
48891
659336
517611
339589
631163
546223
831371
209884
373098
118613
359082
584953
288825
969684
173322
340907
958755
698194
551745
368017
402653
690702
812526
626630
271254
31007
390113
873064
121539
640954
271448
848969
892764
348161
54791
793177
1051
549910
959797
7282
443095
164663
984802
359238
833611
807570
412592
525426
879899
531898
405706
426417
444233
237044
394789
425559
15036
312529
490847
119335
99887
3017
207576
558347
244406
677749
9451
494029
520357
363413
935292
618995
634416
847628
730196
910873
618669
946332
145179
942848
442221
470120
118013
859943
906519
995259
7384
398092
753860
463395
187493
435657
179504
392864
889490
605414
161768
524815
499822
795031
983343
744912
544173
565030
160178
80231
960104
343397
37276
888388
614011
806172
705104
173907
814604
495427
378337
893644
461941
473972
858722
842511
945313
177584
244366
305044
553767
555952
339992
60848
263469
41032
224309
16196
119965
400730
56387
440581
737418
627437
867492
978043
166003
834887
72434
610201
700632
794391
224691
100213
653148
896592
528957
696291
645947
337630
740618
925697
759651
65228
625534
72903
690217
503823
396377
740346
540209
924802
398502
324978
797403
940003
459398
339373
723047
98874
977979
398630
798070
6862
44816
852802
469228
994009
847347
132958
608041
488874
562064
330062
340642
934407
532318
232134
687016
348783
27109
696
812622
258644
390853
468125
798940
613133
30103
732870
976508
349863
503184
183975
556298
477888
359151
634386
827435
727875
900720
147167
777606
244195
804214
594986
534423
768724
981658
273730
129040
300664
463513
714609
724493
141457
704404
611759
45287
764568
943955
397867
384191
311475
201329
772415
384289
463726
32027
723222
773855
848072
647317
26178
518689
231147
737213
752435
199452
115005
835028
646433
148655
457148
296330
507090
196820
447353
787241
341499
146593
698027
621960
539800
559683
818674
103774
481134
685199
400178
332384
194761
375507
829804
413298
157876
72246
460957
634349
530560
546130
294329
489258
685802
887836
56140
129646
175110
190838
881032
330595
493700
775455
454961
754767
189906
441505
80436
163616
599964
715861
968407
176770
627918
400107
495470
891398
943668
983241
952987
225811
182939
109505
41730
110567
150588
663247
409080
889199
825004
672813
695750
409554
283629
186391
419971
833046
50691
919176
871973
782552
693350
446795
262063
803080
831862
239620
723069
646273
13564
335904
3866
398741
164658
628296
759233
391019
849507
223855
93782
417958
656921
133555
452250
251351
680198
591428
275590
830545
279743
691231
115621
386780
690828
242396
59613
104500
377995
896413
953432
264031
553041
839606
373458
221143
604036
919700
371576
184909
770362
680556
4935
617447
299598
421013
912172
838842
331645
409467
920475
24520
621170
435336
275430
750372
262755
221500
527918
658194
499938
831901
688089
649277
559834
155998
355532
635264
168967
651644
839627
147148
657533
919218
566154
303167
423093
708355
483596
329235
285128
972386
501324
790857
255149
643696
56922
795538
569769
885578
717071
809961
639723
544217
48296
980265
489292
810898
210628
731477
367009
990793
622293
298633
844942
19862
276882
160528
739739
108203
232878
139759
707200
611620
769122
211223
693819
982358
469547
894625
742198
835059
331643
624476
322782
385564
84139
243161
690987
858986
682395
44899
561208
