58469
67945
191423
437069
623776
73668
595834
123663
619034
265921
331704
192985
155701
380253
266203
132573
298830
298201
245600
579145
1176
34646
305132
854972
153543
934924
635621
319536
112872
909829
222112
641251
622811
315330
472151
948156
525745
41127
295439
654187
548026
743085
164614
249528
418366
206096
610743
893229
141745
336181
520201
969249
786361
764367
511127
127734
831438
483205
576409
59394
117810
924477
189595
287352
45234
109076
376229
519583
836801
649958
505576
962402
850991
680930
974402
436680
542464
719577
211727
367294
510546
690041
315740
488604
714128
671924
806340
418608
574804
440400
561595
786731
196844
233003
356763
824520
412563
979451
147732
868076
249384
434915
96554
627925
131398
830924
583395
785916
736218
373942
348115
595745
214872
787575
777241
559146
507903
340763
203499
16821
165611
825701
320795
414123
175293
142921
625125
317519
315444
741214
917627
712808
279578
889576
779926
650901
126402
613211
378667
567691
736365
824225
480415
25943
322676
707447
6925
278062
611961
875299
897654
825223
432887
837649
439615
462089
583254
686009
591710
929535
447223
962311
570877
340721
335522
856885
100571
730575
558876
700919
206520
757127
69952
151617
374516
565157
11052
163457
71805
482950
28600
709858
409932
710866
476655
52611
403419
636828
608380
39638
520337
817769
578441
473299
438718
85388
42594
752201
231041
221819
615431
511921
303536
180885
496522
923354
928284
64389
795680
497417
581844
547861
305590
604463
379796
740106
163617
116416
708778
799270
997460
254503
633486
464239
518795
321362
277439
80658
775500
310058
482817
663549
328036
476584
154827
223422
199063
747441
295810
97719
975739
69258
688938
419867
478675
907680
596461
517072
348204
114462
512168
558458
205701
874571
318469
590854
83742
803776
526860
523478
347988
695146
10794
188067
829338
956755
567942
249372
433532
144239
101230
863933
708728
838027
159804
728278
969846
572050
755394
768383
340673
14632
194770
315493
966741
49456
320108
825359
393306
890233
131794
648053
498863
763095
886209
729547
685010
1143
312026
698849
480384
792823
904097
684328
118203
28455
139565
161575
429618
180438
128893
662115
266976
885389
308608
484673
226449
983831
906630
417591
121020
497569
215498
465287
849710
905653
630561
361546
281547
169733
833314
896460
4074
494993
375133
463273
538643
704828
924267
117436
846333
862972
282304
34795
386847
537800
997902
397935
765775
197675
250639
348232
235445
77039
974053
163269
389446
182914
937396
162644
499701
40835
450844
237480
176856
326268
837471
678398
355980
332485
142698
67134
272207
28811
85111
628514
812123
688599
87016
595601
482460
379467
145966
808936
616171
755753
545232
759462
475790
642472
418665
856124
261477
771824
636325
508856
201766
833510
925280
945397
342023
543435
665845
703889
861311
755037
980118
386112
58562
189600
889565
579571
338524
704713
620953
11051
935551
234823
938241
484967
343796
656916
100764
162232
670659
784009
897554
13892
158209
717557
100135
630962
57710
656796
671540
709248
44200
404745
399749
149524
844786
560222
430121
955295
346818
996138
382814
471910
925985
121171
650606
73533
783410
361017
83110
102015
456833
52661
654957
402204
852231
744976
634676
961159
817080
38256
340724
842867
131603
32297
612734
299756
833490
97136
847799
474358
833302
398381
811601
965517
128161
816997
959391
181310
117191
518835
371982
57024
873769
483239
678214
598520
574492
122467
776493
572040
84962
169765
641677
869523
367708
70343
305100
790019
658035
249883
938697
442794
824300
524681
37909
47032
146204
373934
115657
263355
584988
313809
211974
230817
903739
452240
429568
478820
366934
265656
390253
557268
900
570940
296441
597153
83867
965849
869499
597805
523710
375842
584678
425658
929807
315398
451910
832964
118886
864883
583266
302481
723920
359613
319719
814462
207472
868310
151558
739517
186452
881443
740044
848208
843655
505682
75265
417384
328702
134198
380873
956696
676089
606866
32112
977107
972243
78325
247806
468466
627056
656428
325089
921362
703313
18357
386860
845061
976539
601026
711187
693913
922959
195163
778785
548150
715872
794161
663475
372222
444563
807902
594977
577209
88327
147888
225566
433845
171461
58905
448297
145294
993434
908723
324227
724717
520701
840167
28502
652889
503460
148700
345664
813085
976669
230806
237460
941743
598288
280935
646880
807186
106139
815127
799255
196699
175131
413115
749963
79897
101597
852194
707192
99186
683676
910397
908686
102966
806049
80834
153467
150449
424585
312802
40678
249526
785355
354703
178508
131651
386785
745014
104753
553838
299878
230526
969692
