185909
612036
62193
449920
35480
489150
125523
45475
940025
204963
223046
137751
916737
812304
550806
570358
581110
938166
779967
939815
582819
398035
625304
475524
659378
246943
960212
464684
313126
231466
160093
903957
631923
323237
823200
550203
346445
38604
617269
159017
45936
655536
323151
906573
448488
595211
131405
297044
142680
705798
257367
545669
159268
642918
310334
712350
890220
600889
378262
355268
168230
130467
99475
790266
977632
925033
376834
95211
947778
73010
208454
17129
287285
93344
611054
769988
580695
250428
998505
655027
892920
640718
825723
876594
191692
797379
849206
913568
888964
743318
575668
75513
485155
19955
718628
680603
925263
438693
47327
936784
142323
440892
531787
869751
511288
839290
584785
374910
939162
571558
597207
402410
933650
732488
514762
727267
261225
575838
270168
801911
800366
161503
895960
378704
6534
316541
867572
412936
388558
662905
444489
257477
84287
339959
835763
470672
623859
73039
35941
521933
814719
808298
97588
567303
894757
863238
514202
332495
40812
672213
165884
89514
239112
19135
140034
398726
887319
574297
769285
414037
483270
62155
819527
41620
689730
193540
251446
783685
569737
176296
880571
621081
456041
347377
335039
63240
581448
742070
702605
361026
66502
955867
462881
740737
492236
951424
445792
982346
390314
443977
897812
142744
531535
189019
875372
80637
603903
584225
124528
846128
200429
248332
414834
925213
183127
916266
458481
201248
754552
809933
862079
864742
311542
992816
179498
992478
779094
415124
151885
701308
660066
35911
72114
329314
374513
394314
739690
101027
324496
782695
16764
583541
795092
743671
717680
726946
909043
990403
47009
164172
871916
65181
183110
717770
570932
588087
486476
140824
213042
776937
927737
292727
57675
175392
656726
592224
900547
800049
268672
604827
158514
866637
691805
264821
187747
568172
499310
870908
764379
392342
845360
883316
901081
871188
642228
891403
590715
891154
784571
888575
479656
624221
728172
347392
917599
364968
59378
442788
360084
327391
603420
132921
246937
393394
438460
104821
150819
834542
785737
673051
599076
427569
749000
961766
119349
630561
934848
998436
449059
1480
675513
456627
845800
360774
151326
160676
775110
62465
963406
63071
52731
932884
295984
750913
61315
244188
8263
818988
634748
943840
525180
440911
466372
539881
942893
118794
303196
480460
380260
676056
902264
451471
894567
690817
902053
926157
774000
978581
964027
348526
872254
687741
82708
292097
864660
593613
231852
542160
343436
876242
738211
502315
132297
625084
291380
320767
314441
543395
298328
314135
717577
500564
527191
189274
448297
725198
624039
896140
211776
973938
267096
68748
287350
588785
37066
976098
276368
678491
684917
992431
332891
668629
845
825603
741179
803516
682116
210774
136600
257082
165095
521843
22968
324964
10671
844058
61119
597876
500353
490859
680257
889078
466066
839370
913695
221556
343923
489187
22632
320888
549425
575296
244142
480317
392250
562378
775832
699757
508939
465438
779557
582975
834544
552289
169544
878901
769239
815285
502216
61483
501073
332586
812481
233668
47227
23844
705313
831475
783336
572439
701189
100645
971672
803713
40905
506796
554433
778647
70711
412802
315966
617866
116347
314155
40767
674947
501906
982371
140257
968299
129315
282207
448043
104936
5444
158229
860166
697180
924600
127729
114186
460498
84303
572137
779511
932657
815256
702052
532122
647074
762121
983324
670846
365376
714346
999522
97144
289851
526374
877099
499612
671965
943883
848432
558090
945827
579397
185885
134802
302446
254312
217075
778977
457018
641049
567595
20189
789410
89879
119593
639027
920202
876063
32805
717612
474096
918508
674891
359052
768961
190572
3777
495823
175372
966786
957601
861403
591129
947335
231982
431706
445439
313530
560372
353961
716139
559291
338107
695623
926571
571344
870611
342855
564039
927174
151997
4261
330360
199798
275553
537386
56532
748876
523240
521055
499986
329759
108187
531021
230683
160207
104826
750183
241076
462243
377269
248938
282378
295703
921219
461819
804011
69476
851542
903440
702368
563332
820806
773943
449118
197524
418775
946792
181815
505637
292560
196305
332884
531191
925500
974161
798916
227340
897680
137107
995306
767141
723904
684027
694280
657888
14150
782145
409234
111878
791597
330606
484111
477092
413966
46124
315856
991723
498721
18791
207112
556294
54433
394706
653624
861205
394855
235884
941033
306988
307293
431659
722116
504568
919159
253461
950507
272154
499054
947988
895751
476228
582232
577413
365485
788085
272749
967204
714302
372955
682217
293095
458616
642164
890715
139251
475762
504889
237884
455015
184024
625906
726327
111298
726201
137596
788493
160609
539779
474393
145838
380280
821911
78397
275316
287864
140779
464216
316971
940777
854567
384010
740923
37481
579099
238065
650824
663124
288403
689012
747622
34718
304865
877258
628509
267319
48021
879844
208406
347839
694390
157750
260228
907828
866455
625100
787021
581235
839356
755786
640770
642944
427279
11587
503031
63687
845944
625775
82565
316459
950664
628787
900087
857643
797493
789916
362494
162318
713142
85202
672148
921411
203762
673385
488634
841952
948996
871940
989935
875315
811995
524998
538713
902668
722201
643708
979508
995980
75759
302513
670629
297096
294087
214689
375012
757668
542506
830754
586465
31386
443869
366733
513433
572789
288042
8072
327455
223586
162972
544351
979252
779834
919058
891756
746970
858791
733814
916871
658629
991176
74295
75802
17440
702855
348861
827005
136942
863917
987317
975165
492859
406925
693971
699859
523581
980121
700452
118599
339494
630751
241326
913108
182735
108342
86703
415239
530479
133782
592488
