953514
641320
442740
918533
532745
459377
808532
273617
487044
135954
560098
446550
235629
380065
484521
285740
630303
749379
438433
175880
13145
954255
775572
227885
974408
839106
299201
819526
878362
973948
4400
726645
579497
204558
143305
795110
667008
276241
155452
896100
786843
85152
926999
798716
993189
806287
814476
720339
941595
273619
626341
86508
763739
82494
963906
158253
899050
313598
768749
456084
272754
28709
246812
245904
891467
588530
649367
777283
109574
125368
809275
198455
166175
314016
23599
331860
152008
308102
713742
442661
8725
362368
717726
288512
298715
623810
981906
82814
139670
250405
922445
603816
696835
192389
855475
778933
969187
460279
294971
413121
541688
759274
503690
747261
544358
756393
554380
406126
420357
36072
132870
481865
817503
229985
864427
505586
989903
53532
277117
440457
236640
970586
745663
9442
124818
353742
755980
914027
215792
711731
447665
388192
648249
321496
838106
710793
933617
810741
570273
927484
59613
69065
831922
96442
861676
818821
221424
873335
74955
958763
129234
445533
8020
619464
310420
836883
782355
176458
681500
550479
342137
852732
876256
770904
121198
470779
881271
225434
979086
957495
20066
158009
414848
626137
998535
812386
190699
48784
815347
297777
961169
475724
527953
981796
545960
354051
75121
698984
831517
470714
957132
315149
915808
721874
907921
915705
602554
4024
890071
536892
936916
904182
891435
278928
697090
79895
44266
451549
914699
378920
818060
410265
540902
509398
970297
24546
832376
67308
531774
361983
111853
938911
37586
372507
996287
325339
748152
899762
278244
967210
955240
539877
758492
645115
190949
971964
689449
924185
25496
570782
69673
939475
425750
898508
482514
247879
836541
39291
1801
553061
448638
203955
194588
207570
474865
94191
395760
613152
403373
785120
193821
44773
594200
532979
920299
589266
237064
549305
23162
179553
410706
733506
92862
544948
292838
591808
294878
662585
314268
232959
254964
918438
347711
514260
777639
837867
533026
238502
685959
683431
805808
31028
154075
341010
378786
750212
498740
459835
256249
728497
424231
236602
706308
655879
648880
899068
796572
935897
36433
424035
666345
574260
216847
643853
19514
18809
192134
105596
6906
70544
558333
808587
448885
466682
890214
804115
372632
575868
472578
684028
205641
977491
625780
313242
232879
964015
751829
395084
310028
859450
591812
273947
527417
415922
202653
499669
539116
710572
306099
460959
69463
564034
439307
682176
270408
961040
413893
421258
418653
112972
443737
172283
817083
459395
668755
218585
706681
827672
469359
956221
850440
21627
786746
897565
255098
718389
693263
180867
444546
89298
431660
677837
261974
222719
859897
785299
97164
671509
767221
955195
524996
887188
77050
47838
878151
209844
437285
857589
669620
189986
513167
155568
962583
301709
981681
540067
11192
172169
191303
978789
267943
321043
469884
462306
352898
562267
296816
757995
122118
488287
342315
327482
496514
282594
39575
358047
425848
416057
308386
361440
242424
575712
593802
726538
59203
229645
305211
457607
148567
667119
432321
109565
621876
482515
17626
821056
387141
67214
740461
953621
550306
737347
248243
585444
292126
144533
258558
678925
34583
468034
541072
56149
125699
242700
833092
5674
562884
490597
675235
543281
440060
100848
975553
977149
905793
417327
538950
764167
664869
597967
996258
845793
51211
606174
156789
130387
54618
774038
112581
986393
180019
38059
826541
267769
346674
268208
585176
350836
162058
14961
911269
673753
813394
507994
946374
75636
441081
954616
482396
142240
284557
590634
350338
482329
924494
109863
943361
23327
853346
755273
860632
404485
919127
495719
993455
792686
739967
740004
294093
92778
882117
289540
578799
507774
106848
281014
964891
689657
314063
999802
708691
282253
831701
576347
700788
232900
744756
396956
287226
111756
703309
496286
609710
467896
53864
595379
37874
58751
21805
432714
424977
334427
172142
408387
791232
711215
115504
570046
953929
728161
612001
619599
551418
502763
524105
162204
159173
305623
637555
862384
504265
262741
588134
534868
255670
692921
862796
38578
494696
178103
511514
134581
643709
999833
560154
668051
842882
316032
634037
809217
160707
824781
323116
704985
198165
352428
47307
365790
549617
393002
902135
