948529
415593
388281
310440
942466
839326
813735
101182
958744
608885
784924
47931
608846
392753
51128
170661
44414
260098
596798
756546
865586
352889
22799
883296
14982
41070
302826
928115
639058
356071
367522
147724
478054
434576
325893
278557
896529
922710
78106
606042
140894
936275
457056
832187
258795
887301
324517
912251
228788
84750
240642
298350
388891
87769
136044
716158
420631
169928
108861
102101
50004
861390
110526
859309
665101
153839
367671
256849
347999
477480
468636
188676
477917
382879
377988
366105
828423
88273
723892
933544
311123
250423
83812
300102
964601
759218
658472
741313
758068
250475
938671
801145
797384
397876
469476
432052
2258
234273
528834
854080
652575
907635
600499
480969
344897
968813
626033
904894
995525
178062
61803
925561
609521
809811
758973
884483
821791
877727
34460
881979
583613
739448
578683
762951
983240
836250
699838
339081
219648
495858
360541
203035
4391
622228
303596
641342
579470
918623
45899
848833
349163
545084
995168
31766
173681
326033
783612
73687
888084
401343
8458
33905
568031
306433
46287
378588
262557
664453
991911
645019
350152
415800
726625
500116
965573
383575
678590
647923
656313
386280
207718
381489
334571
716109
320665
947964
952608
360160
376951
604978
751884
799173
746156
175825
621201
575611
412913
556585
350927
580969
521183
345541
749089
472162
373252
977178
71608
639594
575220
759929
563015
35281
688669
670339
998220
245135
184660
220521
79378
482132
605292
335539
348943
954947
58443
553388
100091
752782
967565
878234
235113
248945
549425
320284
626585
45280
621107
454237
739117
521647
110863
113133
40328
744512
940046
904642
522814
400490
9122
796011
242240
478171
339894
40781
437893
684567
443694
39464
264349
790293
433731
173431
271064
450894
746710
909759
117777
792502
995565
431044
309474
102411
625265
266669
204515
654359
617167
972786
294525
376773
438614
133489
908587
164251
345391
546162
758250
380357
635255
328761
74977
25364
858130
57078
998577
327975
639353
549966
357127
753621
334417
469750
110482
936813
886765
820585
244210
492912
202657
317163
928774
651098
730823
158130
417323
166071
91303
462774
209999
104912
825232
130791
430229
880453
447882
583304
430388
866990
959088
884689
167033
769881
734096
8972
699416
272475
59616
200945
83745
744672
600779
155097
204719
675984
47284
149166
685336
568237
810675
866839
447867
28776
951568
325299
551842
669526
192243
264218
153340
273960
822100
413508
414181
80242
353252
619861
427718
655729
176023
195448
15624
796472
930083
523142
383690
489588
313113
637807
973746
910788
710061
763490
543162
23961
283995
960152
698091
546357
310060
854755
292502
848036
790020
363651
322304
551703
946119
95515
337180
217701
179970
773853
311909
160243
509382
888430
813963
884083
181464
95984
103091
459808
935798
511516
84235
535333
62279
919571
942046
870348
136639
478551
983293
607471
396013
260862
968545
368314
324578
747359
926720
197590
679304
164625
710545
260187
237335
502218
588209
494222
296601
950448
322725
917452
47521
739027
835442
416449
340756
9469
940427
483209
213520
374235
707743
28812
361917
995789
643492
684179
477566
646527
154395
315412
294537
958749
83807
266353
576146
293349
455743
273023
911095
189730
262692
769110
964615
865753
119781
363010
385058
959940
21820
294828
649420
152539
68061
128033
965063
89821
85848
69175
995470
80033
146234
663186
825862
569372
896426
218882
844956
34853
547491
774552
28932
346796
341725
306929
459947
108123
366169
884242
621120
494946
310193
342983
50208
446745
15276
551584
270616
350297
718255
806400
263159
148655
63202
205349
2779
306585
472809
218141
893305
258063
879027
714251
98801
640757
503391
223320
443425
916990
129126
435848
679335
284560
729721
464580
861404
820799
315054
746988
71621
846794
239849
944740
404444
77602
736326
71430
327184
402738
949574
797859
579807
746614
598338
747959
771765
165028
442334
211892
545447
365795
242607
174614
265053
523128
253591
31342
137676
233717
198513
528042
860266
31336
334113
445142
665297
480025
100096
819759
55819
472736
444540
106125
104435
357917
685194
632734
395518
89921
3972
771721
122939
241910
596152
858950
511807
114157
749513
488041
744263
201129
112438
828660
100889
306272
107419
477707
337517
29783
385424
940815
706070
467205
510528
365104
292647
29650
875100
553413
863732
526361
239985
72803
937407
33528
980907
334724
216073
673079
703710
979733
586847
495933
497654
609473
94675
912212
350334
80170
126450
23238
198394
247934
369959
447382
214581
771293
190467
362932
679040
78447
445015
324186
164855
408510
596906
53543
109553
397570
618926
141522
827337
603146
984145
732658
876711
470290
726337
393289
893350
476714
331547
739212
40113
338848
406722
291517
523789
118271
51902
402828
799464
999429
786197
308013
618201
191488
316899
196569
322197
290641
330957
993847
896344
422972
378
447647
505996
838866
974856
202886
9780
158639
156200
761925
89016
664498
818048
490713
557672
340066
823053
782873
726607
248988
213927
341286
240451
710394
506737
926401
89038
411897
71221
582590
558743
755797
70750
607910
323209
663178
970611
787263
761119
427212
936438
402809
508075
44406
971551
692192
12186
828837
15607
706533
456064
104925
185882
411975
431610
722129
456641
726493
599998
690158
176463
329134
409178
664781
174992
45595
601924
479776
427736
731211
68250
245317
131689
106362
758001
570273
680570
605336
184871
873170
363444
488359
887629
284884
280278
389033
140232
49999
541743
805134
627813
521374
818182
882708
653066
609209
156382
31547
350622
105992
813505
752414
13501
806506
464709
427584
252394
814262
483222
42651
976597
457183
839526
37361
555467
874799
647807
680193
107259
815303
546233
317733
134331
705892
298710
18823
546684
777422
602155
785932
598279
657911
524959
202477
959782
349484
648830
347679
640897
541526
418412
190293
797421
854553
667162
366851
818694
84500
893938
958660
121711
231039
956488
260446
193684
921065
457561
455398
873183
448661
776781
151813
442145
718564
446783
861664
590691
980898
536687
151491
671203
290324
984980
105110
788209
742670
470304
639622
78934
970689
730949
614133
297576
999069
706056
765794
195960
337887
422054
489877
173038
586956
190650
390378
527811
552502
357069
481447
206226
323851
415231
971715
805728
630968
